/home/amit3/DATA/FS_DIR/subjects/0FS741/ICBM2009cNolinAsym/mri
/home/amit3/0Software/FreeSurf/FS741/usr/local/freesurfer/7.4.1/bin/talairach_avi
--i orig_nu.mgz --xfm transforms/talairach.auto.xfm
talairach_avi 7.4.1
Linux dell7770 6.8.0-51-generic #52-Ubuntu SMP PREEMPT_DYNAMIC Thu Dec  5 13:09:44 UTC 2024 x86_64 x86_64 x86_64 GNU/Linux
Wed Jan  8 17:36:26 EET 2025
mri_convert orig_nu.mgz talsrcimg.img 
reading from orig_nu.mgz...
TR=0.00, TE=0.00, TI=0.00, flip angle=0.00
i_ras = (-1, 0, 0)
j_ras = (0, 0, -1)
k_ras = (0, 1, 0)
writing to talsrcimg.img...
Analyze Output Matrix
-1.00000   0.00000   0.00000   129.50000;
 0.00000   0.00000   1.00000  -146.50000;
 0.00000  -1.00000   0.00000   147.50000;
 0.00000   0.00000   0.00000   1.00000;
--------------------
INFO: set hdr.hist.orient to -1
mpr2mni305 talsrcimg
Wed Jan  8 17:36:27 EET 2025
/home/amit3/0Software/FreeSurf/FS741/usr/local/freesurfer/7.4.1/bin/mpr2mni305 talsrcimg
mpr2mni305 7.4.1
target=711-2C_as_mni_average_305

---------------------------------------------------------------------
analyzeto4dfp talsrcimg -O0 -y
---------------------------------------------------------------------

freesurfer ifh2hdr.c
Wed Jan  8 17:36:27 2025
Writing: talsrcimg.4dfp.hdr
freesurfer analyzeto4dfp.c
Reading: talsrcimg.hdr
header size 348 bytes
hdr.dime.datatype	offset=70	value=2
hdr.dime.bitpix		offset=72	value=8
hdr.hist.orient		offset=252	value=-1
dimensionality     4
dimensions       256       256       256         1
Reading: talsrcimg.img
Writing: talsrcimg.4dfp.img
Writing: talsrcimg.4dfp.ifh
ifh2hdr talsrcimg -r0to255
ori=2

---------------------------------------------------------------------
gauss_4dfp talsrcimg 1.1
---------------------------------------------------------------------

freesurfer gauss_4dfp.c
Reading: talsrcimg.4dfp.img
Writing: talsrcimg_g11.4dfp.img
image dimensions 256 256 256 padded to 288 288 288
processing volume 1freesurfer ifh2hdr.c
Wed Jan  8 17:36:32 2025
Writing: talsrcimg_g11.4dfp.hdr

Writing: talsrcimg_g11.4dfp.ifh
including: talsrcimg.4dfp.img.rec in talsrcimg_g11.4dfp.img.rec

---------------------------------------------------------------------
imgreg_4dfp /home/amit3/0Software/FreeSurf/FS741/usr/local/freesurfer/7.4.1/average/711-2C_as_mni_average_305 none talsrcimg_g11 none talsrcimg_to_711-2C_as_mni_average_305_t4 4355
---------------------------------------------------------------------

freesurfer imgreg_4dfp.c
/home/amit3/0Software/FreeSurf/FS741/usr/local/freesurfer/7.4.1/average/711-2C_as_mni_average_305.4dfp.img
       256       256       256         1
  1.000000  1.000000  1.000000
orientation T byte_order littleendian
Reading image: /home/amit3/0Software/FreeSurf/FS741/usr/local/freesurfer/7.4.1/average/711-2C_as_mni_average_305.4dfp.img
dimensions:      256       256       256
mmppix:       1.0000   -1.0000   -1.0000
center:     128.0000 -129.0000 -129.0000
talsrcimg_g11.4dfp.img
       256       256       256         1
  1.000000  1.000000  1.000000
orientation T byte_order littleendian
Reading image: talsrcimg_g11.4dfp.img
dimensions:      256       256       256
mmppix:       1.0000   -1.0000   -1.0000
center:     128.0000 -129.0000 -129.0000
t4_read: open error in t4_sub.f l:  41 t4_file(1:l)talsrcimg_to_711-2C_as_mni_average_305_t4 
t4_read: transform initialized to I4
rotation matrix determinant  1.000000
image alignment mode   4355 decimal     1103 hex
   -7.5000  -45.0000  -45.0000 8904.3916    5.2361
    0.0000  -45.0000  -45.0000 9278.3574    5.2486
    7.5000  -45.0000  -45.0000 8870.4092    5.2450
   -7.5000  -37.5000  -45.0000 9303.4834    5.1966
    0.0000  -37.5000  -45.0000 9695.8359    5.2085
    7.5000  -37.5000  -45.0000 9258.0352    5.2047
   -7.5000  -30.0000  -45.000010089.8711    5.1567
    0.0000  -30.0000  -45.000010497.9805    5.1691
    7.5000  -30.0000  -45.000010037.7773    5.1656
   -7.5000  -22.5000  -45.000010929.0508    5.1315
    0.0000  -22.5000  -45.000011363.4727    5.1449
    7.5000  -22.5000  -45.000010876.0146    5.1419
   -7.5000  -15.0000  -45.000011547.5332    5.1390
    0.0000  -15.0000  -45.000011994.6035    5.1529
    7.5000  -15.0000  -45.000011469.3086    5.1501
   -7.5000   -7.5000  -45.000011884.0967    5.1801
    0.0000   -7.5000  -45.000012341.1396    5.1936
    7.5000   -7.5000  -45.000011797.1777    5.1905
   -7.5000    0.0000  -45.000011964.5127    5.2077
    0.0000    0.0000  -45.000012415.6133    5.2202
    7.5000    0.0000  -45.000011882.0859    5.2166
   -7.5000    7.5000  -45.000011174.0088    5.1917
    0.0000    7.5000  -45.000011615.9766    5.2037
    7.5000    7.5000  -45.000011106.5723    5.1999
   -7.5000   15.0000  -45.000010390.6816    5.1567
    0.0000   15.0000  -45.000010805.4570    5.1691
    7.5000   15.0000  -45.000010320.5400    5.1656
   -7.5000   22.5000  -45.0000 9630.6670    5.1308
    0.0000   22.5000  -45.000010015.2920    5.1442
    7.5000   22.5000  -45.0000 9546.2051    5.1412
   -7.5000   30.0000  -45.0000 8883.2627    5.0705
    0.0000   30.0000  -45.0000 9245.4756    5.0842
    7.5000   30.0000  -45.0000 8789.8691    5.0815
   -7.5000   37.5000  -45.0000 8463.3594    5.2145
    0.0000   37.5000  -45.0000 8805.2354    5.2284
    7.5000   37.5000  -45.0000 8375.1826    5.2252
   -7.5000   45.0000  -45.0000 7791.9448    5.3125
    0.0000   45.0000  -45.0000 8103.0342    5.3261
    7.5000   45.0000  -45.0000 7702.1011    5.3223
   -7.5000  -45.0000  -37.5000 9575.6445    5.1512
    0.0000  -45.0000  -37.5000 9971.6992    5.1635
    7.5000  -45.0000  -37.5000 9526.0352    5.1599
   -7.5000  -37.5000  -37.5000 9984.8916    5.1116
    0.0000  -37.5000  -37.500010396.8779    5.1235
    7.5000  -37.5000  -37.5000 9928.0684    5.1197
   -7.5000  -30.0000  -37.500010814.6592    5.0716
    0.0000  -30.0000  -37.500011245.7236    5.0839
    7.5000  -30.0000  -37.500010753.2588    5.0804
   -7.5000  -22.5000  -37.500011684.7500    5.0465
    0.0000  -22.5000  -37.500012146.4883    5.0595
    7.5000  -22.5000  -37.500011620.5166    5.0565
   -7.5000  -15.0000  -37.500012314.3340    5.0543
    0.0000  -15.0000  -37.500012792.2979    5.0676
    7.5000  -15.0000  -37.500012226.1533    5.0649
   -7.5000   -7.5000  -37.500012673.4932    5.0956
    0.0000   -7.5000  -37.500013165.3232    5.1085
    7.5000   -7.5000  -37.500012584.1094    5.1055
   -7.5000    0.0000  -37.500012768.0127    5.1230
    0.0000    0.0000  -37.500013265.8535    5.1352
    7.5000    0.0000  -37.500012696.5459    5.1317
   -7.5000    7.5000  -37.500011898.8369    5.1068
    0.0000    7.5000  -37.500012355.2520    5.1187
    7.5000    7.5000  -37.500011838.3516    5.1149
   -7.5000   15.0000  -37.500011050.1709    5.0716
    0.0000   15.0000  -37.500011459.2031    5.0839
    7.5000   15.0000  -37.500010979.4648    5.0804
   -7.5000   22.5000  -37.500010227.4219    5.0458
    0.0000   22.5000  -37.500010599.7461    5.0588
    7.5000   22.5000  -37.500010145.9316    5.0559
   -7.5000   30.0000  -37.5000 9412.3135    4.9869
    0.0000   30.0000  -37.5000 9761.4131    5.0000
    7.5000   30.0000  -37.5000 9329.4600    4.9974
   -7.5000   37.5000  -37.5000 8945.5234    5.1301
    0.0000   37.5000  -37.5000 9271.6836    5.1434
    7.5000   37.5000  -37.5000 8850.9824    5.1403
   -7.5000   45.0000  -37.5000 8217.8359    5.2278
    0.0000   45.0000  -37.5000 8521.3516    5.2412
    7.5000   45.0000  -37.5000 8124.8296    5.2374
   -7.5000  -45.0000  -30.000010433.1855    5.2992
    0.0000  -45.0000  -30.000010859.0518    5.3113
    7.5000  -45.0000  -30.000010377.9385    5.3077
   -7.5000  -37.5000  -30.000010888.3076    5.2580
    0.0000  -37.5000  -30.000011329.0244    5.2702
    7.5000  -37.5000  -30.000010819.6523    5.2663
   -7.5000  -30.0000  -30.000011789.7539    5.2165
    0.0000  -30.0000  -30.000012251.8662    5.2291
    7.5000  -30.0000  -30.000011719.3643    5.2254
   -7.5000  -22.5000  -30.000012703.2773    5.1906
    0.0000  -22.5000  -30.000013204.5684    5.2033
    7.5000  -22.5000  -30.000012639.0928    5.2001
   -7.5000  -15.0000  -30.000013345.7549    5.1986
    0.0000  -15.0000  -30.000013860.3154    5.2112
    7.5000  -15.0000  -30.000013260.6650    5.2083
   -7.5000   -7.5000  -30.000013739.5742    5.2414
    0.0000   -7.5000  -30.000014258.7070    5.2538
    7.5000   -7.5000  -30.000013648.8369    5.2506
   -7.5000    0.0000  -30.000013845.3887    5.2699
    0.0000    0.0000  -30.000014354.0088    5.2819
    7.5000    0.0000  -30.000013761.4990    5.2783
   -7.5000    7.5000  -30.000012873.6309    5.2530
    0.0000    7.5000  -30.000013329.0273    5.2652
    7.5000    7.5000  -30.000012799.8115    5.2613
   -7.5000   15.0000  -30.000011941.3408    5.2165
    0.0000   15.0000  -30.000012350.8193    5.2291
    7.5000   15.0000  -30.000011867.1914    5.2254
   -7.5000   22.5000  -30.000011038.5615    5.1893
    0.0000   22.5000  -30.000011417.7588    5.2021
    7.5000   22.5000  -30.000010962.1328    5.1989
   -7.5000   30.0000  -30.000010143.7695    5.1298
    0.0000   30.0000  -30.000010490.2949    5.1423
    7.5000   30.0000  -30.000010050.4277    5.1394
   -7.5000   37.5000  -30.0000 9605.2432    5.2776
    0.0000   37.5000  -30.0000 9936.3037    5.2903
    7.5000   37.5000  -30.0000 9503.2529    5.2871
   -7.5000   45.0000  -30.0000 8784.1406    5.3822
    0.0000   45.0000  -30.0000 9100.4561    5.3956
    7.5000   45.0000  -30.0000 8693.2754    5.3917
   -7.5000  -45.0000  -22.500011326.1914    5.4311
    0.0000  -45.0000  -22.500011777.7871    5.4430
    7.5000  -45.0000  -22.500011264.4443    5.4393
   -7.5000  -37.5000  -22.500011824.3076    5.3889
    0.0000  -37.5000  -22.500012293.2539    5.4010
    7.5000  -37.5000  -22.500011747.0225    5.3972
   -7.5000  -30.0000  -22.500012796.9834    5.3465
    0.0000  -30.0000  -22.500013303.8828    5.3590
    7.5000  -30.0000  -22.500012723.6377    5.3552
   -7.5000  -22.5000  -22.500013780.1426    5.3195
    0.0000  -22.5000  -22.500014320.0420    5.3320
    7.5000  -22.5000  -22.500013706.9268    5.3285
   -7.5000  -15.0000  -22.500014449.0186    5.3274
    0.0000  -15.0000  -22.500014982.8506    5.3396
    7.5000  -15.0000  -22.500014363.8682    5.3362
   -7.5000   -7.5000  -22.500014857.4766    5.3712
    0.0000   -7.5000  -22.500015393.0889    5.3831
    7.5000   -7.5000  -22.500014779.1348    5.3797
   -7.5000    0.0000  -22.500014950.5303    5.4006
    0.0000    0.0000  -22.500015487.5234    5.4124
    7.5000    0.0000  -22.500014882.3604    5.4088
   -7.5000    7.5000  -22.500013863.9775    5.3837
    0.0000    7.5000  -22.500014334.4229    5.3958
    7.5000    7.5000  -22.500013804.4512    5.3920
   -7.5000   15.0000  -22.500012833.7422    5.3465
    0.0000   15.0000  -22.500013258.8232    5.3590
    7.5000   15.0000  -22.500012787.0684    5.3552
   -7.5000   22.5000  -22.500011845.9980    5.3179
    0.0000   22.5000  -22.500012236.8584    5.3304
    7.5000   22.5000  -22.500011785.3936    5.3268
   -7.5000   30.0000  -22.500010857.5225    5.2577
    0.0000   30.0000  -22.500011215.2812    5.2697
    7.5000   30.0000  -22.500010775.9766    5.2664
   -7.5000   37.5000  -22.500010261.9775    5.4093
    0.0000   37.5000  -22.500010608.0391    5.4216
    7.5000   37.5000  -22.500010167.2412    5.4181
   -7.5000   45.0000  -22.5000 9365.0498    5.5203
    0.0000   45.0000  -22.5000 9689.6660    5.5336
    7.5000   45.0000  -22.5000 9284.4443    5.5296
   -7.5000  -45.0000  -15.000012267.9961    5.5328
    0.0000  -45.0000  -15.000012763.3574    5.5448
    7.5000  -45.0000  -15.000012203.1719    5.5411
   -7.5000  -37.5000  -15.000012807.7109    5.4898
    0.0000  -37.5000  -15.000013328.8906    5.5019
    7.5000  -37.5000  -15.000012730.2070    5.4981
   -7.5000  -30.0000  -15.000013885.4482    5.4467
    0.0000  -30.0000  -15.000014450.8564    5.4591
    7.5000  -30.0000  -15.000013787.6953    5.4553
   -7.5000  -22.5000  -15.000014951.4814    5.4190
    0.0000  -22.5000  -15.000015539.0771    5.4317
    7.5000  -22.5000  -15.000014844.5400    5.4279
   -7.5000  -15.0000  -15.000015630.2588    5.4267
    0.0000  -15.0000  -15.000016214.6484    5.4392
    7.5000  -15.0000  -15.000015539.6914    5.4356
   -7.5000   -7.5000  -15.000016033.2744    5.4712
    0.0000   -7.5000  -15.000016627.2969    5.4834
    7.5000   -7.5000  -15.000015955.1357    5.4797
   -7.5000    0.0000  -15.000016114.8369    5.5013
    0.0000    0.0000  -15.000016691.0723    5.5132
    7.5000    0.0000  -15.000016043.2910    5.5095
   -7.5000    7.5000  -15.000014922.7988    5.4845
    0.0000    7.5000  -15.000015425.7900    5.4965
    7.5000    7.5000  -15.000014872.9121    5.4927
   -7.5000   15.0000  -15.000013776.2119    5.4467
    0.0000   15.0000  -15.000014231.4785    5.4591
    7.5000   15.0000  -15.000013739.5068    5.4553
   -7.5000   22.5000  -15.000012672.8711    5.4171
    0.0000   22.5000  -15.000013068.5537    5.4297
    7.5000   22.5000  -15.000012618.2725    5.4260
   -7.5000   30.0000  -15.000011594.3818    5.3565
    0.0000   30.0000  -15.000011948.6133    5.3688
    7.5000   30.0000  -15.000011518.3584    5.3652
   -7.5000   37.5000  -15.000010951.5273    5.5110
    0.0000   37.5000  -15.000011287.1709    5.5237
    7.5000   37.5000  -15.000010854.7764    5.5199
   -7.5000   45.0000  -15.0000 9989.2754    5.6273
    0.0000   45.0000  -15.000010309.1328    5.6407
    7.5000   45.0000  -15.0000 9905.7676    5.6367
   -7.5000  -45.0000   -7.500013303.5996    5.6066
    0.0000  -45.0000   -7.500013862.6084    5.6191
    7.5000  -45.0000   -7.500013210.3945    5.6153
   -7.5000  -37.5000   -7.500013885.3721    5.5631
    0.0000  -37.5000   -7.500014481.3809    5.5752
    7.5000  -37.5000   -7.500013772.2998    5.5713
   -7.5000  -30.0000   -7.500015061.9561    5.5195
    0.0000  -30.0000   -7.500015711.4209    5.5320
    7.5000  -30.0000   -7.500014917.5127    5.5283
   -7.5000  -22.5000   -7.500016221.1982    5.4916
    0.0000  -22.5000   -7.500016895.4863    5.5049
    7.5000  -22.5000   -7.500016077.6914    5.5014
   -7.5000  -15.0000   -7.500016929.3906    5.4995
    0.0000  -15.0000   -7.500017609.3535    5.5130
    7.5000  -15.0000   -7.500016804.9023    5.5096
   -7.5000   -7.5000   -7.500017334.9082    5.5444
    0.0000   -7.5000   -7.500018035.1152    5.5575
    7.5000   -7.5000   -7.500017210.0605    5.5540
   -7.5000    0.0000   -7.500017365.3613    5.5747
    0.0000    0.0000   -7.500018036.0527    5.5871
    7.5000    0.0000   -7.500017265.7480    5.5834
   -7.5000    7.5000   -7.500016059.5410    5.5577
    0.0000    7.5000   -7.500016650.0938    5.5697
    7.5000    7.5000   -7.500016002.4385    5.5659
   -7.5000   15.0000   -7.500014800.8018    5.5195
    0.0000   15.0000   -7.500015304.4941    5.5320
    7.5000   15.0000   -7.500014763.8643    5.5283
   -7.5000   22.5000   -7.500013578.8096    5.4891
    0.0000   22.5000   -7.500013996.2803    5.5023
    7.5000   22.5000   -7.500013519.6182    5.4989
   -7.5000   30.0000   -7.500012394.2822    5.4281
    0.0000   30.0000   -7.500012746.8955    5.4415
    7.5000   30.0000   -7.500012305.2119    5.4382
   -7.5000   37.5000   -7.500011695.8281    5.5845
    0.0000   37.5000   -7.500012041.5420    5.5981
    7.5000   37.5000   -7.500011596.7422    5.5945
   -7.5000   45.0000   -7.500010678.9355    5.7033
    0.0000   45.0000   -7.500011016.8516    5.7172
    7.5000   45.0000   -7.500010595.0986    5.7132
   -7.5000  -45.0000    0.000014302.6104    5.6245
    0.0000  -45.0000    0.000014941.5088    5.6374
    7.5000  -45.0000    0.000014161.9492    5.6336
   -7.5000  -37.5000    0.000014924.9258    5.5804
    0.0000  -37.5000    0.000015606.7012    5.5928
    7.5000  -37.5000    0.000014763.1514    5.5888
   -7.5000  -30.0000    0.000016189.1748    5.5365
    0.0000  -30.0000    0.000016941.0059    5.5493
    7.5000  -30.0000    0.000016007.1465    5.5456
   -7.5000  -22.5000    0.000017478.4961    5.5088
    0.0000  -22.5000    0.000018261.9531    5.5226
    7.5000  -22.5000    0.000017284.3965    5.5194
   -7.5000  -15.0000    0.000018254.3867    5.5170
    0.0000  -15.0000    0.000019095.3965    5.5313
    7.5000  -15.0000    0.000018054.6367    5.5283
   -7.5000   -7.5000    0.000018625.7988    5.5621
    0.0000   -7.5000    0.000019475.7500    5.5760
    7.5000   -7.5000    0.000018409.6465    5.5728
   -7.5000    0.0000    0.000018598.2656    5.5924
    0.0000    0.0000    0.000019383.9863    5.6053
    7.5000    0.0000    0.000018426.5938    5.6015
   -7.5000    7.5000    0.000017195.2754    5.5750
    0.0000    7.5000    0.000017892.1758    5.5873
    7.5000    7.5000    0.000017081.4160    5.5833
   -7.5000   15.0000    0.000015828.6768    5.5365
    0.0000   15.0000    0.000016419.7031    5.5493
    7.5000   15.0000    0.000015721.6582    5.5456
   -7.5000   22.5000    0.000014495.0215    5.5062
    0.0000   22.5000    0.000014994.5107    5.5200
    7.5000   22.5000    0.000014380.2705    5.5169
   -7.5000   30.0000    0.000013196.1865    5.4456
    0.0000   30.0000    0.000013600.4668    5.4597
    7.5000   30.0000    0.000013077.4434    5.4568
   -7.5000   37.5000    0.000012420.8672    5.6026
    0.0000   37.5000    0.000012806.8018    5.6170
    7.5000   37.5000    0.000012303.1240    5.6136
   -7.5000   45.0000    0.000011341.3027    5.7221
    0.0000   45.0000    0.000011716.5508    5.7364
    7.5000   45.0000    0.000011243.2871    5.7323
   -7.5000  -45.0000    7.500014154.0488    5.6207
    0.0000  -45.0000    7.500014843.2773    5.6338
    7.5000  -45.0000    7.500013993.3613    5.6299
   -7.5000  -37.5000    7.500014800.3506    5.5762
    0.0000  -37.5000    7.500015554.5664    5.5889
    7.5000  -37.5000    7.500014618.2061    5.5848
   -7.5000  -30.0000    7.500016084.1465    5.5320
    0.0000  -30.0000    7.500016902.4473    5.5451
    7.5000  -30.0000    7.500015860.6436    5.5414
   -7.5000  -22.5000    7.500017471.8828    5.5044
    0.0000  -22.5000    7.500018378.5059    5.5182
    7.5000  -22.5000    7.500017194.6777    5.5150
   -7.5000  -15.0000    7.500018281.9785    5.5129
    0.0000  -15.0000    7.500019359.1465    5.5271
    7.5000  -15.0000    7.500017955.2363    5.5242
   -7.5000   -7.5000    7.500018527.8848    5.5584
    0.0000   -7.5000    7.500019568.2148    5.5722
    7.5000   -7.5000    7.500018210.7188    5.5690
   -7.5000    0.0000    7.500018398.4980    5.5887
    0.0000    0.0000    7.500019298.8184    5.6017
    7.5000    0.0000    7.500018137.1621    5.5978
   -7.5000    7.5000    7.500016994.2988    5.5708
    0.0000    7.5000    7.500017757.8984    5.5835
    7.5000    7.5000    7.500016783.5898    5.5794
   -7.5000   15.0000    7.500015601.4580    5.5320
    0.0000   15.0000    7.500016256.6152    5.5451
    7.5000   15.0000    7.500015427.7188    5.5414
   -7.5000   22.5000    7.500014249.8330    5.5019
    0.0000   22.5000    7.500014825.4287    5.5157
    7.5000   22.5000    7.500014111.6904    5.5125
   -7.5000   30.0000    7.500012959.8525    5.4416
    0.0000   30.0000    7.500013432.1318    5.4555
    7.5000   30.0000    7.500012825.8828    5.4527
   -7.5000   37.5000    7.500012187.2812    5.5990
    0.0000   37.5000    7.500012615.6348    5.6132
    7.5000   37.5000    7.500012060.2314    5.6099
   -7.5000   45.0000    7.500011133.4131    5.7185
    0.0000   45.0000    7.500011518.4551    5.7330
    7.5000   45.0000    7.500011014.9834    5.7288
   -7.5000  -45.0000   15.000013856.4023    5.6111
    0.0000  -45.0000   15.000014556.6064    5.6238
    7.5000  -45.0000   15.000013689.2422    5.6200
   -7.5000  -37.5000   15.000014495.4580    5.5666
    0.0000  -37.5000   15.000015264.4082    5.5794
    7.5000  -37.5000   15.000014288.8135    5.5753
   -7.5000  -30.0000   15.000015774.8623    5.5222
    0.0000  -30.0000   15.000016624.3320    5.5354
    7.5000  -30.0000   15.000015501.7568    5.5316
   -7.5000  -22.5000   15.000017254.0488    5.4945
    0.0000  -22.5000   15.000018371.9316    5.5079
    7.5000  -22.5000   15.000016847.3281    5.5045
   -7.5000  -15.0000   15.000018074.2305    5.5030
    0.0000  -15.0000   15.000019432.7246    5.5163
    7.5000  -15.0000   15.000017593.0801    5.5133
   -7.5000   -7.5000   15.000018143.7617    5.5487
    0.0000   -7.5000   15.000019346.2871    5.5617
    7.5000   -7.5000   15.000017752.4512    5.5584
   -7.5000    0.0000   15.000017896.6367    5.5791
    0.0000    0.0000   15.000018886.6543    5.5918
    7.5000    0.0000   15.000017599.7715    5.5880
   -7.5000    7.5000   15.000016486.5078    5.5611
    0.0000    7.5000   15.000017306.1211    5.5739
    7.5000    7.5000   15.000016274.2402    5.5699
   -7.5000   15.0000   15.000015123.5137    5.5222
    0.0000   15.0000   15.000015835.1299    5.5354
    7.5000   15.0000   15.000014975.2842    5.5316
   -7.5000   22.5000   15.000013851.7754    5.4920
    0.0000   22.5000   15.000014443.8828    5.5054
    7.5000   22.5000   15.000013719.5293    5.5020
   -7.5000   30.0000   15.000012613.8154    5.4318
    0.0000   30.0000   15.000013095.7080    5.4449
    7.5000   30.0000   15.000012485.8457    5.4419
   -7.5000   37.5000   15.000011844.3984    5.5893
    0.0000   37.5000   15.000012283.5928    5.6027
    7.5000   37.5000   15.000011714.8789    5.5993
   -7.5000   45.0000   15.000010790.5781    5.7089
    0.0000   45.0000   15.000011194.2402    5.7230
    7.5000   45.0000   15.000010679.8271    5.7189
   -7.5000  -45.0000   22.500013365.3516    5.6190
    0.0000  -45.0000   22.500014054.4082    5.6313
    7.5000  -45.0000   22.500013196.6934    5.6275
   -7.5000  -37.5000   22.500014016.6816    5.5749
    0.0000  -37.5000   22.500014746.8037    5.5874
    7.5000  -37.5000   22.500013807.6855    5.5835
   -7.5000  -30.0000   22.500015274.9795    5.5308
    0.0000  -30.0000   22.500016098.8105    5.5437
    7.5000  -30.0000   22.500014999.2871    5.5398
   -7.5000  -22.5000   22.500016623.3906    5.5029
    0.0000  -22.5000   22.500017694.6738    5.5158
    7.5000  -22.5000   22.500016270.7695    5.5121
   -7.5000  -15.0000   22.500017214.6680    5.5110
    0.0000  -15.0000   22.500018386.3066    5.5236
    7.5000  -15.0000   22.500016859.7500    5.5201
   -7.5000   -7.5000   22.500017305.9395    5.5564
    0.0000   -7.5000   22.500018337.2969    5.5688
    7.5000   -7.5000   22.500017032.1875    5.5652
   -7.5000    0.0000   22.500017174.5547    5.5869
    0.0000    0.0000   22.500018074.2012    5.5992
    7.5000    0.0000   22.500016961.8809    5.5954
   -7.5000    7.5000   22.500015856.1533    5.5694
    0.0000    7.5000   22.500016654.6055    5.5820
    7.5000    7.5000   22.500015684.5508    5.5780
   -7.5000   15.0000   22.500014543.7988    5.5308
    0.0000   15.0000   22.500015257.5791    5.5437
    7.5000   15.0000   22.500014406.1387    5.5398
   -7.5000   22.5000   22.500013305.2959    5.5003
    0.0000   22.5000   22.500013904.4092    5.5133
    7.5000   22.5000   22.500013170.7871    5.5096
   -7.5000   30.0000   22.500012082.8330    5.4397
    0.0000   30.0000   22.500012587.2910    5.4521
    7.5000   30.0000   22.500011954.8936    5.4486
   -7.5000   37.5000   22.500011338.7881    5.5967
    0.0000   37.5000   22.500011790.4590    5.6094
    7.5000   37.5000   22.500011203.2588    5.6058
   -7.5000   45.0000   22.500010306.7500    5.7156
    0.0000   45.0000   22.500010706.3467    5.7294
    7.5000   45.0000   22.500010211.0732    5.7253
   -7.5000  -45.0000   30.000012610.8428    5.6449
    0.0000  -45.0000   30.000013184.5986    5.6571
    7.5000  -45.0000   30.000012484.3398    5.6533
   -7.5000  -37.5000   30.000013200.8506    5.6011
    0.0000  -37.5000   30.000013811.0596    5.6133
    7.5000  -37.5000   30.000013054.5205    5.6095
   -7.5000  -30.0000   30.000014365.4072    5.5573
    0.0000  -30.0000   30.000015071.1484    5.5700
    7.5000  -30.0000   30.000014188.7861    5.5661
   -7.5000  -22.5000   30.000015539.3789    5.5292
    0.0000  -22.5000   30.000016386.1875    5.5421
    7.5000  -22.5000   30.000015330.7422    5.5383
   -7.5000  -15.0000   30.000016036.3555    5.5370
    0.0000  -15.0000   30.000016896.6367    5.5498
    7.5000  -15.0000   30.000015826.2061    5.5460
   -7.5000   -7.5000   30.000016209.6553    5.5821
    0.0000   -7.5000   30.000017001.0332    5.5946
    7.5000   -7.5000   30.000016021.3008    5.5908
   -7.5000    0.0000   30.000016207.3730    5.6127
    0.0000    0.0000   30.000016953.2734    5.6248
    7.5000    0.0000   30.000016037.7070    5.6211
   -7.5000    7.5000   30.000015035.3896    5.5956
    0.0000    7.5000   30.000015729.8789    5.6079
    7.5000    7.5000   30.000014884.4922    5.6040
   -7.5000   15.0000   30.000013821.8604    5.5573
    0.0000   15.0000   30.000014447.2920    5.5700
    7.5000   15.0000   30.000013693.3682    5.5661
   -7.5000   22.5000   30.000012635.8340    5.5267
    0.0000   22.5000   30.000013181.1572    5.5396
    7.5000   22.5000   30.000012505.2354    5.5357
   -7.5000   30.0000   30.000011454.8760    5.4653
    0.0000   30.0000   30.000011930.3008    5.4779
    7.5000   30.0000   30.000011321.4307    5.4742
   -7.5000   37.5000   30.000010717.1338    5.6221
    0.0000   37.5000   30.000011154.2891    5.6351
    7.5000   37.5000   30.000010582.1904    5.6312
   -7.5000   45.0000   30.0000 9703.6816    5.7408
    0.0000   45.0000   30.000010093.2188    5.7545
    7.5000   45.0000   30.0000 9594.2695    5.7504
   -7.5000  -45.0000   37.500012251.3818    5.7170
    0.0000  -45.0000   37.500012759.9863    5.7297
    7.5000  -45.0000   37.500012153.5400    5.7258
   -7.5000  -37.5000   37.500012803.0928    5.6726
    0.0000  -37.5000   37.500013353.0537    5.6850
    7.5000  -37.5000   37.500012691.3223    5.6811
   -7.5000  -30.0000   37.500013900.0938    5.6283
    0.0000  -30.0000   37.500014548.8926    5.6412
    7.5000  -30.0000   37.500013775.2578    5.6374
   -7.5000  -22.5000   37.500015002.9082    5.6001
    0.0000  -22.5000   37.500015726.6719    5.6136
    7.5000  -22.5000   37.500014855.5107    5.6101
   -7.5000  -15.0000   37.500015521.9746    5.6080
    0.0000  -15.0000   37.500016233.5586    5.6219
    7.5000  -15.0000   37.500015350.5371    5.6184
   -7.5000   -7.5000   37.500015754.6387    5.6535
    0.0000   -7.5000   37.500016431.9512    5.6670
    7.5000   -7.5000   37.500015576.0146    5.6634
   -7.5000    0.0000   37.500015790.9072    5.6844
    0.0000    0.0000   37.500016469.6621    5.6971
    7.5000    0.0000   37.500015612.0674    5.6933
   -7.5000    7.5000   37.500014652.8145    5.6671
    0.0000    7.5000   37.500015295.3525    5.6795
    7.5000    7.5000   37.500014492.6621    5.6756
   -7.5000   15.0000   37.500013477.3818    5.6283
    0.0000   15.0000   37.500014054.4189    5.6412
    7.5000   15.0000   37.500013337.7314    5.6374
   -7.5000   22.5000   37.500012322.8926    5.5975
    0.0000   22.5000   37.500012830.2627    5.6110
    7.5000   22.5000   37.500012185.2305    5.6075
   -7.5000   30.0000   37.500011184.2461    5.5354
    0.0000   30.0000   37.500011642.7832    5.5491
    7.5000   30.0000   37.500011051.2510    5.5457
   -7.5000   37.5000   37.500010449.5498    5.6942
    0.0000   37.5000   37.500010865.4570    5.7082
    7.5000   37.5000   37.500010324.2471    5.7045
   -7.5000   45.0000   37.5000 9438.8848    5.8145
    0.0000   45.0000   37.5000 9818.7793    5.8287
    7.5000   45.0000   37.5000 9336.0850    5.8247
   -7.5000  -45.0000   45.000011343.2168    5.7791
    0.0000  -45.0000   45.000011804.3457    5.7927
    7.5000  -45.0000   45.000011267.1670    5.7886
   -7.5000  -37.5000   45.000011840.4648    5.7342
    0.0000  -37.5000   45.000012334.1436    5.7471
    7.5000  -37.5000   45.000011750.9043    5.7429
   -7.5000  -30.0000   45.000012836.4062    5.6894
    0.0000  -30.0000   45.000013385.5303    5.7028
    7.5000  -30.0000   45.000012733.0420    5.6989
   -7.5000  -22.5000   45.000013848.3604    5.6612
    0.0000  -22.5000   45.000014432.5957    5.6756
    7.5000  -22.5000   45.000013719.0127    5.6723
   -7.5000  -15.0000   45.000014328.3477    5.6695
    0.0000  -15.0000   45.000014911.9678    5.6845
    7.5000  -15.0000   45.000014178.3105    5.6814
   -7.5000   -7.5000   45.000014570.4180    5.7156
    0.0000   -7.5000   45.000015147.3115    5.7301
    7.5000   -7.5000   45.000014411.8418    5.7267
   -7.5000    0.0000   45.000014610.6289    5.7465
    0.0000    0.0000   45.000015198.6846    5.7600
    7.5000    0.0000   45.000014451.7412    5.7560
   -7.5000    7.5000   45.000013567.6562    5.7287
    0.0000    7.5000   45.000014118.8281    5.7416
    7.5000    7.5000   45.000013417.4424    5.7374
   -7.5000   15.0000   45.000012489.8096    5.6894
    0.0000   15.0000   45.000012993.2197    5.7028
    7.5000   15.0000   45.000012351.5596    5.6989
   -7.5000   22.5000   45.000011411.8008    5.6585
    0.0000   22.5000   45.000011868.5127    5.6730
    7.5000   22.5000   45.000011289.9854    5.6696
   -7.5000   30.0000   45.000010360.3047    5.5957
    0.0000   30.0000   45.000010772.5713    5.6105
    7.5000   30.0000   45.000010247.8730    5.6074
   -7.5000   37.5000   45.0000 9676.5498    5.7559
    0.0000   37.5000   45.000010043.6074    5.7710
    7.5000   37.5000   45.0000 9563.2324    5.7674
   -7.5000   45.0000   45.0000 8739.2861    5.8796
    0.0000   45.0000   45.0000 9069.6836    5.8946
    7.5000   45.0000   45.0000 8646.6465    5.8904

---------------------------------------------------------------------
imgreg_4dfp /home/amit3/0Software/FreeSurf/FS741/usr/local/freesurfer/7.4.1/average/711-2C_as_mni_average_305 /home/amit3/0Software/FreeSurf/FS741/usr/local/freesurfer/7.4.1/average/711-2B_as_mni_average_305_mask talsrcimg_g11 none talsrcimg_to_711-2C_as_mni_average_305_t4 4355
---------------------------------------------------------------------

freesurfer imgreg_4dfp.c
/home/amit3/0Software/FreeSurf/FS741/usr/local/freesurfer/7.4.1/average/711-2C_as_mni_average_305.4dfp.img
       256       256       256         1
  1.000000  1.000000  1.000000
orientation T byte_order littleendian
Reading image: /home/amit3/0Software/FreeSurf/FS741/usr/local/freesurfer/7.4.1/average/711-2C_as_mni_average_305.4dfp.img
dimensions:      256       256       256
mmppix:       1.0000   -1.0000   -1.0000
center:     128.0000 -129.0000 -129.0000
/home/amit3/0Software/FreeSurf/FS741/usr/local/freesurfer/7.4.1/average/711-2B_as_mni_average_305_mask.4dfp.img
       256       256       256         1
  1.000000  1.000000  1.000000
orientation T byte_order littleendian
Reading mask: /home/amit3/0Software/FreeSurf/FS741/usr/local/freesurfer/7.4.1/average/711-2B_as_mni_average_305_mask.4dfp.img (2306576 pixels)
talsrcimg_g11.4dfp.img
       256       256       256         1
  1.000000  1.000000  1.000000
orientation T byte_order littleendian
Reading image: talsrcimg_g11.4dfp.img
dimensions:      256       256       256
mmppix:       1.0000   -1.0000   -1.0000
center:     128.0000 -129.0000 -129.0000
rotation matrix determinant  1.000000
image alignment mode   4355 decimal     1103 hex
   -7.5000  -52.5000  -37.5000 2449.2375    6.7986
    0.0000  -52.5000  -37.5000 2457.9902    6.7763
    7.5000  -52.5000  -37.5000 2438.5908    6.8274
   -7.5000  -45.0000  -37.5000 2475.0884    6.5042
    0.0000  -45.0000  -37.5000 2485.4377    6.4870
    7.5000  -45.0000  -37.5000 2463.9250    6.5449
   -7.5000  -37.5000  -37.5000 2493.5208    6.3061
    0.0000  -37.5000  -37.5000 2504.6763    6.2865
    7.5000  -37.5000  -37.5000 2483.6196    6.3404
   -7.5000  -30.0000  -37.5000 2496.0828    6.2053
    0.0000  -30.0000  -37.5000 2503.4326    6.1750
    7.5000  -30.0000  -37.5000 2486.3281    6.2331
   -7.5000  -22.5000  -37.5000 2490.3616    6.1617
    0.0000  -22.5000  -37.5000 2500.6240    6.1312
    7.5000  -22.5000  -37.5000 2481.0234    6.1882
   -7.5000  -15.0000  -37.5000 2476.6787    6.2138
    0.0000  -15.0000  -37.5000 2487.4104    6.1815
    7.5000  -15.0000  -37.5000 2466.3225    6.2498
   -7.5000   -7.5000  -37.5000 2458.9185    6.3440
    0.0000   -7.5000  -37.5000 2468.4531    6.3104
    7.5000   -7.5000  -37.5000 2450.0522    6.3773
   -7.5000    0.0000  -37.5000 2432.3962    6.5321
    0.0000    0.0000  -37.5000 2444.3767    6.5047
    7.5000    0.0000  -37.5000 2424.3596    6.5769
   -7.5000    7.5000  -37.5000 2394.1611    6.8139
    0.0000    7.5000  -37.5000 2405.8267    6.7884
    7.5000    7.5000  -37.5000 2386.2383    6.8616
   -7.5000   15.0000  -37.5000 2342.2905    7.1844
    0.0000   15.0000  -37.5000 2355.7349    7.1689
    7.5000   15.0000  -37.5000 2333.5344    7.2409
   -7.5000   22.5000  -37.5000 2281.9692    7.6692
    0.0000   22.5000  -37.5000 2293.1155    7.6555
    7.5000   22.5000  -37.5000 2271.8899    7.7263
   -7.5000   30.0000  -37.5000 2205.6338    8.3209
    0.0000   30.0000  -37.5000 2217.5354    8.3225
    7.5000   30.0000  -37.5000 2194.4246    8.3918
   -7.5000   37.5000  -37.5000 2114.2852    9.1891
    0.0000   37.5000  -37.5000 2122.1697    9.2035
    7.5000   37.5000  -37.5000 2104.3677    9.2728
   -7.5000  -52.5000  -30.0000 2588.1848    6.5149
    0.0000  -52.5000  -30.0000 2601.6582    6.4861
    7.5000  -52.5000  -30.0000 2581.3359    6.5438
   -7.5000  -45.0000  -30.0000 2615.7295    6.2343
    0.0000  -45.0000  -30.0000 2627.2456    6.2000
    7.5000  -45.0000  -30.0000 2608.9932    6.2602
   -7.5000  -37.5000  -30.0000 2642.3616    6.0155
    0.0000  -37.5000  -30.0000 2655.0481    5.9873
    7.5000  -37.5000  -30.0000 2632.1946    6.0400
   -7.5000  -30.0000  -30.0000 2646.9929    5.8935
    0.0000  -30.0000  -30.0000 2655.8660    5.8646
    7.5000  -30.0000  -30.0000 2637.8132    5.9213
   -7.5000  -22.5000  -30.0000 2636.0737    5.8601
    0.0000  -22.5000  -30.0000 2647.6604    5.8279
    7.5000  -22.5000  -30.0000 2629.1655    5.8872
   -7.5000  -15.0000  -30.0000 2623.4810    5.8925
    0.0000  -15.0000  -30.0000 2635.2346    5.8587
    7.5000  -15.0000  -30.0000 2614.9026    5.9303
   -7.5000   -7.5000  -30.0000 2608.9077    5.9961
    0.0000   -7.5000  -30.0000 2619.6665    5.9607
    7.5000   -7.5000  -30.0000 2600.6035    6.0382
   -7.5000    0.0000  -30.0000 2584.6309    6.1726
    0.0000    0.0000  -30.0000 2596.8967    6.1350
    7.5000    0.0000  -30.0000 2575.3992    6.2170
   -7.5000    7.5000  -30.0000 2544.7842    6.4338
    0.0000    7.5000  -30.0000 2557.7056    6.3979
    7.5000    7.5000  -30.0000 2534.8784    6.4851
   -7.5000   15.0000  -30.0000 2494.1501    6.7947
    0.0000   15.0000  -30.0000 2509.0706    6.7576
    7.5000   15.0000  -30.0000 2484.3879    6.8444
   -7.5000   22.5000  -30.0000 2430.6760    7.2706
    0.0000   22.5000  -30.0000 2442.0359    7.2325
    7.5000   22.5000  -30.0000 2419.2615    7.3181
   -7.5000   30.0000  -30.0000 2345.8508    7.8935
    0.0000   30.0000  -30.0000 2360.5962    7.8749
    7.5000   30.0000  -30.0000 2332.9075    7.9569
   -7.5000   37.5000  -30.0000 2247.2080    8.7115
    0.0000   37.5000  -30.0000 2257.4307    8.7124
    7.5000   37.5000  -30.0000 2235.3022    8.7901
   -7.5000  -52.5000  -22.5000 2692.9717    6.1757
    0.0000  -52.5000  -22.5000 2706.4414    6.1487
    7.5000  -52.5000  -22.5000 2687.8669    6.2159
   -7.5000  -45.0000  -22.5000 2720.8411    5.9076
    0.0000  -45.0000  -22.5000 2730.1428    5.8777
    7.5000  -45.0000  -22.5000 2715.2527    5.9389
   -7.5000  -37.5000  -22.5000 2751.2412    5.6863
    0.0000  -37.5000  -22.5000 2762.9863    5.6526
    7.5000  -37.5000  -22.5000 2742.2854    5.7136
   -7.5000  -30.0000  -22.5000 2759.1077    5.5537
    0.0000  -30.0000  -22.5000 2770.8435    5.5237
    7.5000  -30.0000  -22.5000 2753.3811    5.5818
   -7.5000  -22.5000  -22.5000 2754.0713    5.5147
    0.0000  -22.5000  -22.5000 2769.1147    5.4827
    7.5000  -22.5000  -22.5000 2750.0374    5.5474
   -7.5000  -15.0000  -22.5000 2747.0024    5.5386
    0.0000  -15.0000  -22.5000 2760.9133    5.5033
    7.5000  -15.0000  -22.5000 2740.0598    5.5742
   -7.5000   -7.5000  -22.5000 2736.7446    5.6295
    0.0000   -7.5000  -22.5000 2748.7278    5.5888
    7.5000   -7.5000  -22.5000 2728.0981    5.6669
   -7.5000    0.0000  -22.5000 2712.8406    5.7880
    0.0000    0.0000  -22.5000 2725.3364    5.7490
    7.5000    0.0000  -22.5000 2704.0588    5.8315
   -7.5000    7.5000  -22.5000 2672.4089    6.0386
    0.0000    7.5000  -22.5000 2684.9700    5.9924
    7.5000    7.5000  -22.5000 2663.9309    6.0828
   -7.5000   15.0000  -22.5000 2618.2537    6.3909
    0.0000   15.0000  -22.5000 2631.6997    6.3392
    7.5000   15.0000  -22.5000 2608.5049    6.4321
   -7.5000   22.5000  -22.5000 2547.1746    6.8524
    0.0000   22.5000  -22.5000 2558.9241    6.7998
    7.5000   22.5000  -22.5000 2536.5586    6.8955
   -7.5000   30.0000  -22.5000 2457.0190    7.4519
    0.0000   30.0000  -22.5000 2471.9749    7.4136
    7.5000   30.0000  -22.5000 2444.5703    7.5014
   -7.5000   37.5000  -22.5000 2348.2310    8.2305
    0.0000   37.5000  -22.5000 2363.5935    8.2014
    7.5000   37.5000  -22.5000 2337.6938    8.2830
   -7.5000  -52.5000  -15.0000 2757.1797    5.8696
    0.0000  -52.5000  -15.0000 2769.2681    5.8510
    7.5000  -52.5000  -15.0000 2753.4690    5.9027
   -7.5000  -45.0000  -15.0000 2785.7349    5.5905
    0.0000  -45.0000  -15.0000 2796.6575    5.5670
    7.5000  -45.0000  -15.0000 2783.1655    5.6236
   -7.5000  -37.5000  -15.0000 2823.0193    5.3667
    0.0000  -37.5000  -15.0000 2834.4802    5.3377
    7.5000  -37.5000  -15.0000 2816.1260    5.3993
   -7.5000  -30.0000  -15.0000 2840.6528    5.2354
    0.0000  -30.0000  -15.0000 2856.6228    5.2054
    7.5000  -30.0000  -15.0000 2834.4131    5.2658
   -7.5000  -22.5000  -15.0000 2844.3616    5.1876
    0.0000  -22.5000  -15.0000 2859.4390    5.1514
    7.5000  -22.5000  -15.0000 2838.1445    5.2184
   -7.5000  -15.0000  -15.0000 2843.4167    5.2097
    0.0000  -15.0000  -15.0000 2859.7222    5.1669
    7.5000  -15.0000  -15.0000 2835.1111    5.2397
   -7.5000   -7.5000  -15.0000 2835.0454    5.2863
    0.0000   -7.5000  -15.0000 2852.1848    5.2421
    7.5000   -7.5000  -15.0000 2827.2366    5.3196
   -7.5000    0.0000  -15.0000 2814.1111    5.4352
    0.0000    0.0000  -15.0000 2828.9316    5.3933
    7.5000    0.0000  -15.0000 2804.3186    5.4693
   -7.5000    7.5000  -15.0000 2773.1130    5.6759
    0.0000    7.5000  -15.0000 2787.5752    5.6303
    7.5000    7.5000  -15.0000 2763.3101    5.7128
   -7.5000   15.0000  -15.0000 2712.3311    6.0279
    0.0000   15.0000  -15.0000 2727.5583    5.9801
    7.5000   15.0000  -15.0000 2702.2246    6.0661
   -7.5000   22.5000  -15.0000 2633.9441    6.4872
    0.0000   22.5000  -15.0000 2646.6973    6.4397
    7.5000   22.5000  -15.0000 2624.1582    6.5299
   -7.5000   30.0000  -15.0000 2538.8350    7.0550
    0.0000   30.0000  -15.0000 2550.3357    7.0129
    7.5000   30.0000  -15.0000 2528.7390    7.1075
   -7.5000   37.5000  -15.0000 2423.7024    7.8080
    0.0000   37.5000  -15.0000 2436.0117    7.7607
    7.5000   37.5000  -15.0000 2412.3882    7.8523
   -7.5000  -52.5000   -7.5000 2795.9512    5.5880
    0.0000  -52.5000   -7.5000 2807.6367    5.5776
    7.5000  -52.5000   -7.5000 2793.4829    5.6178
   -7.5000  -45.0000   -7.5000 2833.3904    5.3122
    0.0000  -45.0000   -7.5000 2846.0403    5.2989
    7.5000  -45.0000   -7.5000 2831.5952    5.3413
   -7.5000  -37.5000   -7.5000 2870.2876    5.0843
    0.0000  -37.5000   -7.5000 2883.6096    5.0642
    7.5000  -37.5000   -7.5000 2864.7209    5.1142
   -7.5000  -30.0000   -7.5000 2898.4739    4.9491
    0.0000  -30.0000   -7.5000 2913.0596    4.9182
    7.5000  -30.0000   -7.5000 2889.1074    4.9801
   -7.5000  -22.5000   -7.5000 2910.8811    4.9012
    0.0000  -22.5000   -7.5000 2926.3850    4.8660
    7.5000  -22.5000   -7.5000 2902.1675    4.9384
   -7.5000  -15.0000   -7.5000 2916.1707    4.9126
    0.0000  -15.0000   -7.5000 2936.6726    4.8659
    7.5000  -15.0000   -7.5000 2907.4060    4.9513
   -7.5000   -7.5000   -7.5000 2916.0266    4.9742
    0.0000   -7.5000   -7.5000 2938.6746    4.9340
    7.5000   -7.5000   -7.5000 2902.8259    5.0159
   -7.5000    0.0000   -7.5000 2890.6128    5.1168
    0.0000    0.0000   -7.5000 2909.8235    5.0802
    7.5000    0.0000   -7.5000 2878.8655    5.1625
   -7.5000    7.5000   -7.5000 2847.6047    5.3593
    0.0000    7.5000   -7.5000 2866.1174    5.3237
    7.5000    7.5000   -7.5000 2836.2378    5.4029
   -7.5000   15.0000   -7.5000 2784.0857    5.7138
    0.0000   15.0000   -7.5000 2800.5266    5.6778
    7.5000   15.0000   -7.5000 2773.8594    5.7630
   -7.5000   22.5000   -7.5000 2703.1167    6.1601
    0.0000   22.5000   -7.5000 2717.2163    6.1293
    7.5000   22.5000   -7.5000 2691.5859    6.2189
   -7.5000   30.0000   -7.5000 2600.0999    6.7192
    0.0000   30.0000   -7.5000 2608.3506    6.6848
    7.5000   30.0000   -7.5000 2586.3511    6.7787
   -7.5000   37.5000   -7.5000 2477.3750    7.4423
    0.0000   37.5000   -7.5000 2487.7747    7.3986
    7.5000   37.5000   -7.5000 2463.7095    7.4987
   -7.5000  -52.5000    0.0000 2822.2646    5.3735
    0.0000  -52.5000    0.0000 2835.4119    5.3672
    7.5000  -52.5000    0.0000 2818.6877    5.4032
   -7.5000  -45.0000    0.0000 2866.0034    5.0976
    0.0000  -45.0000    0.0000 2879.6946    5.0929
    7.5000  -45.0000    0.0000 2863.7061    5.1224
   -7.5000  -37.5000    0.0000 2904.6736    4.8699
    0.0000  -37.5000    0.0000 2915.9155    4.8640
    7.5000  -37.5000    0.0000 2899.9102    4.8954
   -7.5000  -30.0000    0.0000 2939.7866    4.7347
    0.0000  -30.0000    0.0000 2953.8027    4.7233
    7.5000  -30.0000    0.0000 2931.4717    4.7691
   -7.5000  -22.5000    0.0000 2960.1577    4.6861
    0.0000  -22.5000    0.0000 2974.8843    4.6667
    7.5000  -22.5000    0.0000 2950.2461    4.7296
   -7.5000  -15.0000    0.0000 2974.8611    4.6865
    0.0000  -15.0000    0.0000 2996.8733    4.6555
    7.5000  -15.0000    0.0000 2963.3916    4.7314
   -7.5000   -7.5000    0.0000 2974.7275    4.7393
    0.0000   -7.5000    0.0000 2999.1875    4.7055
    7.5000   -7.5000    0.0000 2956.1753    4.7912
   -7.5000    0.0000    0.0000 2948.7202    4.8810
    0.0000    0.0000    0.0000 2966.9199    4.8506
    7.5000    0.0000    0.0000 2929.6326    4.9366
   -7.5000    7.5000    0.0000 2904.8606    5.1326
    0.0000    7.5000    0.0000 2924.8638    5.1061
    7.5000    7.5000    0.0000 2891.6099    5.1811
   -7.5000   15.0000    0.0000 2841.3896    5.4863
    0.0000   15.0000    0.0000 2857.4312    5.4570
    7.5000   15.0000    0.0000 2828.4736    5.5292
   -7.5000   22.5000    0.0000 2756.4780    5.9368
    0.0000   22.5000    0.0000 2773.6672    5.8987
    7.5000   22.5000    0.0000 2743.6602    5.9774
   -7.5000   30.0000    0.0000 2645.2048    6.4912
    0.0000   30.0000    0.0000 2655.9666    6.4484
    7.5000   30.0000    0.0000 2631.3191    6.5440
   -7.5000   37.5000    0.0000 2514.3362    7.1890
    0.0000   37.5000    0.0000 2526.4163    7.1417
    7.5000   37.5000    0.0000 2501.1597    7.2484
   -7.5000  -52.5000    7.5000 2831.4421    5.2262
    0.0000  -52.5000    7.5000 2842.2424    5.2313
    7.5000  -52.5000    7.5000 2829.3806    5.2581
   -7.5000  -45.0000    7.5000 2879.9077    4.9447
    0.0000  -45.0000    7.5000 2892.1790    4.9512
    7.5000  -45.0000    7.5000 2878.3982    4.9733
   -7.5000  -37.5000    7.5000 2932.1951    4.7226
    0.0000  -37.5000    7.5000 2944.1968    4.7356
    7.5000  -37.5000    7.5000 2928.5103    4.7510
   -7.5000  -30.0000    7.5000 2974.0405    4.5985
    0.0000  -30.0000    7.5000 2988.4351    4.6142
    7.5000  -30.0000    7.5000 2966.1570    4.6304
   -7.5000  -22.5000    7.5000 3001.1321    4.5564
    0.0000  -22.5000    7.5000 3018.9778    4.5683
    7.5000  -22.5000    7.5000 2991.6138    4.5874
   -7.5000  -15.0000    7.5000 3020.2402    4.5598
    0.0000  -15.0000    7.5000 3048.0002    4.5679
    7.5000  -15.0000    7.5000 3006.6584    4.5896
   -7.5000   -7.5000    7.5000 3016.8442    4.5902
    0.0000   -7.5000    7.5000 3046.0417    4.5922
    7.5000   -7.5000    7.5000 2998.1436    4.6309
   -7.5000    0.0000    7.5000 2987.5305    4.7125
    0.0000    0.0000    7.5000 3006.1052    4.7074
    7.5000    0.0000    7.5000 2967.9282    4.7643
   -7.5000    7.5000    7.5000 2941.8530    4.9698
    0.0000    7.5000    7.5000 2962.7278    4.9545
    7.5000    7.5000    7.5000 2926.5713    5.0109
   -7.5000   15.0000    7.5000 2876.9592    5.3289
    0.0000   15.0000    7.5000 2897.0005    5.3022
    7.5000   15.0000    7.5000 2863.0645    5.3586
   -7.5000   22.5000    7.5000 2786.1086    5.7785
    0.0000   22.5000    7.5000 2805.8577    5.7494
    7.5000   22.5000    7.5000 2772.9565    5.8080
   -7.5000   30.0000    7.5000 2669.1526    6.3359
    0.0000   30.0000    7.5000 2681.8135    6.3087
    7.5000   30.0000    7.5000 2655.4944    6.3712
   -7.5000   37.5000    7.5000 2541.5107    7.0249
    0.0000   37.5000    7.5000 2552.3508    6.9909
    7.5000   37.5000    7.5000 2527.9023    7.0633
   -7.5000  -52.5000   15.0000 2834.3496    5.1613
    0.0000  -52.5000   15.0000 2837.4314    5.1725
    7.5000  -52.5000   15.0000 2834.6924    5.1970
   -7.5000  -45.0000   15.0000 2883.3093    4.8854
    0.0000  -45.0000   15.0000 2892.8767    4.9056
    7.5000  -45.0000   15.0000 2883.7886    4.9146
   -7.5000  -37.5000   15.0000 2945.0935    4.6677
    0.0000  -37.5000   15.0000 2959.0027    4.6961
    7.5000  -37.5000   15.0000 2940.0417    4.6960
   -7.5000  -30.0000   15.0000 2996.1487    4.5414
    0.0000  -30.0000   15.0000 3016.0923    4.5780
    7.5000  -30.0000   15.0000 2984.0212    4.5721
   -7.5000  -22.5000   15.0000 3037.1267    4.5000
    0.0000  -22.5000   15.0000 3068.1335    4.5400
    7.5000  -22.5000   15.0000 3017.2678    4.5285
   -7.5000  -15.0000   15.0000 3052.0439    4.5230
    0.0000  -15.0000   15.0000 3090.8167    4.5733
    7.5000  -15.0000   15.0000 3034.6350    4.5253
   -7.5000   -7.5000   15.0000 3036.9880    4.5317
    0.0000   -7.5000   15.0000 3067.5894    4.5716
    7.5000   -7.5000   15.0000 3022.5715    4.5476
   -7.5000    0.0000   15.0000 3005.0835    4.6275
    0.0000    0.0000   15.0000 3023.9731    4.6326
    7.5000    0.0000   15.0000 2986.5361    4.6751
   -7.5000    7.5000   15.0000 2959.2803    4.8772
    0.0000    7.5000   15.0000 2978.5186    4.8575
    7.5000    7.5000   15.0000 2942.6418    4.9234
   -7.5000   15.0000   15.0000 2887.0925    5.2442
    0.0000   15.0000   15.0000 2909.7664    5.2164
    7.5000   15.0000   15.0000 2874.1101    5.2821
   -7.5000   22.5000   15.0000 2792.9758    5.7011
    0.0000   22.5000   15.0000 2811.8845    5.6700
    7.5000   22.5000   15.0000 2781.7549    5.7422
   -7.5000   30.0000   15.0000 2676.7571    6.2620
    0.0000   30.0000   15.0000 2687.6851    6.2284
    7.5000   30.0000   15.0000 2666.0913    6.3043
   -7.5000   37.5000   15.0000 2547.8718    6.9455
    0.0000   37.5000   15.0000 2557.1892    6.9083
    7.5000   37.5000   15.0000 2535.5337    6.9906
   -7.5000  -52.5000   22.5000 2835.7808    5.1718
    0.0000  -52.5000   22.5000 2838.8333    5.1943
    7.5000  -52.5000   22.5000 2832.7959    5.2108
   -7.5000  -45.0000   22.5000 2888.9255    4.8997
    0.0000  -45.0000   22.5000 2898.2004    4.9319
    7.5000  -45.0000   22.5000 2885.4834    4.9354
   -7.5000  -37.5000   22.5000 2951.2898    4.6892
    0.0000  -37.5000   22.5000 2961.4460    4.7199
    7.5000  -37.5000   22.5000 2942.1875    4.7221
   -7.5000  -30.0000   22.5000 3001.6990    4.5625
    0.0000  -30.0000   22.5000 3022.9402    4.5904
    7.5000  -30.0000   22.5000 2985.6304    4.5998
   -7.5000  -22.5000   22.5000 3047.0286    4.5143
    0.0000  -22.5000   22.5000 3086.9094    4.5464
    7.5000  -22.5000   22.5000 3022.7146    4.5513
   -7.5000  -15.0000   22.5000 3051.4209    4.5044
    0.0000  -15.0000   22.5000 3090.7461    4.5483
    7.5000  -15.0000   22.5000 3032.8677    4.5307
   -7.5000   -7.5000   22.5000 3030.6777    4.5382
    0.0000   -7.5000   22.5000 3057.2012    4.5551
    7.5000   -7.5000   22.5000 3017.3862    4.5719
   -7.5000    0.0000   22.5000 2999.5168    4.6782
    0.0000    0.0000   22.5000 3017.1372    4.6657
    7.5000    0.0000   22.5000 2986.1772    4.7159
   -7.5000    7.5000   22.5000 2954.5493    4.9195
    0.0000    7.5000   22.5000 2973.4399    4.8987
    7.5000    7.5000   22.5000 2940.0833    4.9593
   -7.5000   15.0000   22.5000 2879.1091    5.2618
    0.0000   15.0000   22.5000 2897.2400    5.2397
    7.5000   15.0000   22.5000 2865.9976    5.3021
   -7.5000   22.5000   22.5000 2783.1543    5.7059
    0.0000   22.5000   22.5000 2793.9734    5.6775
    7.5000   22.5000   22.5000 2773.0913    5.7410
   -7.5000   30.0000   22.5000 2667.1931    6.2565
    0.0000   30.0000   22.5000 2674.6514    6.2147
    7.5000   30.0000   22.5000 2658.2646    6.2905
   -7.5000   37.5000   22.5000 2537.6250    6.9305
    0.0000   37.5000   22.5000 2549.3389    6.8736
    7.5000   37.5000   22.5000 2528.0420    6.9708
   -7.5000  -52.5000   30.0000 2832.2739    5.2415
    0.0000  -52.5000   30.0000 2835.9553    5.2449
    7.5000  -52.5000   30.0000 2827.2131    5.2837
   -7.5000  -45.0000   30.0000 2885.4199    4.9594
    0.0000  -45.0000   30.0000 2893.2920    4.9656
    7.5000  -45.0000   30.0000 2880.0493    5.0025
   -7.5000  -37.5000   30.0000 2941.0928    4.7405
    0.0000  -37.5000   30.0000 2952.4326    4.7464
    7.5000  -37.5000   30.0000 2936.5811    4.7794
   -7.5000  -30.0000   30.0000 2990.0117    4.6136
    0.0000  -30.0000   30.0000 3010.3293    4.6255
    7.5000  -30.0000   30.0000 2980.3743    4.6571
   -7.5000  -22.5000   30.0000 3023.2905    4.5661
    0.0000  -22.5000   30.0000 3052.1924    4.5942
    7.5000  -22.5000   30.0000 3007.8872    4.6125
   -7.5000  -15.0000   30.0000 3022.2356    4.5666
    0.0000  -15.0000   30.0000 3050.6921    4.5837
    7.5000  -15.0000   30.0000 3008.1001    4.6075
   -7.5000   -7.5000   30.0000 3010.2092    4.6161
    0.0000   -7.5000   30.0000 3029.8499    4.6035
    7.5000   -7.5000   30.0000 2994.6394    4.6642
   -7.5000    0.0000   30.0000 2977.6946    4.7789
    0.0000    0.0000   30.0000 2993.0457    4.7589
    7.5000    0.0000   30.0000 2965.5793    4.8210
   -7.5000    7.5000   30.0000 2925.5042    5.0347
    0.0000    7.5000   30.0000 2942.9553    5.0059
    7.5000    7.5000   30.0000 2916.4539    5.0697
   -7.5000   15.0000   30.0000 2850.1384    5.3710
    0.0000   15.0000   30.0000 2865.0161    5.3438
    7.5000   15.0000   30.0000 2842.0198    5.4082
   -7.5000   22.5000   30.0000 2754.1992    5.7999
    0.0000   22.5000   30.0000 2763.2793    5.7704
    7.5000   22.5000   30.0000 2745.7261    5.8349
   -7.5000   30.0000   30.0000 2639.3777    6.3367
    0.0000   30.0000   30.0000 2647.2327    6.2961
    7.5000   30.0000   30.0000 2631.6003    6.3744
   -7.5000   37.5000   30.0000 2510.4861    6.9934
    0.0000   37.5000   30.0000 2522.9072    6.9419
    7.5000   37.5000   30.0000 2504.7808    7.0322
   -7.5000  -52.5000   37.5000 2820.2241    5.3562
    0.0000  -52.5000   37.5000 2822.8396    5.3357
    7.5000  -52.5000   37.5000 2817.2324    5.4009
   -7.5000  -45.0000   37.5000 2874.1992    5.0736
    0.0000  -45.0000   37.5000 2878.1682    5.0559
    7.5000  -45.0000   37.5000 2869.9922    5.1123
   -7.5000  -37.5000   37.5000 2926.1907    4.8568
    0.0000  -37.5000   37.5000 2935.3557    4.8483
    7.5000  -37.5000   37.5000 2920.9949    4.8975
   -7.5000  -30.0000   37.5000 2965.9958    4.7413
    0.0000  -30.0000   37.5000 2983.7722    4.7479
    7.5000  -30.0000   37.5000 2957.2615    4.7895
   -7.5000  -22.5000   37.5000 2983.8762    4.7107
    0.0000  -22.5000   37.5000 3005.6338    4.7287
    7.5000  -22.5000   37.5000 2974.1582    4.7593
   -7.5000  -15.0000   37.5000 2978.4014    4.7289
    0.0000  -15.0000   37.5000 3001.2720    4.7239
    7.5000  -15.0000   37.5000 2968.1448    4.7712
   -7.5000   -7.5000   37.5000 2966.4761    4.7956
    0.0000   -7.5000   37.5000 2983.1472    4.7805
    7.5000   -7.5000   37.5000 2954.2822    4.8380
   -7.5000    0.0000   37.5000 2936.1377    4.9578
    0.0000    0.0000   37.5000 2949.2524    4.9445
    7.5000    0.0000   37.5000 2923.5085    4.9991
   -7.5000    7.5000   37.5000 2879.8611    5.2022
    0.0000    7.5000   37.5000 2894.7424    5.1854
    7.5000    7.5000   37.5000 2870.8494    5.2382
   -7.5000   15.0000   37.5000 2806.5967    5.5277
    0.0000   15.0000   37.5000 2816.8713    5.5022
    7.5000   15.0000   37.5000 2798.7769    5.5624
   -7.5000   22.5000   37.5000 2711.7864    5.9605
    0.0000   22.5000   37.5000 2718.6626    5.9259
    7.5000   22.5000   37.5000 2702.5281    5.9942
   -7.5000   30.0000   37.5000 2598.2881    6.5018
    0.0000   30.0000   37.5000 2608.2148    6.4566
    7.5000   30.0000   37.5000 2590.7886    6.5397
   -7.5000   37.5000   37.5000 2468.9729    7.1611
    0.0000   37.5000   37.5000 2479.0339    7.1038
    7.5000   37.5000   37.5000 2465.1057    7.1998
   -7.5000  -52.5000   45.0000 2798.0305    5.5344
    0.0000  -52.5000   45.0000 2801.7812    5.4974
    7.5000  -52.5000   45.0000 2795.9131    5.5855
   -7.5000  -45.0000   45.0000 2850.5361    5.2568
    0.0000  -45.0000   45.0000 2857.0884    5.2263
    7.5000  -45.0000   45.0000 2846.9360    5.2995
   -7.5000  -37.5000   45.0000 2899.3027    5.0523
    0.0000  -37.5000   45.0000 2909.7612    5.0321
    7.5000  -37.5000   45.0000 2893.8599    5.0928
   -7.5000  -30.0000   45.0000 2927.9414    4.9415
    0.0000  -30.0000   45.0000 2943.6208    4.9307
    7.5000  -30.0000   45.0000 2921.2537    4.9852
   -7.5000  -22.5000   45.0000 2936.6660    4.9311
    0.0000  -22.5000   45.0000 2954.2302    4.9193
    7.5000  -22.5000   45.0000 2928.2148    4.9739
   -7.5000  -15.0000   45.0000 2925.2678    4.9628
    0.0000  -15.0000   45.0000 2945.6865    4.9408
    7.5000  -15.0000   45.0000 2915.6619    5.0032
   -7.5000   -7.5000   45.0000 2909.9292    5.0433
    0.0000   -7.5000   45.0000 2922.8562    5.0223
    7.5000   -7.5000   45.0000 2898.4663    5.0808
   -7.5000    0.0000   45.0000 2874.8425    5.2040
    0.0000    0.0000   45.0000 2887.6091    5.1882
    7.5000    0.0000   45.0000 2864.5164    5.2406
   -7.5000    7.5000   45.0000 2819.4512    5.4429
    0.0000    7.5000   45.0000 2832.1006    5.4294
    7.5000    7.5000   45.0000 2810.7551    5.4725
   -7.5000   15.0000   45.0000 2746.0176    5.7650
    0.0000   15.0000   45.0000 2755.8806    5.7387
    7.5000   15.0000   45.0000 2739.0083    5.7925
   -7.5000   22.5000   45.0000 2654.2883    6.1903
    0.0000   22.5000   45.0000 2664.0396    6.1550
    7.5000   22.5000   45.0000 2648.7722    6.2232
   -7.5000   30.0000   45.0000 2542.5972    6.7346
    0.0000   30.0000   45.0000 2552.4983    6.6961
    7.5000   30.0000   45.0000 2538.7632    6.7707
   -7.5000   37.5000   45.0000 2410.3137    7.4080
    0.0000   37.5000   45.0000 2419.0046    7.3584
    7.5000   37.5000   45.0000 2407.3562    7.4446
   -7.5000  -52.5000   52.5000 2764.8181    5.7793
    0.0000  -52.5000   52.5000 2770.6685    5.7227
    7.5000  -52.5000   52.5000 2762.6687    5.8314
   -7.5000  -45.0000   52.5000 2812.5417    5.5010
    0.0000  -45.0000   52.5000 2822.0142    5.4584
    7.5000  -45.0000   52.5000 2808.4529    5.5440
   -7.5000  -37.5000   52.5000 2855.5913    5.2960
    0.0000  -37.5000   52.5000 2870.1133    5.2622
    7.5000  -37.5000   52.5000 2851.5061    5.3426
   -7.5000  -30.0000   52.5000 2880.3621    5.1929
    0.0000  -30.0000   52.5000 2896.6484    5.1656
    7.5000  -30.0000   52.5000 2874.6877    5.2379
   -7.5000  -22.5000   52.5000 2880.9890    5.1967
    0.0000  -22.5000   52.5000 2896.9006    5.1628
    7.5000  -22.5000   52.5000 2872.4719    5.2372
   -7.5000  -15.0000   52.5000 2865.0430    5.2481
    0.0000  -15.0000   52.5000 2881.5552    5.2117
    7.5000  -15.0000   52.5000 2854.0476    5.2902
   -7.5000   -7.5000   52.5000 2840.4341    5.3392
    0.0000   -7.5000   52.5000 2851.3010    5.3070
    7.5000   -7.5000   52.5000 2830.7183    5.3814
   -7.5000    0.0000   52.5000 2803.3674    5.4993
    0.0000    0.0000   52.5000 2815.3884    5.4731
    7.5000    0.0000   52.5000 2795.0876    5.5352
   -7.5000    7.5000   52.5000 2747.7078    5.7365
    0.0000    7.5000   52.5000 2756.1902    5.7163
    7.5000    7.5000   52.5000 2741.8550    5.7639
   -7.5000   15.0000   52.5000 2676.6292    6.0606
    0.0000   15.0000   52.5000 2683.9524    6.0290
    7.5000   15.0000   52.5000 2668.5830    6.0854
   -7.5000   22.5000   52.5000 2585.9817    6.4851
    0.0000   22.5000   52.5000 2597.0459    6.4462
    7.5000   22.5000   52.5000 2579.4773    6.5192
   -7.5000   30.0000   52.5000 2475.3560    7.0306
    0.0000   30.0000   52.5000 2484.8750    6.9925
    7.5000   30.0000   52.5000 2469.2285    7.0718
   -7.5000   37.5000   52.5000 2344.1196    7.7102
    0.0000   37.5000   52.5000 2355.0483    7.6626
    7.5000   37.5000   52.5000 2341.2297    7.7558

---------------------------------------------------------------------
imgreg_4dfp /home/amit3/0Software/FreeSurf/FS741/usr/local/freesurfer/7.4.1/average/711-2C_as_mni_average_305 /home/amit3/0Software/FreeSurf/FS741/usr/local/freesurfer/7.4.1/average/711-2B_as_mni_average_305_mask talsrcimg_g11 none talsrcimg_to_711-2C_as_mni_average_305_t4 1283
---------------------------------------------------------------------

freesurfer imgreg_4dfp.c
/home/amit3/0Software/FreeSurf/FS741/usr/local/freesurfer/7.4.1/average/711-2C_as_mni_average_305.4dfp.img
       256       256       256         1
  1.000000  1.000000  1.000000
orientation T byte_order littleendian
Reading image: /home/amit3/0Software/FreeSurf/FS741/usr/local/freesurfer/7.4.1/average/711-2C_as_mni_average_305.4dfp.img
dimensions:      256       256       256
mmppix:       1.0000   -1.0000   -1.0000
center:     128.0000 -129.0000 -129.0000
/home/amit3/0Software/FreeSurf/FS741/usr/local/freesurfer/7.4.1/average/711-2B_as_mni_average_305_mask.4dfp.img
       256       256       256         1
  1.000000  1.000000  1.000000
orientation T byte_order littleendian
Reading mask: /home/amit3/0Software/FreeSurf/FS741/usr/local/freesurfer/7.4.1/average/711-2B_as_mni_average_305_mask.4dfp.img (2306576 pixels)
talsrcimg_g11.4dfp.img
       256       256       256         1
  1.000000  1.000000  1.000000
orientation T byte_order littleendian
Reading image: talsrcimg_g11.4dfp.img
dimensions:      256       256       256
mmppix:       1.0000   -1.0000   -1.0000
center:     128.0000 -129.0000 -129.0000
rotation matrix determinant  1.000000
fimgreg.f
image alignment mode   1283 decimal      503 hex
parameters
    0.0000  -15.0000   15.0000    0.0000    0.0000    0.0000
eta,q 0.96911  4.55183
niter,ni,del,rscale     5    3   12.0000    1.2000
parameter  3 -0.554261 -> -0.500000 qaram    1.1500
parameters
   -0.7123  -15.9326   18.4500   -2.6846    0.1108   -0.3435
eta,q 0.97271  4.55765
  0.0391  0.0344  0.0443  0.0293  0.0342  0.0332
  0.0337  0.0320  0.0387  0.0275  0.0311  0.0303
  0.0308  0.0310  0.0341  0.0276  0.0288  0.0280
  0.0308  0.0305  0.0306  0.0287  0.0273  0.0273
  0.0327  0.0315  0.0289  0.0300  0.0279  0.0286
  0.0376  0.0345  0.0290  0.0316  0.0305  0.0314
  0.0439  0.0381  0.0301  0.0333  0.0341  0.0346
niter,ni,del,rscale     5    3   12.0000    1.2000
parameters
   -0.8923  -15.6204   18.0495   -2.7630    0.2749   -0.4474
eta,q 0.97287  4.55928
  0.0380  0.0355  0.0347  0.0315  0.0341  0.0336
  0.0318  0.0319  0.0303  0.0297  0.0311  0.0306
  0.0279  0.0289  0.0278  0.0277  0.0286  0.0281
  0.0273  0.0273  0.0273  0.0272  0.0272  0.0271
  0.0285  0.0281  0.0287  0.0283  0.0277  0.0282
  0.0327  0.0307  0.0318  0.0298  0.0303  0.0309
  0.0393  0.0342  0.0363  0.0316  0.0338  0.0341
niter,ni,del,rscale     4    3   12.0000    1.2000
parameters
   -0.9383  -15.4929   18.0106   -2.8521    0.3261   -0.4879
eta,q 0.97290  4.55924
  0.0382  0.0352  0.0355  0.0316  0.0339  0.0337
  0.0320  0.0317  0.0308  0.0298  0.0308  0.0307
  0.0279  0.0286  0.0280  0.0277  0.0285  0.0282
  0.0271  0.0271  0.0271  0.0271  0.0271  0.0271
  0.0282  0.0283  0.0283  0.0282  0.0279  0.0281
  0.0321  0.0311  0.0311  0.0299  0.0305  0.0308
  0.0386  0.0346  0.0355  0.0317  0.0339  0.0340
niter,ni,del,rscale     3    3   12.0000    1.2000
parameters
   -0.9536  -15.4265   17.9905   -2.9077    0.3427   -0.5046
eta,q 0.97291  4.55931
  0.0382  0.0351  0.0354  0.0316  0.0338  0.0337
  0.0320  0.0316  0.0308  0.0298  0.0308  0.0307
  0.0279  0.0284  0.0280  0.0277  0.0284  0.0282
  0.0271  0.0271  0.0271  0.0271  0.0271  0.0271
  0.0281  0.0284  0.0282  0.0281  0.0279  0.0280
  0.0320  0.0313  0.0310  0.0299  0.0306  0.0307
  0.0383  0.0348  0.0354  0.0317  0.0340  0.0339
niter,ni,del,rscale     2    3   12.0000    1.2000
parameters
   -0.9567  -15.3862   17.9769   -2.9428    0.3471   -0.5108
eta,q 0.97291  4.55939
  0.0382  0.0351  0.0354  0.0317  0.0337  0.0337
  0.0320  0.0316  0.0308  0.0299  0.0307  0.0307
  0.0279  0.0284  0.0280  0.0278  0.0284  0.0282
  0.0271  0.0271  0.0271  0.0271  0.0271  0.0271
  0.0281  0.0285  0.0282  0.0281  0.0279  0.0280
  0.0319  0.0314  0.0310  0.0298  0.0306  0.0307
  0.0382  0.0349  0.0353  0.0317  0.0340  0.0339
registration optimization eta report
parameter search radius
    6.0000    6.0000    6.9000    6.0000    6.0000    6.0000
100000*second partial in parameter space
       31.       21.       17.       12.       18.       18.
  0.0382  0.0351  0.0354  0.0317  0.0337  0.0337
  0.0320  0.0316  0.0308  0.0299  0.0307  0.0307
  0.0279  0.0284  0.0280  0.0278  0.0284  0.0282
  0.0271  0.0271  0.0271  0.0271  0.0271  0.0271
  0.0281  0.0285  0.0282  0.0281  0.0279  0.0280
  0.0319  0.0314  0.0310  0.0298  0.0306  0.0307
  0.0382  0.0349  0.0353  0.0317  0.0340  0.0339
   -0.9567  -15.3862   17.9769   -2.9428    0.3471   -0.5108
eta,q 0.97291  4.55939

---------------------------------------------------------------------
imgreg_4dfp /home/amit3/0Software/FreeSurf/FS741/usr/local/freesurfer/7.4.1/average/711-2C_as_mni_average_305 /home/amit3/0Software/FreeSurf/FS741/usr/local/freesurfer/7.4.1/average/711-2B_as_mni_average_305_mask talsrcimg_g11 none talsrcimg_to_711-2C_as_mni_average_305_t4 3335
---------------------------------------------------------------------

freesurfer imgreg_4dfp.c
/home/amit3/0Software/FreeSurf/FS741/usr/local/freesurfer/7.4.1/average/711-2C_as_mni_average_305.4dfp.img
       256       256       256         1
  1.000000  1.000000  1.000000
orientation T byte_order littleendian
Reading image: /home/amit3/0Software/FreeSurf/FS741/usr/local/freesurfer/7.4.1/average/711-2C_as_mni_average_305.4dfp.img
dimensions:      256       256       256
mmppix:       1.0000   -1.0000   -1.0000
center:     128.0000 -129.0000 -129.0000
/home/amit3/0Software/FreeSurf/FS741/usr/local/freesurfer/7.4.1/average/711-2B_as_mni_average_305_mask.4dfp.img
       256       256       256         1
  1.000000  1.000000  1.000000
orientation T byte_order littleendian
Reading mask: /home/amit3/0Software/FreeSurf/FS741/usr/local/freesurfer/7.4.1/average/711-2B_as_mni_average_305_mask.4dfp.img (2306576 pixels)
talsrcimg_g11.4dfp.img
       256       256       256         1
  1.000000  1.000000  1.000000
orientation T byte_order littleendian
Reading image: talsrcimg_g11.4dfp.img
dimensions:      256       256       256
mmppix:       1.0000   -1.0000   -1.0000
center:     128.0000 -129.0000 -129.0000
fimgreg.f
image alignment mode   3335 decimal      D07 hex
parameters
   -0.9567  -15.3862   17.9769   -0.0058   -0.1361   -0.1337
    0.9215   -0.5592   -0.8916    5.1390    0.6058   -5.1337
eta,q 0.97271  4.54705
niter,ni,del,rscale     5    3    5.0000    1.2000
parameter  4 -1.411968 -> -0.500000 qaram    1.1500
parameter  5 -2.326923 -> -0.500000 qaram    1.1500
parameters
   -1.0226  -15.6854   18.9141    4.1342    4.0039    3.3805
    1.7053   -0.4524   -0.2302    3.1809    0.4627   -4.1912
eta,q 0.97707  4.78211
  0.0290  0.0281  0.0289  0.0293  0.0296  0.0269  0.0261  0.0273  0.0245  0.0238  0.0245  0.0247
  0.0280  0.0276  0.0282  0.0286  0.0284  0.0259  0.0246  0.0251  0.0238  0.0233  0.0236  0.0239
  0.0275  0.0273  0.0276  0.0279  0.0272  0.0250  0.0236  0.0236  0.0233  0.0230  0.0231  0.0233
  0.0273  0.0273  0.0273  0.0271  0.0259  0.0241  0.0231  0.0231  0.0231  0.0231  0.0230  0.0230
  0.0275  0.0275  0.0271  0.0263  0.0248  0.0233  0.0232  0.0235  0.0231  0.0235  0.0232  0.0230
  0.0281  0.0280  0.0272  0.0258  0.0239  0.0232  0.0239  0.0249  0.0235  0.0244  0.0237  0.0233
  0.0292  0.0286  0.0275  0.0261  0.0236  0.0244  0.0250  0.0270  0.0241  0.0257  0.0246  0.0240
niter,ni,del,rscale     6    3    5.0000    1.2000
parameter  2  0.555545 ->  0.500000 qaram    1.1500
parameter  5 -0.573776 -> -0.500000 qaram    1.3225
parameter 10  0.609371 ->  0.500000 qaram    1.1500
parameters
   -1.1190  -17.0654   19.4820    3.7299    8.7649    2.7882
    1.4807   -0.4980   -0.1395   -0.9591    0.6764   -3.3149
eta,q 0.97934  4.83404
  0.0259  0.0228  0.0253  0.0259  0.0275  0.0242  0.0240  0.0256  0.0230  0.0211  0.0224  0.0227
  0.0241  0.0225  0.0240  0.0245  0.0257  0.0231  0.0226  0.0234  0.0222  0.0207  0.0215  0.0217
  0.0232  0.0225  0.0230  0.0231  0.0239  0.0221  0.0217  0.0220  0.0217  0.0209  0.0209  0.0210
  0.0229  0.0229  0.0225  0.0224  0.0224  0.0214  0.0215  0.0215  0.0215  0.0215  0.0207  0.0207
  0.0234  0.0236  0.0224  0.0228  0.0215  0.0216  0.0218  0.0220  0.0216  0.0226  0.0208  0.0207
  0.0246  0.0246  0.0227  0.0247  0.0214  0.0233  0.0228  0.0235  0.0221  0.0242  0.0214  0.0211
  0.0263  0.0258  0.0235  0.0272  0.0223  0.0261  0.0243  0.0257  0.0230  0.0259  0.0222  0.0219
niter,ni,del,rscale     7    3    5.0000    1.2000
parameters
   -1.1288  -18.2693   19.4224    3.6158    9.2227    3.1318
    1.3364   -0.4377   -0.3809   -2.3572    0.8329   -2.4167
eta,q 0.98024  4.84247
  0.0241  0.0210  0.0219  0.0242  0.0252  0.0233  0.0227  0.0246  0.0216  0.0224  0.0216  0.0219
  0.0222  0.0203  0.0209  0.0226  0.0229  0.0223  0.0212  0.0222  0.0207  0.0207  0.0206  0.0208
  0.0210  0.0201  0.0203  0.0210  0.0211  0.0212  0.0202  0.0206  0.0201  0.0198  0.0200  0.0201
  0.0207  0.0207  0.0201  0.0201  0.0201  0.0201  0.0200  0.0200  0.0200  0.0200  0.0198  0.0198
  0.0211  0.0218  0.0204  0.0204  0.0204  0.0198  0.0203  0.0205  0.0202  0.0208  0.0200  0.0198
  0.0223  0.0235  0.0211  0.0223  0.0221  0.0210  0.0213  0.0221  0.0208  0.0224  0.0205  0.0203
  0.0241  0.0256  0.0221  0.0250  0.0245  0.0236  0.0229  0.0245  0.0218  0.0245  0.0214  0.0210
niter,ni,del,rscale     6    3    5.0000    1.2000
parameters
   -1.1035  -18.4419   19.4806    3.5015    9.2866    3.1750
    1.3438   -0.4107   -0.4839   -2.7574    0.8554   -2.1238
eta,q 0.98029  4.84207
  0.0234  0.0224  0.0219  0.0240  0.0246  0.0230  0.0226  0.0244  0.0216  0.0231  0.0214  0.0215
  0.0214  0.0209  0.0207  0.0223  0.0223  0.0219  0.0211  0.0219  0.0205  0.0212  0.0205  0.0206
  0.0201  0.0200  0.0200  0.0207  0.0206  0.0208  0.0201  0.0203  0.0199  0.0200  0.0199  0.0200
  0.0198  0.0198  0.0197  0.0197  0.0198  0.0198  0.0197  0.0197  0.0197  0.0197  0.0197  0.0197
  0.0202  0.0203  0.0200  0.0201  0.0202  0.0196  0.0201  0.0203  0.0200  0.0204  0.0199  0.0199
  0.0213  0.0214  0.0206  0.0220  0.0221  0.0210  0.0210  0.0219  0.0206  0.0217  0.0205  0.0204
  0.0232  0.0231  0.0216  0.0248  0.0247  0.0239  0.0226  0.0244  0.0217  0.0237  0.0214  0.0212
niter,ni,del,rscale     5    3    5.0000    1.2000
parameters
   -1.0971  -18.5139   19.5077    3.4690    9.2905    3.1880
    1.3604   -0.3977   -0.5122   -2.9044    0.8609   -2.0040
eta,q 0.98029  4.84177
  0.0233  0.0226  0.0218  0.0240  0.0245  0.0229  0.0226  0.0244  0.0216  0.0233  0.0214  0.0214
  0.0213  0.0210  0.0206  0.0223  0.0223  0.0219  0.0210  0.0219  0.0206  0.0213  0.0205  0.0205
  0.0201  0.0200  0.0199  0.0207  0.0205  0.0208  0.0200  0.0203  0.0199  0.0200  0.0199  0.0199
  0.0197  0.0197  0.0197  0.0197  0.0197  0.0197  0.0197  0.0197  0.0197  0.0197  0.0197  0.0197
  0.0201  0.0201  0.0200  0.0200  0.0202  0.0196  0.0200  0.0202  0.0199  0.0203  0.0199  0.0199
  0.0213  0.0212  0.0206  0.0219  0.0222  0.0210  0.0210  0.0219  0.0206  0.0215  0.0205  0.0204
  0.0232  0.0229  0.0217  0.0246  0.0247  0.0239  0.0225  0.0243  0.0216  0.0235  0.0214  0.0213
niter,ni,del,rscale     4    3    5.0000    1.2000
parameters
   -1.0950  -18.5407   19.5196    3.4612    9.2875    3.1911
    1.3654   -0.3971   -0.5138   -2.9611    0.8666   -1.9562
eta,q 0.98029  4.84160
  0.0233  0.0227  0.0218  0.0240  0.0245  0.0229  0.0226  0.0243  0.0216  0.0234  0.0214  0.0214
  0.0213  0.0210  0.0206  0.0223  0.0223  0.0219  0.0210  0.0219  0.0206  0.0214  0.0205  0.0205
  0.0201  0.0200  0.0199  0.0207  0.0205  0.0208  0.0200  0.0203  0.0199  0.0201  0.0199  0.0199
  0.0197  0.0197  0.0197  0.0197  0.0197  0.0197  0.0197  0.0197  0.0197  0.0197  0.0197  0.0197
  0.0201  0.0201  0.0200  0.0199  0.0202  0.0196  0.0200  0.0202  0.0199  0.0202  0.0199  0.0199
  0.0213  0.0212  0.0206  0.0218  0.0221  0.0210  0.0210  0.0219  0.0206  0.0215  0.0205  0.0204
  0.0232  0.0228  0.0217  0.0246  0.0247  0.0239  0.0225  0.0244  0.0216  0.0234  0.0214  0.0213
registration optimization eta report
parameter search radius
    2.4000    2.7600    2.4000    8.2800    9.5220    7.2000
    7.2000    7.2000    7.2000    8.2800    7.2000    7.2000
100000*second partial in parameter space
       61.       40.       35.        7.        5.        7.
        5.        9.        4.        5.        3.        3.
  0.0233  0.0227  0.0218  0.0240  0.0245  0.0229  0.0226  0.0243  0.0216  0.0234  0.0214  0.0214
  0.0213  0.0210  0.0206  0.0223  0.0223  0.0219  0.0210  0.0219  0.0206  0.0214  0.0205  0.0205
  0.0201  0.0200  0.0199  0.0207  0.0205  0.0208  0.0200  0.0203  0.0199  0.0201  0.0199  0.0199
  0.0197  0.0197  0.0197  0.0197  0.0197  0.0197  0.0197  0.0197  0.0197  0.0197  0.0197  0.0197
  0.0201  0.0201  0.0200  0.0199  0.0202  0.0196  0.0200  0.0202  0.0199  0.0202  0.0199  0.0199
  0.0213  0.0212  0.0206  0.0218  0.0221  0.0210  0.0210  0.0219  0.0206  0.0215  0.0205  0.0204
  0.0232  0.0228  0.0217  0.0246  0.0247  0.0239  0.0225  0.0244  0.0216  0.0234  0.0214  0.0213
   -1.0950  -18.5407   19.5196    3.4612    9.2875    3.1911
    1.3654   -0.3971   -0.5138   -2.9611    0.8666   -1.9562
eta,q 0.98029  4.84160

---------------------------------------------------------------------
imgreg_4dfp /home/amit3/0Software/FreeSurf/FS741/usr/local/freesurfer/7.4.1/average/711-2C_as_mni_average_305 /home/amit3/0Software/FreeSurf/FS741/usr/local/freesurfer/7.4.1/average/711-2B_as_mni_average_305_mask talsrcimg_g11 none talsrcimg_to_711-2C_as_mni_average_305_t4 2311
---------------------------------------------------------------------

freesurfer imgreg_4dfp.c
/home/amit3/0Software/FreeSurf/FS741/usr/local/freesurfer/7.4.1/average/711-2C_as_mni_average_305.4dfp.img
       256       256       256         1
  1.000000  1.000000  1.000000
orientation T byte_order littleendian
Reading image: /home/amit3/0Software/FreeSurf/FS741/usr/local/freesurfer/7.4.1/average/711-2C_as_mni_average_305.4dfp.img
dimensions:      256       256       256
mmppix:       1.0000   -1.0000   -1.0000
center:     128.0000 -129.0000 -129.0000
/home/amit3/0Software/FreeSurf/FS741/usr/local/freesurfer/7.4.1/average/711-2B_as_mni_average_305_mask.4dfp.img
       256       256       256         1
  1.000000  1.000000  1.000000
orientation T byte_order littleendian
Reading mask: /home/amit3/0Software/FreeSurf/FS741/usr/local/freesurfer/7.4.1/average/711-2B_as_mni_average_305_mask.4dfp.img (2306576 pixels)
talsrcimg_g11.4dfp.img
       256       256       256         1
  1.000000  1.000000  1.000000
orientation T byte_order littleendian
Reading image: talsrcimg_g11.4dfp.img
dimensions:      256       256       256
mmppix:       1.0000   -1.0000   -1.0000
center:     128.0000 -129.0000 -129.0000
fimgreg.f
image alignment mode   2311 decimal      907 hex
parameters
   -1.0950  -18.5407   19.5196    3.4612    9.2875    3.1911
    1.3654   -0.3971   -0.5138   -2.9611    0.8666   -1.9562
eta,q 0.98029  4.84160
niter,ni,del,rscale     5    3    5.0000    0.8000
parameters
   -1.1203  -18.5635   19.5013    4.0454    9.4518    3.9310
    1.2998   -0.4043   -0.5926   -3.2697    0.9024   -2.2870
eta,q 0.98056  4.86042
  0.0212  0.0207  0.0206  0.0219  0.0212  0.0218  0.0208  0.0218  0.0203  0.0207  0.0203  0.0201
  0.0203  0.0202  0.0201  0.0209  0.0204  0.0211  0.0200  0.0205  0.0198  0.0199  0.0198  0.0197
  0.0198  0.0198  0.0198  0.0202  0.0199  0.0203  0.0196  0.0197  0.0195  0.0195  0.0195  0.0195
  0.0197  0.0197  0.0197  0.0197  0.0196  0.0196  0.0194  0.0194  0.0194  0.0194  0.0194  0.0194
  0.0199  0.0198  0.0198  0.0196  0.0197  0.0194  0.0196  0.0197  0.0196  0.0197  0.0195  0.0196
  0.0205  0.0202  0.0201  0.0201  0.0202  0.0199  0.0201  0.0205  0.0199  0.0202  0.0198  0.0199
  0.0213  0.0208  0.0206  0.0212  0.0210  0.0211  0.0209  0.0219  0.0204  0.0210  0.0203  0.0204
niter,ni,del,rscale     4    3    5.0000    0.7000
parameters
   -1.1401  -18.5733   19.5562    3.9889    9.4367    4.1800
    1.3100   -0.4120   -0.6101   -3.2809    0.9051   -2.3749
eta,q 0.98060  4.86302
  0.0207  0.0203  0.0203  0.0209  0.0206  0.0213  0.0205  0.0213  0.0201  0.0205  0.0201  0.0200
  0.0200  0.0198  0.0198  0.0202  0.0200  0.0206  0.0199  0.0203  0.0197  0.0199  0.0197  0.0197
  0.0195  0.0195  0.0195  0.0197  0.0196  0.0199  0.0195  0.0196  0.0195  0.0195  0.0195  0.0195
  0.0194  0.0194  0.0194  0.0194  0.0194  0.0194  0.0194  0.0194  0.0194  0.0194  0.0194  0.0194
  0.0196  0.0195  0.0195  0.0196  0.0196  0.0194  0.0195  0.0196  0.0195  0.0196  0.0195  0.0195
  0.0200  0.0198  0.0198  0.0201  0.0200  0.0200  0.0199  0.0202  0.0197  0.0199  0.0197  0.0197
  0.0207  0.0203  0.0202  0.0211  0.0207  0.0211  0.0205  0.0213  0.0201  0.0205  0.0201  0.0201
niter,ni,del,rscale     3    3    5.0000    0.6000
parameters
   -1.1461  -18.5738   19.5913    4.0179    9.4147    4.3529
    1.3134   -0.4000   -0.6211   -3.3192    0.8910   -2.4320
eta,q 0.98063  4.86517
  0.0203  0.0200  0.0200  0.0206  0.0203  0.0209  0.0202  0.0208  0.0199  0.0202  0.0199  0.0198
  0.0198  0.0197  0.0197  0.0200  0.0198  0.0203  0.0197  0.0200  0.0196  0.0197  0.0196  0.0196
  0.0195  0.0195  0.0195  0.0196  0.0195  0.0197  0.0194  0.0195  0.0194  0.0194  0.0194  0.0194
  0.0194  0.0194  0.0194  0.0194  0.0194  0.0194  0.0194  0.0194  0.0194  0.0194  0.0194  0.0194
  0.0195  0.0195  0.0195  0.0195  0.0195  0.0194  0.0195  0.0195  0.0194  0.0195  0.0194  0.0194
  0.0198  0.0197  0.0196  0.0199  0.0198  0.0199  0.0197  0.0200  0.0196  0.0198  0.0196  0.0196
  0.0203  0.0200  0.0199  0.0206  0.0203  0.0208  0.0202  0.0208  0.0199  0.0202  0.0199  0.0199
niter,ni,del,rscale     2    3    5.0000    0.5000
parameters
   -1.1540  -18.5752   19.6168    4.0482    9.4066    4.4877
    1.3101   -0.3952   -0.6266   -3.3608    0.8869   -2.4665
eta,q 0.98064  4.86695
  0.0200  0.0198  0.0198  0.0202  0.0200  0.0205  0.0199  0.0204  0.0197  0.0200  0.0197  0.0197
  0.0196  0.0196  0.0196  0.0198  0.0197  0.0200  0.0196  0.0198  0.0195  0.0196  0.0195  0.0195
  0.0194  0.0194  0.0194  0.0195  0.0194  0.0196  0.0194  0.0195  0.0194  0.0194  0.0194  0.0194
  0.0194  0.0194  0.0194  0.0194  0.0194  0.0194  0.0194  0.0194  0.0194  0.0194  0.0194  0.0194
  0.0194  0.0194  0.0194  0.0194  0.0194  0.0194  0.0194  0.0195  0.0194  0.0194  0.0194  0.0194
  0.0197  0.0196  0.0195  0.0197  0.0196  0.0198  0.0196  0.0198  0.0195  0.0196  0.0195  0.0195
  0.0200  0.0198  0.0198  0.0202  0.0200  0.0204  0.0199  0.0204  0.0197  0.0200  0.0197  0.0197
niter,ni,del,rscale     1    3    5.0000    0.4000
parameters
   -1.1578  -18.5837   19.6416    4.0776    9.3823    4.5952
    1.3164   -0.3824   -0.6349   -3.4074    0.9027   -2.4905
eta,q 0.98064  4.86817
  0.0198  0.0196  0.0197  0.0199  0.0197  0.0201  0.0197  0.0200  0.0196  0.0197  0.0196  0.0196
  0.0195  0.0195  0.0195  0.0196  0.0195  0.0198  0.0195  0.0197  0.0195  0.0195  0.0195  0.0195
  0.0194  0.0194  0.0194  0.0194  0.0194  0.0195  0.0194  0.0194  0.0194  0.0194  0.0194  0.0194
  0.0194  0.0194  0.0194  0.0194  0.0194  0.0194  0.0194  0.0194  0.0194  0.0194  0.0194  0.0194
  0.0194  0.0194  0.0194  0.0194  0.0194  0.0194  0.0194  0.0194  0.0194  0.0194  0.0194  0.0194
  0.0195  0.0195  0.0195  0.0196  0.0195  0.0196  0.0195  0.0196  0.0195  0.0195  0.0195  0.0195
  0.0198  0.0196  0.0196  0.0199  0.0198  0.0200  0.0197  0.0200  0.0196  0.0197  0.0196  0.0196
registration optimization eta report
parameter search radius
    0.8000    0.8000    0.8000    2.4000    2.4000    2.4000
    2.4000    2.4000    2.4000    2.4000    2.4000    2.4000
100000*second partial in parameter space
       66.       43.       43.       10.        7.       12.
        6.       11.        4.        7.        4.        4.
  0.0198  0.0196  0.0197  0.0199  0.0197  0.0201  0.0197  0.0200  0.0196  0.0197  0.0196  0.0196
  0.0195  0.0195  0.0195  0.0196  0.0195  0.0198  0.0195  0.0197  0.0195  0.0195  0.0195  0.0195
  0.0194  0.0194  0.0194  0.0194  0.0194  0.0195  0.0194  0.0194  0.0194  0.0194  0.0194  0.0194
  0.0194  0.0194  0.0194  0.0194  0.0194  0.0194  0.0194  0.0194  0.0194  0.0194  0.0194  0.0194
  0.0194  0.0194  0.0194  0.0194  0.0194  0.0194  0.0194  0.0194  0.0194  0.0194  0.0194  0.0194
  0.0195  0.0195  0.0195  0.0196  0.0195  0.0196  0.0195  0.0196  0.0195  0.0195  0.0195  0.0195
  0.0198  0.0196  0.0196  0.0199  0.0198  0.0200  0.0197  0.0200  0.0196  0.0197  0.0196  0.0196
   -1.1578  -18.5837   19.6416    4.0776    9.3823    4.5952
    1.3164   -0.3824   -0.6349   -3.4074    0.9027   -2.4905
eta,q 0.98064  4.86817

---------------------------------------------------------------------
imgreg_4dfp /home/amit3/0Software/FreeSurf/FS741/usr/local/freesurfer/7.4.1/average/711-2C_as_mni_average_305 /home/amit3/0Software/FreeSurf/FS741/usr/local/freesurfer/7.4.1/average/711-2B_as_mni_average_305_mask talsrcimg_g11 none talsrcimg_to_711-2C_as_mni_average_305_t4 2311
---------------------------------------------------------------------

freesurfer imgreg_4dfp.c
/home/amit3/0Software/FreeSurf/FS741/usr/local/freesurfer/7.4.1/average/711-2C_as_mni_average_305.4dfp.img
       256       256       256         1
  1.000000  1.000000  1.000000
orientation T byte_order littleendian
Reading image: /home/amit3/0Software/FreeSurf/FS741/usr/local/freesurfer/7.4.1/average/711-2C_as_mni_average_305.4dfp.img
dimensions:      256       256       256
mmppix:       1.0000   -1.0000   -1.0000
center:     128.0000 -129.0000 -129.0000
/home/amit3/0Software/FreeSurf/FS741/usr/local/freesurfer/7.4.1/average/711-2B_as_mni_average_305_mask.4dfp.img
       256       256       256         1
  1.000000  1.000000  1.000000
orientation T byte_order littleendian
Reading mask: /home/amit3/0Software/FreeSurf/FS741/usr/local/freesurfer/7.4.1/average/711-2B_as_mni_average_305_mask.4dfp.img (2306576 pixels)
talsrcimg_g11.4dfp.img
       256       256       256         1
  1.000000  1.000000  1.000000
orientation T byte_order littleendian
Reading image: talsrcimg_g11.4dfp.img
dimensions:      256       256       256
mmppix:       1.0000   -1.0000   -1.0000
center:     128.0000 -129.0000 -129.0000
fimgreg.f
image alignment mode   2311 decimal      907 hex
parameters
   -1.1578  -18.5837   19.6416    4.0776    9.3823    4.5952
    1.3164   -0.3824   -0.6349   -3.4074    0.9027   -2.4905
eta,q 0.98064  4.86817
niter,ni,del,rscale     5    3    5.0000    0.8000
parameters
   -1.1340  -18.5876   19.6680    3.8007    9.3217    4.2213
    1.3367   -0.4051   -0.6001   -3.2099    0.8723   -2.3074
eta,q 0.98059  4.86057
  0.0211  0.0205  0.0205  0.0211  0.0209  0.0213  0.0208  0.0218  0.0203  0.0210  0.0203  0.0203
  0.0201  0.0198  0.0199  0.0202  0.0201  0.0205  0.0200  0.0205  0.0198  0.0201  0.0198  0.0198
  0.0195  0.0195  0.0195  0.0196  0.0195  0.0198  0.0196  0.0197  0.0195  0.0196  0.0195  0.0195
  0.0194  0.0194  0.0194  0.0194  0.0194  0.0194  0.0194  0.0194  0.0194  0.0194  0.0194  0.0194
  0.0195  0.0195  0.0195  0.0196  0.0195  0.0196  0.0196  0.0197  0.0195  0.0196  0.0195  0.0195
  0.0201  0.0199  0.0198  0.0204  0.0201  0.0207  0.0200  0.0205  0.0198  0.0200  0.0198  0.0197
  0.0210  0.0205  0.0204  0.0218  0.0210  0.0224  0.0208  0.0218  0.0203  0.0207  0.0203  0.0202
niter,ni,del,rscale     4    3    5.0000    0.7000
parameters
   -1.1412  -18.5739   19.6155    3.9430    9.3762    4.2345
    1.3174   -0.4117   -0.6016   -3.2760    0.8901   -2.3448
eta,q 0.98061  4.86267
  0.0207  0.0203  0.0201  0.0210  0.0206  0.0211  0.0204  0.0213  0.0201  0.0205  0.0201  0.0200
  0.0200  0.0198  0.0197  0.0203  0.0200  0.0204  0.0199  0.0202  0.0197  0.0199  0.0197  0.0197
  0.0195  0.0195  0.0195  0.0197  0.0196  0.0198  0.0195  0.0196  0.0195  0.0195  0.0195  0.0195
  0.0194  0.0194  0.0194  0.0194  0.0194  0.0194  0.0194  0.0194  0.0194  0.0194  0.0194  0.0194
  0.0196  0.0195  0.0195  0.0195  0.0195  0.0195  0.0195  0.0196  0.0195  0.0196  0.0195  0.0195
  0.0200  0.0198  0.0198  0.0200  0.0199  0.0202  0.0199  0.0202  0.0197  0.0199  0.0197  0.0197
  0.0207  0.0202  0.0203  0.0209  0.0206  0.0214  0.0205  0.0213  0.0201  0.0205  0.0201  0.0200
niter,ni,del,rscale     3    3    5.0000    0.6000
parameters
   -1.1467  -18.5764   19.6063    4.0114    9.4000    4.3573
    1.3114   -0.3989   -0.6202   -3.3274    0.8911   -2.4100
eta,q 0.98062  4.86502
  0.0203  0.0200  0.0200  0.0206  0.0203  0.0208  0.0202  0.0208  0.0199  0.0202  0.0199  0.0198
  0.0198  0.0197  0.0196  0.0200  0.0198  0.0202  0.0197  0.0200  0.0196  0.0197  0.0196  0.0196
  0.0195  0.0195  0.0194  0.0196  0.0195  0.0197  0.0194  0.0195  0.0194  0.0194  0.0194  0.0194
  0.0194  0.0194  0.0194  0.0194  0.0194  0.0194  0.0194  0.0194  0.0194  0.0194  0.0194  0.0194
  0.0195  0.0195  0.0195  0.0195  0.0195  0.0194  0.0195  0.0195  0.0194  0.0195  0.0194  0.0194
  0.0198  0.0197  0.0197  0.0199  0.0198  0.0199  0.0197  0.0200  0.0196  0.0198  0.0196  0.0196
  0.0203  0.0200  0.0200  0.0206  0.0203  0.0208  0.0202  0.0208  0.0199  0.0202  0.0199  0.0199
niter,ni,del,rscale     2    3    5.0000    0.5000
parameters
   -1.1515  -18.5796   19.6181    4.0519    9.3939    4.4860
    1.3099   -0.3947   -0.6281   -3.3717    0.8830   -2.4528
eta,q 0.98064  4.86681
  0.0200  0.0198  0.0198  0.0202  0.0200  0.0205  0.0199  0.0204  0.0197  0.0199  0.0197  0.0197
  0.0196  0.0196  0.0196  0.0198  0.0197  0.0200  0.0196  0.0198  0.0195  0.0196  0.0195  0.0195
  0.0194  0.0194  0.0194  0.0195  0.0194  0.0196  0.0194  0.0195  0.0194  0.0194  0.0194  0.0194
  0.0194  0.0194  0.0194  0.0194  0.0194  0.0194  0.0194  0.0194  0.0194  0.0194  0.0194  0.0194
  0.0195  0.0194  0.0194  0.0194  0.0194  0.0194  0.0194  0.0195  0.0194  0.0194  0.0194  0.0194
  0.0197  0.0196  0.0196  0.0197  0.0196  0.0198  0.0196  0.0198  0.0195  0.0197  0.0195  0.0195
  0.0200  0.0198  0.0198  0.0202  0.0200  0.0204  0.0199  0.0204  0.0197  0.0200  0.0197  0.0197
niter,ni,del,rscale     1    3    5.0000    0.4000
parameters
   -1.1568  -18.5874   19.6411    4.0804    9.3803    4.5951
    1.3117   -0.3810   -0.6320   -3.4096    0.8956   -2.4928
eta,q 0.98064  4.86816
  0.0198  0.0196  0.0197  0.0199  0.0197  0.0201  0.0197  0.0200  0.0196  0.0197  0.0196  0.0196
  0.0195  0.0195  0.0195  0.0196  0.0195  0.0198  0.0195  0.0197  0.0195  0.0195  0.0195  0.0194
  0.0194  0.0194  0.0194  0.0194  0.0194  0.0195  0.0194  0.0194  0.0194  0.0194  0.0194  0.0194
  0.0194  0.0194  0.0194  0.0194  0.0194  0.0194  0.0194  0.0194  0.0194  0.0194  0.0194  0.0194
  0.0194  0.0194  0.0194  0.0194  0.0194  0.0194  0.0194  0.0194  0.0194  0.0194  0.0194  0.0194
  0.0195  0.0195  0.0195  0.0196  0.0195  0.0196  0.0195  0.0196  0.0195  0.0195  0.0195  0.0195
  0.0198  0.0196  0.0196  0.0199  0.0198  0.0200  0.0197  0.0200  0.0196  0.0197  0.0196  0.0196
registration optimization eta report
parameter search radius
    0.8000    0.8000    0.8000    2.4000    2.4000    2.4000
    2.4000    2.4000    2.4000    2.4000    2.4000    2.4000
100000*second partial in parameter space
       66.       43.       43.       10.        7.       12.
        6.       11.        4.        7.        4.        4.
  0.0198  0.0196  0.0197  0.0199  0.0197  0.0201  0.0197  0.0200  0.0196  0.0197  0.0196  0.0196
  0.0195  0.0195  0.0195  0.0196  0.0195  0.0198  0.0195  0.0197  0.0195  0.0195  0.0195  0.0194
  0.0194  0.0194  0.0194  0.0194  0.0194  0.0195  0.0194  0.0194  0.0194  0.0194  0.0194  0.0194
  0.0194  0.0194  0.0194  0.0194  0.0194  0.0194  0.0194  0.0194  0.0194  0.0194  0.0194  0.0194
  0.0194  0.0194  0.0194  0.0194  0.0194  0.0194  0.0194  0.0194  0.0194  0.0194  0.0194  0.0194
  0.0195  0.0195  0.0195  0.0196  0.0195  0.0196  0.0195  0.0196  0.0195  0.0195  0.0195  0.0195
  0.0198  0.0196  0.0196  0.0199  0.0198  0.0200  0.0197  0.0200  0.0196  0.0197  0.0196  0.0196
   -1.1568  -18.5874   19.6411    4.0804    9.3803    4.5951
    1.3117   -0.3810   -0.6320   -3.4096    0.8956   -2.4928
eta,q 0.98064  4.86816

---------------------------------------------------------------------
compute_vox2vox talsrcimg talsrcimg_to_711-2C_as_mni_average_305_t4 /home/amit3/0Software/FreeSurf/FS741/usr/local/freesurfer/7.4.1/average/711-2C_as_mni_average_305
---------------------------------------------------------------------

freesurfer compute_vox2vox.c
Reading: talsrcimg.4dfp.ifh
Reading: talsrcimg_to_711-2C_as_mni_average_305_t4
Reading: /home/amit3/0Software/FreeSurf/FS741/usr/local/freesurfer/7.4.1/average/711-2C_as_mni_average_305.4dfp.ifh
Writing: talsrcimg_to_711-2C_as_mni_average_305_t4_vox2vox.txt

start time Wed Jan 8 17:36:27 EET 2025
end		time Wed Jan 8 17:36:48 EET 2025

mpr2mni305 success

avi2talxfm orig_nu.mgz /home/amit3/0Software/FreeSurf/FS741/usr/local/freesurfer/7.4.1/average/mni305.cor.mgz talsrcimg_to_711-2C_as_mni_average_305_t4_vox2vox.txt transforms/talairach.auto.xfm
avi2talxfm done
mv -f /home/amit3/DATA/FS_DIR/subjects/0FS741/ICBM2009cNolinAsym/mri/talsrcimg_to_711-2C_as_mni_average_305_t4_vox2vox.txt /home/amit3/DATA/FS_DIR/subjects/0FS741/ICBM2009cNolinAsym/mri/transforms/talsrcimg_to_711-2C_as_mni_average_305_t4_vox2vox.txt
lta_convert --src orig_nu.mgz --trg /home/amit3/0Software/FreeSurf/FS741/usr/local/freesurfer/7.4.1/average/mni305.cor.mgz --inxfm transforms/talairach.auto.xfm --outlta transforms/talairach.auto.xfm.lta --subject fsaverage
7.4.1

--src: orig_nu.mgz src image (geometry).
--trg: /home/amit3/0Software/FreeSurf/FS741/usr/local/freesurfer/7.4.1/average/mni305.cor.mgz trg image (geometry).
--inmni: transforms/talairach.auto.xfm input MNI/XFM transform.
--outlta: transforms/talairach.auto.xfm.lta output LTA.
--s: fsaverage subject name
 LTA read, type : 1
 0.96070   0.00313  -0.01145   0.62638;
-0.00810   0.95675   0.02190  -2.09515;
 0.00530   0.02984   0.91486   0.04941;
 0.00000   0.00000   0.00000   1.00000;
setting subject to fsaverage
Writing  LTA to file transforms/talairach.auto.xfm.lta...
lta_convert successful.
 
 
Started at Wed Jan 8 17:36:26 EET 2025
Ended   at Wed Jan  8 17:36:49 EET 2025
talairach_avi done
