Log file for defect2seg
Wed Jan  8 19:52:49 EET 2025

setenv SUBJECTS_DIR /home/amit3/DATA/FS_DIR/subjects/0FS741
cd /home/amit3/DATA/FS_DIR/subjects/0FS741/ICBM2009cNolinAsym/scripts
/home/amit3/0Software/FreeSurf/FS741/usr/local/freesurfer/7.4.1/bin/defect2seg --s ICBM2009cNolinAsym --cortex

freesurfer-linux-ubuntu20_x86_64-7.4.1-20230614-7eb8460
defect2seg 7.4.1
Linux dell7770 6.8.0-51-generic #52-Ubuntu SMP PREEMPT_DYNAMIC Thu Dec  5 13:09:44 UTC 2024 x86_64 x86_64 x86_64 GNU/Linux
pid 1313300
mri_label2label --label-cortex /home/amit3/DATA/FS_DIR/subjects/0FS741/ICBM2009cNolinAsym/surf/lh.orig.nofix /home/amit3/DATA/FS_DIR/subjects/0FS741/ICBM2009cNolinAsym/mri/aseg.presurf.mgz 0 /home/amit3/DATA/FS_DIR/subjects/0FS741/ICBM2009cNolinAsym/label/lh.nofix.cortex.label

 Generating cortex label... RemoveHipAmgy=0
 NucAccIsMedialWall=0
 mris->useRealRAS=0
12 non-cortical segments detected
only using segment with 9571 vertices
erasing segment 1 (vno[0] = 54154)
erasing segment 2 (vno[0] = 98615)
erasing segment 3 (vno[0] = 104701)
erasing segment 4 (vno[0] = 104757)
erasing segment 5 (vno[0] = 104852)
erasing segment 6 (vno[0] = 107160)
erasing segment 7 (vno[0] = 107266)
erasing segment 8 (vno[0] = 109709)
erasing segment 9 (vno[0] = 110767)
erasing segment 10 (vno[0] = 111855)
erasing segment 11 (vno[0] = 111957)
mri_label2vol --defects /home/amit3/DATA/FS_DIR/subjects/0FS741/ICBM2009cNolinAsym/surf/lh.orig.nofix /home/amit3/DATA/FS_DIR/subjects/0FS741/ICBM2009cNolinAsym/surf/lh.defect_labels /home/amit3/DATA/FS_DIR/subjects/0FS741/ICBM2009cNolinAsym/mri/orig.mgz 1000 0 /home/amit3/DATA/FS_DIR/subjects/0FS741/ICBM2009cNolinAsym/mri/surface.defects.mgz /home/amit3/DATA/FS_DIR/subjects/0FS741/ICBM2009cNolinAsym/label/lh.nofix.cortex.label
mri_label2vol supposed to be reproducible but seed not set
Contraining to label /home/amit3/DATA/FS_DIR/subjects/0FS741/ICBM2009cNolinAsym/label/lh.nofix.cortex.label
Changing input type 0 to MRI_INT
Converting defects to volume: offset=1000, merge=0
Writing to /home/amit3/DATA/FS_DIR/subjects/0FS741/ICBM2009cNolinAsym/mri/surface.defects.mgz
mris_defects_pointset -s /home/amit3/DATA/FS_DIR/subjects/0FS741/ICBM2009cNolinAsym/surf/lh.orig.nofix -d /home/amit3/DATA/FS_DIR/subjects/0FS741/ICBM2009cNolinAsym/surf/lh.defect_labels -o /home/amit3/DATA/FS_DIR/subjects/0FS741/ICBM2009cNolinAsym/surf/lh.defects.pointset --label /home/amit3/DATA/FS_DIR/subjects/0FS741/ICBM2009cNolinAsym/label/lh.nofix.cortex.label
Reading in surface /home/amit3/DATA/FS_DIR/subjects/0FS741/ICBM2009cNolinAsym/surf/lh.orig.nofix
Reading in defect segmentation /home/amit3/DATA/FS_DIR/subjects/0FS741/ICBM2009cNolinAsym/surf/lh.defect_labels
Reading in label /home/amit3/DATA/FS_DIR/subjects/0FS741/ICBM2009cNolinAsym/label/lh.nofix.cortex.label
#VMPC# mris_defects_pointset 200576
mris_defects_pointset done
mri_label2label --label-cortex /home/amit3/DATA/FS_DIR/subjects/0FS741/ICBM2009cNolinAsym/surf/rh.orig.nofix /home/amit3/DATA/FS_DIR/subjects/0FS741/ICBM2009cNolinAsym/mri/aseg.presurf.mgz 0 /home/amit3/DATA/FS_DIR/subjects/0FS741/ICBM2009cNolinAsym/label/rh.nofix.cortex.label

 Generating cortex label... RemoveHipAmgy=0
 NucAccIsMedialWall=0
 mris->useRealRAS=0
14 non-cortical segments detected
only using segment with 9245 vertices
erasing segment 0 (vno[0] = 12035)
erasing segment 1 (vno[0] = 15437)
erasing segment 2 (vno[0] = 17374)
erasing segment 3 (vno[0] = 17410)
erasing segment 5 (vno[0] = 54510)
erasing segment 6 (vno[0] = 59735)
erasing segment 7 (vno[0] = 102696)
erasing segment 8 (vno[0] = 104998)
erasing segment 9 (vno[0] = 107191)
erasing segment 10 (vno[0] = 108410)
erasing segment 11 (vno[0] = 109594)
erasing segment 12 (vno[0] = 109702)
erasing segment 13 (vno[0] = 110881)
mri_label2vol --defects /home/amit3/DATA/FS_DIR/subjects/0FS741/ICBM2009cNolinAsym/surf/rh.orig.nofix /home/amit3/DATA/FS_DIR/subjects/0FS741/ICBM2009cNolinAsym/surf/rh.defect_labels /home/amit3/DATA/FS_DIR/subjects/0FS741/ICBM2009cNolinAsym/mri/surface.defects.mgz 2000 1 /home/amit3/DATA/FS_DIR/subjects/0FS741/ICBM2009cNolinAsym/mri/surface.defects.mgz /home/amit3/DATA/FS_DIR/subjects/0FS741/ICBM2009cNolinAsym/label/rh.nofix.cortex.label
mri_label2vol supposed to be reproducible but seed not set
Contraining to label /home/amit3/DATA/FS_DIR/subjects/0FS741/ICBM2009cNolinAsym/label/rh.nofix.cortex.label
Converting defects to volume: offset=2000, merge=1
Writing to /home/amit3/DATA/FS_DIR/subjects/0FS741/ICBM2009cNolinAsym/mri/surface.defects.mgz
mris_defects_pointset -s /home/amit3/DATA/FS_DIR/subjects/0FS741/ICBM2009cNolinAsym/surf/rh.orig.nofix -d /home/amit3/DATA/FS_DIR/subjects/0FS741/ICBM2009cNolinAsym/surf/rh.defect_labels -o /home/amit3/DATA/FS_DIR/subjects/0FS741/ICBM2009cNolinAsym/surf/rh.defects.pointset --label /home/amit3/DATA/FS_DIR/subjects/0FS741/ICBM2009cNolinAsym/label/rh.nofix.cortex.label
Reading in surface /home/amit3/DATA/FS_DIR/subjects/0FS741/ICBM2009cNolinAsym/surf/rh.orig.nofix
Reading in defect segmentation /home/amit3/DATA/FS_DIR/subjects/0FS741/ICBM2009cNolinAsym/surf/rh.defect_labels
Reading in label /home/amit3/DATA/FS_DIR/subjects/0FS741/ICBM2009cNolinAsym/label/rh.nofix.cortex.label
#VMPC# mris_defects_pointset 199396
mris_defects_pointset done
 
Started at Wed Jan 8 19:52:49 EET 2025 
Ended   at Wed Jan  8 19:53:15 EET 2025
Defect2seg-Run-Time-Sec 26
Defect2seg-Run-Time-Min 0.52
Defect2seg-Run-Time-Hours 0.01
 
defect2seg Done
