Logfile for bbregister
Mon May 11 11:36:39 EEST 2026

setenv SUBJECTS_DIR /home/neurosign/FS_SUBS_DIR/fs741
cd /home/neurosign/FS_SUBS_DIR/fs741/NIHPD_75_135/scripts
/home/neurosign/Softwares/FreeSurf/fs741/freesurfer/bin/bbregister --s NIHPD_75_135 --mov /home/neurosign/FS_SUBS_DIR/fs741/NIHPD_75_135/mri/orig/T2raw.mgz --lta /home/neurosign/FS_SUBS_DIR/fs741/NIHPD_75_135/mri/transforms/T2raw.auto.lta --init-coreg --T2 --gm-proj-abs 2 --wm-proj-abs 1 --no-coreg-ref-mask

bbregister 7.4.1
Linux neurosignal 6.17.0-23-generic #23~24.04.1-Ubuntu SMP PREEMPT_DYNAMIC Tue Apr 14 16:11:48 UTC 2 x86_64 x86_64 x86_64 GNU/Linux
FREESURFER_HOME /home/neurosign/Softwares/FreeSurf/fs741/freesurfer
mri_convert /home/neurosign/FS_SUBS_DIR/fs741/NIHPD_75_135/mri/orig/T2raw.mgz /home/neurosign/FS_SUBS_DIR/fs741/NIHPD_75_135/mri/transforms/tmp.bbregister.527449/template.nii
mri_convert /home/neurosign/FS_SUBS_DIR/fs741/NIHPD_75_135/mri/orig/T2raw.mgz /home/neurosign/FS_SUBS_DIR/fs741/NIHPD_75_135/mri/transforms/tmp.bbregister.527449/template.nii 
reading from /home/neurosign/FS_SUBS_DIR/fs741/NIHPD_75_135/mri/orig/T2raw.mgz...
TR=0.00, TE=0.00, TI=0.00, flip angle=0.00
i_ras = (1, 0, 0)
j_ras = (0, 1, 0)
k_ras = (0, 0, 1)
writing to /home/neurosign/FS_SUBS_DIR/fs741/NIHPD_75_135/mri/transforms/tmp.bbregister.527449/template.nii...
mri_coreg --s NIHPD_75_135 --mov /home/neurosign/FS_SUBS_DIR/fs741/NIHPD_75_135/mri/transforms/tmp.bbregister.527449/template.nii --regdat /home/neurosign/FS_SUBS_DIR/fs741/NIHPD_75_135/mri/transforms/tmp.bbregister.527449/reg.init.dat --reg /home/neurosign/FS_SUBS_DIR/fs741/NIHPD_75_135/mri/transforms/tmp.bbregister.527449/mri_coreg.lta --nthreads 8 --dof 6 --sep 4 --ftol .0001 --linmintol .01 --no-ref-mask

$Id: mri_coreg.c,v 1.27 2016/04/30 15:11:49 greve Exp $
cwd /home/neurosign/FS_SUBS_DIR/fs741/NIHPD_75_135/scripts
cmdline mri_coreg --s NIHPD_75_135 --mov /home/neurosign/FS_SUBS_DIR/fs741/NIHPD_75_135/mri/transforms/tmp.bbregister.527449/template.nii --regdat /home/neurosign/FS_SUBS_DIR/fs741/NIHPD_75_135/mri/transforms/tmp.bbregister.527449/reg.init.dat --reg /home/neurosign/FS_SUBS_DIR/fs741/NIHPD_75_135/mri/transforms/tmp.bbregister.527449/mri_coreg.lta --nthreads 8 --dof 6 --sep 4 --ftol .0001 --linmintol .01 --no-ref-mask 
sysname  Linux
hostname neurosignal
machine  x86_64
user     neurosign
dof    6
nsep    1
cras0    1
ftol    0.000100
linmintol    0.010000
bf       1
bflim    30.000000
bfnsamp    30
SmoothRef 0
SatPct    99.990000
MovOOB 0
optschema 1
Seed 53
Reading in mov /home/neurosign/FS_SUBS_DIR/fs741/NIHPD_75_135/mri/transforms/tmp.bbregister.527449/template.nii
Reading in ref /home/neurosign/FS_SUBS_DIR/fs741/NIHPD_75_135/mri/brainmask.mgz
Setting cras translation parameters to align volume centers
Init matrix params -1.0000  0.0000 -1.0000  0.0000  0.0000  0.0000  1.0000  1.0000  1.0000  0.0000  0.0000  0.0000 
Initial Matrix (RAS2RAS)
 1.00000   0.00000   0.00000   1.00000;
 0.00000   1.00000   0.00000   0.00000;
 0.00000   0.00000   1.00000   1.00000;
 0.00000   0.00000   0.00000   1.00000;
Initial parameters to be opt -1.0000  0.0000 -1.0000  0.0000  0.0000  0.0000 
Creating random numbers for coordinate dithering
Performing intensity dithering
Performing intensity dithering on mov with computed dither
Separation list (1):  4   min = 4
DoSmoothing 1
DoCoordDither 1
DoIntensityDither 1
nitersmax 4
ftol 1.000e-04
linmintol 1.000e-02
SatPct 99.990000
Hist FWHM 7.000000 7.000000
nthreads 8
movsat = 101.7210
mov gstd 1.8914 1.8914 1.8914
Smoothing mov
refsat = 255.0000
ref gstd 1.8914 1.8914 1.8914
Smoothing ref
COREGpreproc() done
Testing if mov and target overlap
Init cost   -1.0674569694
nhits = 133542 out of 16777216, Percent Overlap:  50.9
Initial  RefRAS-to-MovRAS
 1.00000   0.00000   0.00000  -1.00000;
 0.00000   1.00000   0.00000   0.00000;
 0.00000   0.00000   1.00000  -1.00000;
 0.00000   0.00000   0.00000   1.00000;
Initial  RefVox-to-MovVox
-1.00000   0.00000   0.00000   225.50000;
 0.00000   0.00000   1.00000  -11.50000;
 0.00000  -1.00000   0.00000   221.50000;
 0.00000   0.00000   0.00000   1.00000;
sep = 4 -----------------------------------
COREGoptBruteForce() 30 1 30
Turning on MovOOB for BruteForce Search
#BF# sep= 4 iter=0 lim=30.0 delta=2.00   1.00000   2.00000   1.00000   2.00000   0.00000   0.00000   -1.0560150
Turning  MovOOB back off after brute force search


---------------------------------
Init Powel Params dof = 6: 1.000000 2.000000 1.000000 2.000000 0.000000 0.000000 
Starting OpenPowel2(), sep = 4
InitialCost        -1.0710272789 
#@#  4  188  1.00000 2.00000 1.00000 2.00000 0.00000 0.00000   -1.0710273
fs_powell::minimize
  nparams 6
  maxfev 4
  ftol   0.000100
  linmin_xtol_   0.010000
  powell nthiter 0: fret = -1.071027
#@#  4  193  0.38197 2.00000 1.00000 2.00000 0.00000 0.00000   -1.0713227
#@#  4  195  0.51489 2.00000 1.00000 2.00000 0.00000 0.00000   -1.0713607
#@#  4  203  0.51489 1.38197 1.00000 2.00000 0.00000 0.00000   -1.0718514
#@#  4  204  0.51489 1.00000 1.00000 2.00000 0.00000 0.00000   -1.0719045
#@#  4  205  0.51489 1.08468 1.00000 2.00000 0.00000 0.00000   -1.0719225
#@#  4  206  0.51489 1.13216 1.00000 2.00000 0.00000 0.00000   -1.0719248
#@#  4  216  0.51489 1.12216 0.98882 2.00000 0.00000 0.00000   -1.0719258
#@#  4  220  0.51489 1.12216 0.98882 0.38197 0.00000 0.00000   -1.0726055
#@#  4  223  0.51489 1.12216 0.98882 1.00000 0.00000 0.00000   -1.0726274
#@#  4  225  0.51489 1.12216 0.98882 0.72249 0.00000 0.00000   -1.0726763
#@#  4  234  0.51489 1.12216 0.98882 0.71249 -0.05042 0.00000   -1.0726790
#@#  4  244  0.51489 1.12216 0.98882 0.71249 -0.05042 0.04374   -1.0726836
#@#  4  245  0.51489 1.12216 0.98882 0.71249 -0.05042 0.06717   -1.0726837
#@#  4  246  0.51489 1.12216 0.98882 0.71249 -0.05042 0.07717   -1.0726838
  powell nthiter 1: fret = -1.072684
#@#  4  258  0.55477 1.12216 0.98882 0.71249 -0.05042 0.07717   -1.0726845
#@#  4  260  0.53650 1.12216 0.98882 0.71249 -0.05042 0.07717   -1.0726858
#@#  4  276  0.53650 1.12216 1.10908 0.71249 -0.05042 0.07717   -1.0727155
#@#  4  277  0.53650 1.12216 1.12008 0.71249 -0.05042 0.07717   -1.0727165
#@#  4  279  0.53650 1.12216 1.13155 0.71249 -0.05042 0.07717   -1.0727174
#@#  4  286  0.53650 1.12216 1.13155 0.65168 -0.05042 0.07717   -1.0727198
#@#  4  287  0.53650 1.12216 1.13155 0.64168 -0.05042 0.07717   -1.0727203
#@#  4  301  0.53650 1.12216 1.13155 0.64168 -0.03893 0.07717   -1.0727210
#@#  4  309  0.53650 1.12216 1.13155 0.64168 -0.03893 0.08717   -1.0727211
Powell done niters total = 1
OptTimeSec  3.9 sec
OptTimeMin  0.07 min
nEvals 311
Final optimized parameters   0.53649902   1.12216437   1.13154602   0.64167565  -0.03892974   0.08716805 
Final matrix parameters  0.5365  1.1222  1.1315  0.6417 -0.0389  0.0972  1.0000  1.0000  1.0000  0.0000  0.0000  0.0000 
Final cost   -1.072721159286360
 

---------------------------------
Final  RefRAS-to-MovRAS
 1.00000   0.00152  -0.00068   0.53650;
-0.00151   0.99994   0.01120   1.12216;
 0.00070  -0.01120   0.99994   1.13155;
 0.00000   0.00000   0.00000   1.00000;
Final  RefVox-to-MovVox
-1.00000   0.00068   0.00152   226.71271;
 0.00151  -0.01120   0.99994  -8.87759;
-0.00070  -0.99994  -0.01120   225.34088;
 0.00000   0.00000   0.00000   1.00000;
Final matrix parameters  0.5365  1.1222  1.1315  0.6417 -0.0389  0.0872  0.0000  0.0000  0.0000  0.0000  0.0000  0.0000 
Final opt parameters  0.5365  1.1222  1.1315  0.6417 -0.0389  0.0872 
nhits = 133497 out of 16777216, Percent Overlap:  50.9
mri_coreg RunTimeSec 25.9 sec
To check run:
   tkregisterfv --mov /home/neurosign/FS_SUBS_DIR/fs741/NIHPD_75_135/mri/transforms/tmp.bbregister.527449/template.nii --targ /home/neurosign/FS_SUBS_DIR/fs741/NIHPD_75_135/mri/brainmask.mgz --reg /home/neurosign/FS_SUBS_DIR/fs741/NIHPD_75_135/mri/transforms/tmp.bbregister.527449/mri_coreg.lta --s NIHPD_75_135 --surfs 

mri_coreg done

mri_segreg --mov /home/neurosign/FS_SUBS_DIR/fs741/NIHPD_75_135/mri/transforms/tmp.bbregister.527449/template.nii --init-reg /home/neurosign/FS_SUBS_DIR/fs741/NIHPD_75_135/mri/transforms/tmp.bbregister.527449/reg.init.dat --out-reg /home/neurosign/FS_SUBS_DIR/fs741/NIHPD_75_135/mri/transforms/tmp.bbregister.527449/bbr.pass1.dat --subsamp-brute 100 --subsamp 100 --tol 1e-4 --tol1d 1e-3 --brute -4 4 4 --surf white --gm-proj-abs 2 --gm-gt-wm 0.5
7.4.1
setenv SUBJECTS_DIR /home/neurosign/FS_SUBS_DIR/fs741
cd /home/neurosign/FS_SUBS_DIR/fs741/NIHPD_75_135/scripts
mri_segreg --mov /home/neurosign/FS_SUBS_DIR/fs741/NIHPD_75_135/mri/transforms/tmp.bbregister.527449/template.nii --init-reg /home/neurosign/FS_SUBS_DIR/fs741/NIHPD_75_135/mri/transforms/tmp.bbregister.527449/reg.init.dat --out-reg /home/neurosign/FS_SUBS_DIR/fs741/NIHPD_75_135/mri/transforms/tmp.bbregister.527449/bbr.pass1.dat --subsamp-brute 100 --subsamp 100 --tol 1e-4 --tol1d 1e-3 --brute -4 4 4 --surf white --gm-proj-abs 2 --gm-gt-wm 0.5 
sysname  Linux
hostname neurosignal
machine  x86_64
user     neurosign
movvol /home/neurosign/FS_SUBS_DIR/fs741/NIHPD_75_135/mri/transforms/tmp.bbregister.527449/template.nii
regfile /home/neurosign/FS_SUBS_DIR/fs741/NIHPD_75_135/mri/transforms/tmp.bbregister.527449/reg.init.dat
subject NIHPD_75_135
dof 6
outregfile /home/neurosign/FS_SUBS_DIR/fs741/NIHPD_75_135/mri/transforms/tmp.bbregister.527449/bbr.pass1.dat
UseMask 0
UseLH 1
UseRH 1
nsubsamp 100
PenaltySign  -1
PenaltySlope 0.500000
PenaltyCenter 0.000000
surfname white
GMProjAbs 2.000000
WMProjAbs 2.000000
lhcostfile (null)
rhcostfile (null)
interp  trilinear (1)
frame  0
TolPowell 0.000100
nMaxItersPowell 36
n1dmin  3
Profile   0
Gdiag_no  -1
AddNoise  0 (0)
SynthSeed 1779086995
TransRandMax 0.000000
RotRandMax 0.000000
Translations 0.000000 0.000000 0.000000
Rotations   0.000000 0.000000 0.000000
Input reg
-1.00000  -0.00152   0.00068  -0.49461;
 0.00070  -0.01120   0.99994   1.32645;
 0.00151  -0.99994  -0.01120  -1.37450;
 0.00000   0.00000   0.00000   1.00000;

Loading mov
ExcludeZeroVoxels 1
Reading in targ vol /home/neurosign/FS_SUBS_DIR/fs741/NIHPD_75_135/mri/orig.mgz
Projecting LH Surfs
Loading lh.white surf
GM Proj: 0 0.500000 2.000000
WM Proj: 0 0.500000 2.000000
Projecting RH Surfs
Loading rh.white surf
Projecting RH Surfs
Using lh.cortex.label
Using rh.cortex.label
Computing relative cost
 0  -25.0 -25.0 -25.0   1.003126
 1  -25.0 -25.0  25.0   1.000674
 2  -25.0  25.0 -25.0   0.996160
 3  -25.0  25.0  25.0   1.002334
 4   25.0 -25.0 -25.0   1.002035
 5   25.0 -25.0  25.0   1.019684
 6   25.0  25.0 -25.0   0.991375
 7   25.0  25.0  25.0   1.020102
REL:  8  0.157007    8.035491  1.004436 rel = 0.156313 
Initial costs ----------------
Number of surface hits 2956
WM  Intensity    59.3715 +/-   7.3513
Ctx Intensity    72.0397 +/-   6.8022
Pct Contrast     19.5003 +/-  13.6737
Cost   0.1570
RelCost   0.1563

------------------------------------
Brute force preopt -4 4 4, n = 729
     0  -4.0000  -4.0000  -4.0000  -4.0000  -4.0000  -4.0000      0.9533   0.9533  0.0
     1  -4.0000  -4.0000  -4.0000  -4.0000  -4.0000   0.0000      0.9308   0.9308  0.0
     2  -4.0000  -4.0000  -4.0000  -4.0000  -4.0000   4.0000      0.8424   0.8424  0.0
    11  -4.0000  -4.0000  -4.0000   0.0000  -4.0000   4.0000      0.8381   0.8381  0.0
    24  -4.0000  -4.0000  -4.0000   4.0000   4.0000  -4.0000      0.8104   0.8104  0.0
    34  -4.0000  -4.0000   0.0000  -4.0000   4.0000   0.0000      0.7870   0.7870  0.0
    42  -4.0000  -4.0000   0.0000   0.0000   4.0000  -4.0000      0.7564   0.7564  0.0
    46  -4.0000  -4.0000   0.0000   4.0000  -4.0000   0.0000      0.7308   0.7308  0.0
   145  -4.0000   0.0000   4.0000   0.0000  -4.0000   0.0000      0.7060   0.7060  0.0
   273   0.0000  -4.0000   0.0000  -4.0000   0.0000  -4.0000      0.6949   0.6949  0.0
   274   0.0000  -4.0000   0.0000  -4.0000   0.0000   0.0000      0.5886   0.5886  0.0
   282   0.0000  -4.0000   0.0000   0.0000   0.0000  -4.0000      0.5457   0.5457  0.0
   283   0.0000  -4.0000   0.0000   0.0000   0.0000   0.0000      0.2848   0.2848  0.0
   364   0.0000   0.0000   0.0000   0.0000   0.0000   0.0000      0.1570   0.1570  0.0
Brute Force --------------------------
Min cost was 0.157007
Number of iterations   729
Search time 1.208909 sec
Parameters at best (transmm, rotdeg)
  0.000   0.000   0.000  0.000  0.000  0.000 
--------------------------------------------

Starting Powell Minimization
Init Powel Params dof = 6
0 0
1 0
2 0
3 0
4 0
5 0
fs_powell::minimize
  nparams 6
  maxfev 36
  ftol   0.000100
  linmin_xtol_   0.001000
  powell nthiter 0: fret = 0.157007
   6  0.382  0.000  0.000  0.000  0.000  0.000   0.1470050253
   7  0.619  0.000  0.000  0.000  0.000  0.000   0.1468098933
   8  0.511  0.000  0.000  0.000  0.000  0.000   0.1456109078
   9  0.505  0.000  0.000  0.000  0.000  0.000   0.1455793027
  10  0.458  0.000  0.000  0.000  0.000  0.000   0.1455653649
  11  0.480  0.000  0.000  0.000  0.000  0.000   0.1455049992
  13  0.479  0.000  0.000  0.000  0.000  0.000   0.1455046048
  18  0.479 -1.618  0.000  0.000  0.000  0.000   0.0575700486
  22  0.479 -1.382  0.000  0.000  0.000  0.000   0.0554484496
  23  0.479 -1.396  0.000  0.000  0.000  0.000   0.0554347174
  24  0.479 -1.400  0.000  0.000  0.000  0.000   0.0554338516
  28  0.479 -1.400  1.000  0.000  0.000  0.000   0.0191681936
  34  0.479 -1.400  1.040  0.000  0.000  0.000   0.0190472708
  36  0.479 -1.400  1.041  0.000  0.000  0.000   0.0190463057
  37  0.479 -1.400  1.043  0.000  0.000  0.000   0.0190458903
  40  0.479 -1.400  1.043  1.000  0.000  0.000   0.0182699720
  44  0.479 -1.400  1.043  0.618  0.000  0.000   0.0174955389
  46  0.479 -1.400  1.043  0.598  0.000  0.000   0.0174875910
  47  0.479 -1.400  1.043  0.370  0.000  0.000   0.0173743073
  48  0.479 -1.400  1.043  0.229  0.000  0.000   0.0172783534
  50  0.479 -1.400  1.043  0.283  0.000  0.000   0.0171833049
  52  0.479 -1.400  1.043  0.277  0.000  0.000   0.0171811689
  54  0.479 -1.400  1.043  0.274  0.000  0.000   0.0171808771
  63  0.479 -1.400  1.043  0.274  0.098  0.000   0.0161888293
  65  0.479 -1.400  1.043  0.274  0.131  0.000   0.0161181630
  67  0.479 -1.400  1.043  0.274  0.128  0.000   0.0161175122
  69  0.479 -1.400  1.043  0.274  0.129  0.000   0.0161175026
  76  0.479 -1.400  1.043  0.274  0.129  0.382   0.0143749499
  79  0.479 -1.400  1.043  0.274  0.129  0.384   0.0143748973
  powell nthiter 1: fret = 0.014375
  90  0.439 -1.400  1.043  0.274  0.129  0.384   0.0143193071
  91  0.443 -1.400  1.043  0.274  0.129  0.384   0.0143145267
  92  0.450 -1.400  1.043  0.274  0.129  0.384   0.0143107893
  93  0.451 -1.400  1.043  0.274  0.129  0.384   0.0143107493
 100  0.451 -1.018  1.043  0.274  0.129  0.384   0.0142135366
 101  0.451 -1.203  1.043  0.274  0.129  0.384   0.0136047968
 102  0.451 -1.202  1.043  0.274  0.129  0.384   0.0136045308
 103  0.451 -1.196  1.043  0.274  0.129  0.384   0.0136037403
 105  0.451 -1.195  1.043  0.274  0.129  0.384   0.0136037156
 116  0.451 -1.195  1.034  0.274  0.129  0.384   0.0135890314
 117  0.451 -1.195  1.026  0.274  0.129  0.384   0.0135804066
 119  0.451 -1.195  1.018  0.274  0.129  0.384   0.0135792274
 120  0.451 -1.195  1.020  0.274  0.129  0.384   0.0135788703
 129  0.451 -1.195  1.020  0.402  0.129  0.384   0.0135231339
 130  0.451 -1.195  1.020  0.355  0.129  0.384   0.0134479668
 131  0.451 -1.195  1.020  0.347  0.129  0.384   0.0134424054
 132  0.451 -1.195  1.020  0.332  0.129  0.384   0.0134389726
 133  0.451 -1.195  1.020  0.333  0.129  0.384   0.0134388415
 143  0.451 -1.195  1.020  0.333  0.113  0.384   0.0134270499
 144  0.451 -1.195  1.020  0.333  0.115  0.384   0.0134270331
 146  0.451 -1.195  1.020  0.333  0.114  0.384   0.0134269547
 154  0.451 -1.195  1.020  0.333  0.114  0.373   0.0133906203
 155  0.451 -1.195  1.020  0.333  0.114  0.311   0.0132581444
 157  0.451 -1.195  1.020  0.333  0.114  0.298   0.0132505167
 158  0.451 -1.195  1.020  0.333  0.114  0.296   0.0132502532
 159  0.451 -1.195  1.020  0.333  0.114  0.295   0.0132500710
 162  0.451 -1.195  1.020  0.333  0.114  0.293   0.0132500450
 171  0.446 -1.162  1.017  0.342  0.112  0.279   0.0132139763
 172  0.446 -1.161  1.017  0.343  0.112  0.278   0.0132138790
 174  0.446 -1.161  1.017  0.342  0.112  0.279   0.0132138335
 176  0.446 -1.161  1.017  0.343  0.112  0.278   0.0132138274
 177  0.446 -1.161  1.017  0.343  0.112  0.278   0.0132137771
  powell nthiter 2: fret = 0.013214
 184  0.481 -1.161  1.017  0.343  0.112  0.278   0.0131186376
 186  0.492 -1.161  1.017  0.343  0.112  0.278   0.0131135119
 196  0.492 -1.161  1.017  0.343  0.112  0.263   0.0130936404
 197  0.492 -1.161  1.017  0.343  0.112  0.248   0.0130810970
 199  0.492 -1.161  1.017  0.343  0.112  0.241   0.0130786436
 200  0.492 -1.161  1.017  0.343  0.112  0.238   0.0130785825
 202  0.492 -1.161  1.017  0.343  0.112  0.239   0.0130785466
 212  0.492 -1.161  1.023  0.343  0.112  0.239   0.0130783103
 213  0.492 -1.161  1.020  0.343  0.112  0.239   0.0130775379
 224  0.492 -1.161  1.020  0.327  0.112  0.239   0.0130700230
 235  0.492 -1.161  1.020  0.327  0.103  0.239   0.0130634974
 237  0.492 -1.161  1.020  0.327  0.104  0.239   0.0130634479
 244  0.481 -1.083  1.011  0.349  0.099  0.204   0.0129917528
 245  0.484 -1.103  1.014  0.343  0.100  0.213   0.0129908337
 246  0.483 -1.094  1.013  0.346  0.100  0.209   0.0129903184
 247  0.483 -1.095  1.013  0.345  0.100  0.210   0.0129902808
 248  0.483 -1.096  1.013  0.345  0.100  0.210   0.0129902693
 250  0.483 -1.096  1.013  0.345  0.100  0.210   0.0129902683
 251  0.483 -1.095  1.013  0.345  0.100  0.210   0.0129902280
 252  0.515 -0.996  1.005  0.358  0.085  0.126   0.0128581240
 258  0.503 -1.034  1.008  0.353  0.091  0.158   0.0128499397
 259  0.509 -1.016  1.007  0.355  0.088  0.144   0.0128301662
 260  0.509 -1.016  1.007  0.355  0.088  0.144   0.0128300923
 261  0.511 -1.008  1.006  0.356  0.087  0.137   0.0128290705
 262  0.510 -1.012  1.006  0.356  0.088  0.140   0.0128286954
  powell nthiter 3: fret = 0.012829
 274  0.517 -1.060  1.012  0.342  0.091  0.161   0.0128031796
 275  0.515 -1.048  1.010  0.345  0.090  0.156   0.0127975433
 276  0.515 -1.046  1.010  0.346  0.090  0.155   0.0127972173
 277  0.515 -1.044  1.010  0.347  0.090  0.154   0.0127971290
 292  0.515 -1.044  1.010  0.347  0.090  0.168   0.0127917470
 293  0.515 -1.044  1.010  0.347  0.090  0.167   0.0127917251
 294  0.515 -1.044  1.010  0.347  0.090  0.166   0.0127917188
 305  0.515 -1.044  1.033  0.347  0.090  0.166   0.0127429970
 307  0.515 -1.044  1.032  0.347  0.090  0.166   0.0127429609
 316  0.515 -1.044  1.032  0.397  0.090  0.166   0.0127393583
 317  0.515 -1.044  1.032  0.374  0.090  0.166   0.0127325387
 318  0.515 -1.044  1.032  0.375  0.090  0.166   0.0127325169
 319  0.515 -1.044  1.032  0.376  0.090  0.166   0.0127324795
 333  0.515 -1.044  1.032  0.376  0.101  0.166   0.0127248883
 334  0.515 -1.044  1.032  0.376  0.099  0.166   0.0127242033
 342  0.527 -1.006  1.029  0.381  0.093  0.134   0.0126230134
 344  0.528 -1.001  1.028  0.381  0.093  0.131   0.0126226452
 345  0.528 -1.003  1.029  0.381  0.093  0.132   0.0126226376
 346  0.528 -1.002  1.028  0.381  0.093  0.131   0.0126225665
  powell nthiter 4: fret = 0.012623
 357  0.528 -1.003  1.029  0.381  0.093  0.132   0.0126206131
 358  0.529 -1.012  1.030  0.379  0.094  0.136   0.0126131109
 360  0.529 -1.012  1.030  0.379  0.094  0.136   0.0126128490
 361  0.530 -1.013  1.030  0.378  0.094  0.136   0.0126123243
 363  0.530 -1.014  1.030  0.378  0.094  0.137   0.0126122716
 364  0.530 -1.014  1.030  0.378  0.094  0.137   0.0126121889
 365  0.530 -1.015  1.030  0.378  0.094  0.137   0.0126120668
 376  0.530 -1.015  1.030  0.378  0.094  0.143   0.0126120117
 377  0.530 -1.015  1.030  0.378  0.094  0.140   0.0126115075
 378  0.530 -1.015  1.030  0.378  0.094  0.139   0.0126114293
 389  0.530 -1.015  1.036  0.378  0.094  0.139   0.0126084309
 391  0.530 -1.015  1.035  0.378  0.094  0.139   0.0126083808
 400  0.530 -1.015  1.035  0.392  0.094  0.139   0.0126046526
 401  0.530 -1.015  1.035  0.393  0.094  0.139   0.0126046061
 413  0.530 -1.015  1.035  0.393  0.097  0.139   0.0126040365
 414  0.530 -1.015  1.035  0.393  0.096  0.139   0.0126040099
 420  0.542 -0.976  1.032  0.397  0.090  0.107   0.0126006762
 421  0.536 -0.994  1.034  0.395  0.093  0.122   0.0125857971
 427  0.544 -0.987  1.039  0.409  0.093  0.113   0.0125572490
 430  0.558 -0.974  1.047  0.432  0.093  0.099   0.0125279686
 431  0.570 -0.963  1.054  0.452  0.092  0.086   0.0125242395
 432  0.566 -0.967  1.052  0.445  0.092  0.090   0.0125234212
 437  0.566 -0.967  1.052  0.445  0.092  0.090   0.0125234064
  powell nthiter 5: fret = 0.012523
 450  0.566 -0.971  1.052  0.444  0.093  0.091   0.0125226363
 451  0.566 -0.970  1.052  0.444  0.093  0.091   0.0125225495
 463  0.566 -0.970  1.052  0.444  0.093  0.099   0.0125203846
 464  0.566 -0.970  1.052  0.444  0.093  0.100   0.0125203219
 475  0.566 -0.970  1.044  0.444  0.093  0.100   0.0125111049
 476  0.566 -0.970  1.043  0.444  0.093  0.100   0.0125109467
 484  0.566 -0.970  1.043  0.437  0.093  0.100   0.0125099126
 500  0.575 -0.962  1.048  0.451  0.093  0.091   0.0125086499
 504  0.571 -0.965  1.046  0.446  0.093  0.095   0.0125083064
 505  0.572 -0.965  1.047  0.447  0.093  0.094   0.0125082869
 506  0.572 -0.965  1.047  0.447  0.093  0.094   0.0125081746
  powell nthiter 6: fret = 0.012508
 520  0.573 -0.969  1.047  0.446  0.093  0.096   0.0125073582
 523  0.573 -0.968  1.047  0.446  0.093  0.096   0.0125073545
 543  0.573 -0.968  1.043  0.446  0.093  0.096   0.0125040888
 544  0.573 -0.968  1.041  0.446  0.093  0.096   0.0125039824
 552  0.573 -0.968  1.041  0.439  0.093  0.096   0.0125031455
 554  0.573 -0.968  1.041  0.440  0.093  0.096   0.0125030643
 567  0.573 -0.968  1.041  0.440  0.090  0.096   0.0125027834
 575  0.576 -0.965  1.043  0.446  0.090  0.092   0.0125019139
 576  0.576 -0.965  1.043  0.446  0.090  0.092   0.0125018711
 581  0.576 -0.965  1.043  0.446  0.090  0.092   0.0125018510
 585  0.579 -0.966  1.040  0.445  0.088  0.090   0.0124982349
 588  0.585 -0.967  1.035  0.443  0.085  0.087   0.0124974459
 589  0.583 -0.967  1.037  0.443  0.086  0.088   0.0124971328
 593  0.583 -0.967  1.037  0.443  0.086  0.088   0.0124971327
 596  0.583 -0.967  1.037  0.443  0.086  0.088   0.0124971090
  powell nthiter 7: fret = 0.012497
 611  0.585 -0.976  1.038  0.441  0.087  0.092   0.0124913566
 616  0.585 -0.976  1.038  0.441  0.087  0.092   0.0124913553
 634  0.585 -0.976  1.038  0.441  0.087  0.092   0.0124912832
 648  0.585 -0.976  1.038  0.439  0.087  0.092   0.0124910144
 649  0.585 -0.976  1.038  0.435  0.087  0.092   0.0124905202
 653  0.585 -0.976  1.038  0.434  0.087  0.092   0.0124904961
 664  0.585 -0.976  1.038  0.434  0.086  0.092   0.0124903481
 667  0.589 -0.977  1.035  0.433  0.083  0.090   0.0124896353
 671  0.587 -0.976  1.036  0.434  0.084  0.091   0.0124896142
 672  0.588 -0.976  1.035  0.433  0.084  0.091   0.0124895366
 674  0.587 -0.976  1.036  0.433  0.084  0.091   0.0124895185
 689  0.592 -0.980  1.033  0.429  0.082  0.090   0.0124891344
 691  0.591 -0.980  1.033  0.429  0.082  0.090   0.0124891254
 692  0.591 -0.980  1.033  0.429  0.082  0.090   0.0124890576
 693  0.591 -0.980  1.033  0.430  0.082  0.090   0.0124890457
  powell nthiter 8: fret = 0.012489
 710  0.591 -0.980  1.033  0.430  0.082  0.090   0.0124890378
 713  0.591 -0.980  1.034  0.430  0.082  0.090   0.0124890227
 725  0.591 -0.980  1.034  0.430  0.082  0.092   0.0124889776
 732  0.594 -0.977  1.035  0.435  0.082  0.089   0.0124876826
 759  0.594 -0.977  1.035  0.435  0.083  0.089   0.0124876356
 767  0.596 -0.979  1.034  0.433  0.082  0.088   0.0124875402
  powell nthiter 9: fret = 0.012488
 782  0.598 -0.979  1.033  0.432  0.081  0.088   0.0124875210
 803  0.598 -0.979  1.033  0.432  0.081  0.090   0.0124872770
 804  0.598 -0.979  1.033  0.432  0.081  0.091   0.0124872162
 812  0.599 -0.978  1.034  0.435  0.081  0.089   0.0124871565
 813  0.599 -0.978  1.034  0.434  0.081  0.089   0.0124871520
 815  0.599 -0.978  1.034  0.434  0.081  0.089   0.0124871506
 817  0.599 -0.978  1.034  0.434  0.081  0.089   0.0124871363
 828  0.599 -0.978  1.034  0.433  0.081  0.089   0.0124871054
 847  0.598 -0.977  1.034  0.434  0.082  0.089   0.0124870948
 848  0.598 -0.977  1.034  0.434  0.081  0.089   0.0124870934
 850  0.598 -0.977  1.034  0.434  0.081  0.089   0.0124870772
Powell done niters = 9
Computing relative cost
 0  -25.0 -25.0 -25.0   1.009760
 1  -25.0 -25.0  25.0   0.984570
 2  -25.0  25.0 -25.0   0.976596
 3  -25.0  25.0  25.0   1.011750
 4   25.0 -25.0 -25.0   1.016785
 5   25.0 -25.0  25.0   1.015535
 6   25.0  25.0 -25.0   1.015586
 7   25.0  25.0  25.0   0.997835
REL:  8  0.012487    8.028418  1.003552 rel = 0.0124429 
Number of iterations     9
Min cost was 0.012487
Number of FunctionCalls   853
TolPowell 0.000100
nMaxItersPowell 36
OptimizationTime 1.342172 sec
Parameters at optimum (transmm)  0.59832 -0.97729  1.03394
Parameters at optimum (rotdeg)  0.43396  0.08149  0.08932 
Final costs ----------------
Number of surface hits 2956
WM  Intensity    56.8694 +/-   6.3222
Ctx Intensity    73.5966 +/-   4.9687
Pct Contrast     25.9183 +/-  12.0120
Cost   0.0125
RelCost   0.1563
Reg at min cost was 
-1.00000  -0.00294  -0.00088   0.09969;
-0.00087  -0.00363   0.99999   0.35875;
 0.00294  -0.99999  -0.00363  -0.32977;
 0.00000   0.00000   0.00000   1.00000;

Writing optimal reg to /home/neurosign/FS_SUBS_DIR/fs741/NIHPD_75_135/mri/transforms/tmp.bbregister.527449/bbr.pass1.dat, type = 14 
Original Reg 
-1.00000  -0.00152   0.00068  -0.49461;
 0.00070  -0.01120   0.99994   1.32645;
 0.00151  -0.99994  -0.01120  -1.37450;
 0.00000   0.00000   0.00000   1.00000;

Original Reg - Optimal Reg
-0.00000   0.00142   0.00156  -0.59430;
 0.00157  -0.00757  -0.00006   0.96769;
-0.00143   0.00005  -0.00757  -1.04473;
 0.00000   0.00000   0.00000   0.00000;

Computing change in lh position
LH rmsDiffMean 1.512129
Computing change in rh position
Surface-RMS-Diff-mm 1.562525 0.266957 2.062294
mri_segreg done
mri_segreg --mov /home/neurosign/FS_SUBS_DIR/fs741/NIHPD_75_135/mri/transforms/tmp.bbregister.527449/template.nii --init-reg /home/neurosign/FS_SUBS_DIR/fs741/NIHPD_75_135/mri/transforms/tmp.bbregister.527449/bbr.pass1.dat --out-reg /home/neurosign/FS_SUBS_DIR/fs741/NIHPD_75_135/mri/transforms/T2raw.auto.dat --interp trilinear --wm-proj-abs 1 --tol 1e-8 --tol1d 1e-3 --c0 0 --mincost /home/neurosign/FS_SUBS_DIR/fs741/NIHPD_75_135/mri/transforms/T2raw.auto.dat.mincost --dof 6 --nmax 36 --param /home/neurosign/FS_SUBS_DIR/fs741/NIHPD_75_135/mri/transforms/T2raw.auto.dat.param --surf white --brute -0.1 0.1 0.1 --cur-reg /home/neurosign/FS_SUBS_DIR/fs741/NIHPD_75_135/mri/transforms/tmp.bbregister.527449/reg.curopt.dat --gm-proj-abs 2 --nsub 1 --gm-gt-wm 0.5
7.4.1
setenv SUBJECTS_DIR /home/neurosign/FS_SUBS_DIR/fs741
cd /home/neurosign/FS_SUBS_DIR/fs741/NIHPD_75_135/scripts
mri_segreg --mov /home/neurosign/FS_SUBS_DIR/fs741/NIHPD_75_135/mri/transforms/tmp.bbregister.527449/template.nii --init-reg /home/neurosign/FS_SUBS_DIR/fs741/NIHPD_75_135/mri/transforms/tmp.bbregister.527449/bbr.pass1.dat --out-reg /home/neurosign/FS_SUBS_DIR/fs741/NIHPD_75_135/mri/transforms/T2raw.auto.dat --interp trilinear --wm-proj-abs 1 --tol 1e-8 --tol1d 1e-3 --c0 0 --mincost /home/neurosign/FS_SUBS_DIR/fs741/NIHPD_75_135/mri/transforms/T2raw.auto.dat.mincost --dof 6 --nmax 36 --param /home/neurosign/FS_SUBS_DIR/fs741/NIHPD_75_135/mri/transforms/T2raw.auto.dat.param --surf white --brute -0.1 0.1 0.1 --cur-reg /home/neurosign/FS_SUBS_DIR/fs741/NIHPD_75_135/mri/transforms/tmp.bbregister.527449/reg.curopt.dat --gm-proj-abs 2 --nsub 1 --gm-gt-wm 0.5 
sysname  Linux
hostname neurosignal
machine  x86_64
user     neurosign
movvol /home/neurosign/FS_SUBS_DIR/fs741/NIHPD_75_135/mri/transforms/tmp.bbregister.527449/template.nii
regfile /home/neurosign/FS_SUBS_DIR/fs741/NIHPD_75_135/mri/transforms/tmp.bbregister.527449/bbr.pass1.dat
subject NIHPD_75_135
dof 6
outregfile /home/neurosign/FS_SUBS_DIR/fs741/NIHPD_75_135/mri/transforms/T2raw.auto.dat
UseMask 0
UseLH 1
UseRH 1
nsubsamp 1
PenaltySign  -1
PenaltySlope 0.500000
PenaltyCenter 0.000000
surfname white
GMProjAbs 2.000000
WMProjAbs 1.000000
lhcostfile (null)
rhcostfile (null)
interp  trilinear (1)
frame  0
TolPowell 0.000000
nMaxItersPowell 36
n1dmin  3
Profile   0
Gdiag_no  -1
AddNoise  0 (0)
SynthSeed 1778554848
TransRandMax 0.000000
RotRandMax 0.000000
Translations 0.000000 0.000000 0.000000
Rotations   0.000000 0.000000 0.000000
Input reg
-1.00000  -0.00294  -0.00088   0.09969;
-0.00087  -0.00363   0.99999   0.35875;
 0.00294  -0.99999  -0.00363  -0.32977;
 0.00000   0.00000   0.00000   1.00000;

Loading mov
ExcludeZeroVoxels 1
Reading in targ vol /home/neurosign/FS_SUBS_DIR/fs741/NIHPD_75_135/mri/orig.mgz
Projecting LH Surfs
Loading lh.white surf
GM Proj: 0 0.500000 2.000000
WM Proj: 0 0.500000 1.000000
Projecting RH Surfs
Loading rh.white surf
Projecting RH Surfs
Using lh.cortex.label
Using rh.cortex.label
Computing relative cost
 0  -25.0 -25.0 -25.0   1.006380
 1  -25.0 -25.0  25.0   0.993507
 2  -25.0  25.0 -25.0   0.981400
 3  -25.0  25.0  25.0   1.005195
 4   25.0 -25.0 -25.0   0.992792
 5   25.0 -25.0  25.0   1.001755
 6   25.0  25.0 -25.0   1.007696
 7   25.0  25.0  25.0   0.994736
REL:  8  0.012503    7.983460  0.997932 rel = 0.0125293 
Initial costs ----------------
Number of surface hits 294946
WM  Intensity    58.8989 +/-   5.5379
Ctx Intensity    73.5928 +/-   4.9223
Pct Contrast     22.3340 +/-   9.7646
Cost   0.0125
RelCost   0.0125

------------------------------------
Brute force preopt -0.1 0.1 0.1, n = 729
     0  -0.1000  -0.1000  -0.1000  -0.1000  -0.1000  -0.1000      0.0136   0.0136  0.0
     1  -0.1000  -0.1000  -0.1000  -0.1000  -0.1000   0.0000      0.0130   0.0130  0.0
     2  -0.1000  -0.1000  -0.1000  -0.1000  -0.1000   0.1000      0.0125   0.0125  0.0
     3  -0.1000  -0.1000  -0.1000  -0.1000   0.0000  -0.1000      0.0124   0.0124  0.0
     4  -0.1000  -0.1000  -0.1000  -0.1000   0.0000   0.0000      0.0124   0.0124  0.0
     5  -0.1000  -0.1000  -0.1000  -0.1000   0.0000   0.1000      0.0123   0.0123  0.0
     6  -0.1000  -0.1000  -0.1000  -0.1000   0.1000  -0.1000      0.0123   0.0123  0.0
Brute Force --------------------------
Min cost was 0.012268
Number of iterations   729
Search time 0.949674 sec
Parameters at best (transmm, rotdeg)
 -0.100  -0.100  -0.100 -0.100  0.100 -0.100 
--------------------------------------------

Starting Powell Minimization
Init Powel Params dof = 6
0 -0.1
1 -0.1
2 -0.1
3 -0.1
4 0.1
5 -0.1
fs_powell::minimize
  nparams 6
  maxfev 36
  ftol   0.000000
  linmin_xtol_   0.001000
  powell nthiter 0: fret = 0.013179
   7 -0.071 -0.100 -0.100 -0.100  0.100 -0.100   0.0131672925
   8 -0.067 -0.100 -0.100 -0.100  0.100 -0.100   0.0131669176
   9 -0.062 -0.100 -0.100 -0.100  0.100 -0.100   0.0131667005
  18 -0.062 -0.086 -0.100 -0.100  0.100 -0.100   0.0131651932
  19 -0.062 -0.085 -0.100 -0.100  0.100 -0.100   0.0131651688
  20 -0.062 -0.084 -0.100 -0.100  0.100 -0.100   0.0131651382
  23 -0.062 -0.083 -0.100 -0.100  0.100 -0.100   0.0131651325
  30 -0.062 -0.083  0.064 -0.100  0.100 -0.100   0.0130302585
  31 -0.062 -0.083  0.039 -0.100  0.100 -0.100   0.0130171544
  32 -0.062 -0.083  0.024 -0.100  0.100 -0.100   0.0130148737
  34 -0.062 -0.083  0.026 -0.100  0.100 -0.100   0.0130148443
  42 -0.062 -0.083  0.026  0.282  0.100 -0.100   0.0128203146
  43 -0.062 -0.083  0.026  0.121  0.100 -0.100   0.0127082524
  44 -0.062 -0.083  0.026  0.138  0.100 -0.100   0.0127029631
  45 -0.062 -0.083  0.026  0.152  0.100 -0.100   0.0127009008
  46 -0.062 -0.083  0.026  0.158  0.100 -0.100   0.0127007339
  47 -0.062 -0.083  0.026  0.157  0.100 -0.100   0.0127007177
  55 -0.062 -0.083  0.026  0.157 -0.127 -0.100   0.0123885075
  56 -0.062 -0.083  0.026  0.157 -0.110 -0.100   0.0123793368
  57 -0.062 -0.083  0.026  0.157 -0.088 -0.100   0.0123682875
  59 -0.062 -0.083  0.026  0.157 -0.061 -0.100   0.0123658619
  60 -0.062 -0.083  0.026  0.157 -0.069 -0.100   0.0123640475
  61 -0.062 -0.083  0.026  0.157 -0.072 -0.100   0.0123640009
  63 -0.062 -0.083  0.026  0.157 -0.071 -0.100   0.0123639514
  70 -0.062 -0.083  0.026  0.157 -0.071  0.091   0.0121968324
  72 -0.062 -0.083  0.026  0.157 -0.071  0.099   0.0121965100
  74 -0.062 -0.083  0.026  0.157 -0.071  0.100   0.0121965082
  powell nthiter 1: fret = 0.012197
  83 -0.091 -0.083  0.026  0.157 -0.071  0.100   0.0121964305
  84 -0.077 -0.083  0.026  0.157 -0.071  0.100   0.0121944994
  86 -0.078 -0.083  0.026  0.157 -0.071  0.100   0.0121944973
  97 -0.078 -0.087  0.026  0.157 -0.071  0.100   0.0121943916
  98 -0.078 -0.086  0.026  0.157 -0.071  0.100   0.0121943903
 107 -0.078 -0.086  0.030  0.157 -0.071  0.100   0.0121937330
 108 -0.078 -0.086  0.036  0.157 -0.071  0.100   0.0121936007
 109 -0.078 -0.086  0.034  0.157 -0.071  0.100   0.0121935607
 118 -0.078 -0.086  0.034  0.149 -0.071  0.100   0.0121898386
 119 -0.078 -0.086  0.034  0.105 -0.071  0.100   0.0121835609
 121 -0.078 -0.086  0.034  0.117 -0.071  0.100   0.0121824261
 122 -0.078 -0.086  0.034  0.118 -0.071  0.100   0.0121823994
 132 -0.078 -0.086  0.034  0.118 -0.087  0.100   0.0121743537
 133 -0.078 -0.086  0.034  0.118 -0.094  0.100   0.0121740345
 134 -0.078 -0.086  0.034  0.118 -0.092  0.100   0.0121738967
 136 -0.078 -0.086  0.034  0.118 -0.091  0.100   0.0121738920
 145 -0.078 -0.086  0.034  0.118 -0.091  0.112   0.0121729620
 146 -0.078 -0.086  0.034  0.118 -0.091  0.114   0.0121729474
 147 -0.078 -0.086  0.034  0.118 -0.091  0.115   0.0121729442
  powell nthiter 2: fret = 0.012173
 157 -0.065 -0.086  0.034  0.118 -0.091  0.115   0.0121727590
 158 -0.071 -0.086  0.034  0.118 -0.091  0.115   0.0121722831
 159 -0.072 -0.086  0.034  0.118 -0.091  0.115   0.0121722831
 169 -0.072 -0.084  0.034  0.118 -0.091  0.115   0.0121722356
 170 -0.072 -0.083  0.034  0.118 -0.091  0.115   0.0121722207
 172 -0.072 -0.082  0.034  0.118 -0.091  0.115   0.0121722204
 182 -0.072 -0.082  0.023  0.118 -0.091  0.115   0.0121707691
 183 -0.072 -0.082  0.022  0.118 -0.091  0.115   0.0121707682
 192 -0.072 -0.082  0.022  0.119 -0.091  0.115   0.0121706931
 193 -0.072 -0.082  0.022  0.122 -0.091  0.115   0.0121705673
 196 -0.072 -0.082  0.022  0.123 -0.091  0.115   0.0121705535
 205 -0.072 -0.082  0.022  0.123 -0.093  0.115   0.0121696166
 206 -0.072 -0.082  0.022  0.123 -0.103  0.115   0.0121682587
 207 -0.072 -0.082  0.022  0.123 -0.102  0.115   0.0121682525
  powell nthiter 3: fret = 0.012168
 226 -0.058 -0.082  0.022  0.123 -0.102  0.115   0.0121680517
 227 -0.065 -0.082  0.022  0.123 -0.102  0.115   0.0121675097
 238 -0.065 -0.081  0.022  0.123 -0.102  0.115   0.0121674973
 239 -0.065 -0.080  0.022  0.123 -0.102  0.115   0.0121674944
 251 -0.065 -0.080  0.021  0.123 -0.102  0.115   0.0121674925
 262 -0.065 -0.080  0.021  0.126 -0.102  0.115   0.0121673856
 274 -0.065 -0.080  0.021  0.126 -0.107  0.115   0.0121670909
 284 -0.065 -0.080  0.021  0.126 -0.107  0.109   0.0121669394
 285 -0.065 -0.080  0.021  0.126 -0.107  0.108   0.0121669354
 287 -0.057 -0.078  0.020  0.130 -0.111  0.102   0.0121662705
 292 -0.053 -0.077  0.019  0.131 -0.114  0.099   0.0121662697
 294 -0.055 -0.077  0.020  0.130 -0.113  0.100   0.0121662246
 295 -0.055 -0.077  0.020  0.130 -0.113  0.100   0.0121662244
  powell nthiter 4: fret = 0.012166
 304 -0.055 -0.077  0.020  0.130 -0.113  0.104   0.0121662017
 305 -0.055 -0.077  0.020  0.130 -0.113  0.103   0.0121661954
 336 -0.055 -0.077  0.020  0.128 -0.113  0.103   0.0121661948
 338 -0.055 -0.077  0.020  0.129 -0.113  0.103   0.0121661640
 347 -0.055 -0.077  0.020  0.129 -0.110  0.103   0.0121660652
 355 -0.052 -0.077  0.019  0.130 -0.112  0.100   0.0121660336
 356 -0.053 -0.077  0.019  0.130 -0.111  0.101   0.0121660116
 358 -0.053 -0.077  0.019  0.130 -0.112  0.101   0.0121660093
  powell nthiter 5: fret = 0.012166
 382 -0.053 -0.078  0.019  0.130 -0.112  0.101   0.0121660076
 393 -0.053 -0.078  0.021  0.130 -0.112  0.101   0.0121659803
 413 -0.053 -0.078  0.021  0.130 -0.111  0.101   0.0121659744
 421 -0.052 -0.078  0.021  0.131 -0.111  0.100   0.0121659408
 424 -0.052 -0.078  0.021  0.131 -0.111  0.100   0.0121659377
  powell nthiter 6: fret = 0.012166
 449 -0.052 -0.077  0.021  0.131 -0.111  0.100   0.0121659363
 460 -0.052 -0.077  0.022  0.131 -0.111  0.100   0.0121659353
 488 -0.052 -0.077  0.022  0.131 -0.111  0.100   0.0121659339
 492 -0.052 -0.077  0.022  0.131 -0.111  0.100   0.0121659339
 494 -0.052 -0.077  0.022  0.131 -0.111  0.100   0.0121659333
  powell nthiter 7: fret = 0.012166
 536 -0.052 -0.077  0.022  0.130 -0.111  0.100   0.0121659314
 559 -0.052 -0.077  0.022  0.130 -0.111  0.100   0.0121659255
  powell nthiter 8: fret = 0.012166
 594 -0.052 -0.077  0.021  0.130 -0.111  0.100   0.0121659234
  powell nthiter 9: fret = 0.012166
Powell done niters = 9
Computing relative cost
 0  -25.0 -25.0 -25.0   1.007222
 1  -25.0 -25.0  25.0   0.995428
 2  -25.0  25.0 -25.0   0.979452
 3  -25.0  25.0  25.0   1.004691
 4   25.0 -25.0 -25.0   0.992101
 5   25.0 -25.0  25.0   1.001048
 6   25.0  25.0 -25.0   1.007154
 7   25.0  25.0  25.0   0.993384
REL:  8  0.012166    7.980480  0.997560 rel = 0.0121957 
Number of iterations     9
Min cost was 0.012166
Number of FunctionCalls   697
TolPowell 0.000000
nMaxItersPowell 36
OptimizationTime 32.071082 sec
Parameters at optimum (transmm) -0.05169 -0.07666  0.02067
Parameters at optimum (rotdeg)  0.12962 -0.11127  0.09997 
Final costs ----------------
Number of surface hits 294946
WM  Intensity    58.8168 +/-   5.4813
Ctx Intensity    73.6298 +/-   4.8635
Pct Contrast     22.5180 +/-   9.7686
Cost   0.0122
RelCost   0.0125
Reg at min cost was 
-1.00000  -0.00099  -0.00263   0.04801;
-0.00263  -0.00137   1.00000   0.28301;
 0.00100  -1.00000  -0.00137  -0.30809;
 0.00000   0.00000   0.00000   1.00000;

Writing optimal reg to /home/neurosign/FS_SUBS_DIR/fs741/NIHPD_75_135/mri/transforms/T2raw.auto.dat, type = 14 
Original Reg 
-1.00000  -0.00294  -0.00088   0.09969;
-0.00087  -0.00363   0.99999   0.35875;
 0.00294  -0.99999  -0.00363  -0.32977;
 0.00000   0.00000   0.00000   1.00000;

Original Reg - Optimal Reg
 0.00000  -0.00194   0.00174   0.05168;
 0.00175  -0.00226  -0.00000   0.07574;
 0.00194   0.00001  -0.00226  -0.02168;
 0.00000   0.00000   0.00000   0.00000;

Computing change in lh position
LH rmsDiffMean 0.163131
Computing change in rh position
Surface-RMS-Diff-mm 0.181968 0.078301 0.360222
mri_segreg done
MinCost: 0.012166 58.816817 73.629808 22.518008 
tkregister2_cmdl --mov /home/neurosign/FS_SUBS_DIR/fs741/NIHPD_75_135/mri/orig/T2raw.mgz --reg /home/neurosign/FS_SUBS_DIR/fs741/NIHPD_75_135/mri/transforms/T2raw.auto.dat --noedit --ltaout /home/neurosign/FS_SUBS_DIR/fs741/NIHPD_75_135/mri/transforms/T2raw.auto.lta
INFO: no target volume specified, assuming FreeSurfer orig volume.
target  volume orig
movable volume /home/neurosign/FS_SUBS_DIR/fs741/NIHPD_75_135/mri/orig/T2raw.mgz
reg file       /home/neurosign/FS_SUBS_DIR/fs741/NIHPD_75_135/mri/transforms/T2raw.auto.dat
LoadVol        0
ZeroCRAS       0
7.4.1
Diagnostic Level -1
---- Input registration matrix --------
-1.00000  -0.00099  -0.00263   0.04801;
-0.00263  -0.00137   1.00000   0.28301;
 0.00100  -1.00000  -0.00137  -0.30809;
 0.00000   0.00000   0.00000   1.00000;
float2int = 0
---------------------------------------
INFO: loading target /home/neurosign/FS_SUBS_DIR/fs741/NIHPD_75_135/mri/orig.mgz
Ttarg: --------------------
-1.00000   0.00000   0.00000   128.00000;
 0.00000   0.00000   1.00000  -128.00000;
 0.00000  -1.00000   0.00000   128.00000;
 0.00000   0.00000   0.00000   1.00000;
INFO: loading movable /home/neurosign/FS_SUBS_DIR/fs741/NIHPD_75_135/mri/orig/T2raw.mgz
Tmov: --------------------
-1.00000   0.00000   0.00000   98.50000;
 0.00000   0.00000   1.00000  -94.50000;
 0.00000  -1.00000   0.00000   116.50000;
 0.00000   0.00000   0.00000   1.00000;
mkheaderreg = 0, float2int = 0
---- Input registration matrix --------
-1.00000  -0.00099  -0.00263   0.04801;
-0.00263  -0.00137   1.00000   0.28301;
 0.00100  -1.00000  -0.00137  -0.30809;
 0.00000   0.00000   0.00000   1.00000;
Determinant -1
subject = NIHPD_75_135
RegMat ---------------------------
-1.00000  -0.00099  -0.00263   0.04801;
-0.00263  -0.00137   1.00000   0.28301;
 0.00100  -1.00000  -0.00137  -0.30809;
 0.00000   0.00000   0.00000   1.00000;
Cleaning up
 
Started at Mon May 11 11:36:39 EEST 2026 
Ended   at Mon May 11 11:37:48 EEST 2026
BBR-Run-Time-Sec 69
 
bbregister Done
To check results, run:
tkregisterfv --mov /home/neurosign/FS_SUBS_DIR/fs741/NIHPD_75_135/mri/orig/T2raw.mgz --reg /home/neurosign/FS_SUBS_DIR/fs741/NIHPD_75_135/mri/transforms/T2raw.auto.lta --surfs  --sd /home/neurosign/FS_SUBS_DIR/fs741
