/home/neurosign/FS_SUBS_DIR/fs741/NIHPD_75_135/mri
/home/neurosign/Softwares/FreeSurf/fs741/freesurfer/bin/talairach_avi
--i orig_nu.mgz --xfm transforms/talairach.auto.xfm
talairach_avi 7.4.1
Linux neurosignal 6.17.0-23-generic #23~24.04.1-Ubuntu SMP PREEMPT_DYNAMIC Tue Apr 14 16:11:48 UTC 2 x86_64 x86_64 x86_64 GNU/Linux
Mon May 11 00:12:51 EEST 2026
mri_convert orig_nu.mgz talsrcimg.img 
reading from orig_nu.mgz...
TR=0.00, TE=0.00, TI=0.00, flip angle=0.00
i_ras = (-1, 0, 0)
j_ras = (0, 0, -1)
k_ras = (0, 1, 0)
writing to talsrcimg.img...
Analyze Output Matrix
-1.00000   0.00000   0.00000   129.50000;
 0.00000   0.00000   1.00000  -146.50000;
 0.00000  -1.00000   0.00000   151.50000;
 0.00000   0.00000   0.00000   1.00000;
--------------------
INFO: set hdr.hist.orient to -1
mpr2mni305 talsrcimg
Mon May 11 00:12:52 EEST 2026
/home/neurosign/Softwares/FreeSurf/fs741/freesurfer/bin/mpr2mni305 talsrcimg
mpr2mni305 7.4.1
target=711-2C_as_mni_average_305

---------------------------------------------------------------------
analyzeto4dfp talsrcimg -O0 -y
---------------------------------------------------------------------

freesurfer ifh2hdr.c
Mon May 11 00:12:52 2026
Writing: talsrcimg.4dfp.hdr
freesurfer analyzeto4dfp.c
Reading: talsrcimg.hdr
header size 348 bytes
hdr.dime.datatype	offset=70	value=2
hdr.dime.bitpix		offset=72	value=8
hdr.hist.orient		offset=252	value=-1
dimensionality     4
dimensions       256       256       256         1
Reading: talsrcimg.img
Writing: talsrcimg.4dfp.img
Writing: talsrcimg.4dfp.ifh
ifh2hdr talsrcimg -r0to248
ori=2

---------------------------------------------------------------------
gauss_4dfp talsrcimg 1.1
---------------------------------------------------------------------

freesurfer gauss_4dfp.c
Reading: talsrcimg.4dfp.img
Writing: talsrcimg_g11.4dfp.img
image dimensions 256 256 256 padded to 288 288 288
processing volume 1freesurfer ifh2hdr.c
Mon May 11 00:12:56 2026
Writing: talsrcimg_g11.4dfp.hdr

Writing: talsrcimg_g11.4dfp.ifh
including: talsrcimg.4dfp.img.rec in talsrcimg_g11.4dfp.img.rec

---------------------------------------------------------------------
imgreg_4dfp /home/neurosign/Softwares/FreeSurf/fs741/freesurfer/average/711-2C_as_mni_average_305 none talsrcimg_g11 none talsrcimg_to_711-2C_as_mni_average_305_t4 4355
---------------------------------------------------------------------

freesurfer imgreg_4dfp.c
/home/neurosign/Softwares/FreeSurf/fs741/freesurfer/average/711-2C_as_mni_average_305.4dfp.img
       256       256       256         1
  1.000000  1.000000  1.000000
orientation T byte_order littleendian
Reading image: /home/neurosign/Softwares/FreeSurf/fs741/freesurfer/average/711-2C_as_mni_average_305.4dfp.img
dimensions:      256       256       256
mmppix:       1.0000   -1.0000   -1.0000
center:     128.0000 -129.0000 -129.0000
talsrcimg_g11.4dfp.img
       256       256       256         1
  1.000000  1.000000  1.000000
orientation T byte_order littleendian
Reading image: talsrcimg_g11.4dfp.img
dimensions:      256       256       256
mmppix:       1.0000   -1.0000   -1.0000
center:     128.0000 -129.0000 -129.0000
t4_read: open error in t4_sub.f l:  41 t4_file(1:l)talsrcimg_to_711-2C_as_mni_average_305_t4 
t4_read: transform initialized to I4
rotation matrix determinant  1.000000
image alignment mode   4355 decimal     1103 hex
   -7.5000  -45.0000  -45.0000 8820.8145    7.4427
    0.0000  -45.0000  -45.0000 9211.2686    7.4637
    7.5000  -45.0000  -45.0000 8804.9062    7.4585
   -7.5000  -37.5000  -45.0000 9206.1064    7.3775
    0.0000  -37.5000  -45.0000 9614.0527    7.3977
    7.5000  -37.5000  -45.0000 9186.6416    7.3925
   -7.5000  -30.0000  -45.0000 9935.5195    7.3723
    0.0000  -30.0000  -45.000010368.0947    7.3906
    7.5000  -30.0000  -45.0000 9918.3838    7.3853
   -7.5000  -22.5000  -45.000010614.9248    7.4179
    0.0000  -22.5000  -45.000011082.2773    7.4350
    7.5000  -22.5000  -45.000010595.2832    7.4300
   -7.5000  -15.0000  -45.000011195.6123    7.4633
    0.0000  -15.0000  -45.000011678.3516    7.4808
    7.5000  -15.0000  -45.000011159.2920    7.4759
   -7.5000   -7.5000  -45.000011667.1074    7.4560
    0.0000   -7.5000  -45.000012155.4238    7.4755
    7.5000   -7.5000  -45.000011590.8799    7.4705
   -7.5000    0.0000  -45.000011685.9434    7.4156
    0.0000    0.0000  -45.000012169.7959    7.4365
    7.5000    0.0000  -45.000011598.3887    7.4314
   -7.5000    7.5000  -45.000010856.2324    7.3770
    0.0000    7.5000  -45.000011324.5322    7.3972
    7.5000    7.5000  -45.000010779.8066    7.3920
   -7.5000   15.0000  -45.000010106.5215    7.3723
    0.0000   15.0000  -45.000010546.6797    7.3906
    7.5000   15.0000  -45.000010027.5459    7.3853
   -7.5000   22.5000  -45.0000 9352.0254    7.4169
    0.0000   22.5000  -45.0000 9767.3379    7.4340
    7.5000   22.5000  -45.0000 9259.1504    7.4289
   -7.5000   30.0000  -45.0000 8547.2734    7.3638
    0.0000   30.0000  -45.0000 8917.9180    7.3811
    7.5000   30.0000  -45.0000 8453.2988    7.3763
   -7.5000   37.5000  -45.0000 7961.9590    7.3789
    0.0000   37.5000  -45.0000 8309.2305    7.3982
    7.5000   37.5000  -45.0000 7879.4717    7.3933
   -7.5000   45.0000  -45.0000 7237.1836    7.5181
    0.0000   45.0000  -45.0000 7550.4360    7.5405
    7.5000   45.0000  -45.0000 7144.1201    7.5351
   -7.5000  -45.0000  -37.5000 9505.9199    7.3217
    0.0000  -45.0000  -37.5000 9921.3174    7.3426
    7.5000  -45.0000  -37.5000 9473.0391    7.3371
   -7.5000  -37.5000  -37.5000 9902.1348    7.2580
    0.0000  -37.5000  -37.500010342.9873    7.2783
    7.5000  -37.5000  -37.5000 9866.8135    7.2725
   -7.5000  -30.0000  -37.500010659.2285    7.2535
    0.0000  -30.0000  -37.500011128.1191    7.2723
    7.5000  -30.0000  -37.500010625.0576    7.2665
   -7.5000  -22.5000  -37.500011362.4521    7.2983
    0.0000  -22.5000  -37.500011859.9961    7.3163
    7.5000  -22.5000  -37.500011324.7744    7.3107
   -7.5000  -15.0000  -37.500011987.8086    7.3421
    0.0000  -15.0000  -37.500012513.8545    7.3606
    7.5000  -15.0000  -37.500011928.0518    7.3553
   -7.5000   -7.5000  -37.500012479.5615    7.3343
    0.0000   -7.5000  -37.500013031.4355    7.3543
    7.5000   -7.5000  -37.500012395.0723    7.3490
   -7.5000    0.0000  -37.500012472.8115    7.2948
    0.0000    0.0000  -37.500013020.5469    7.3157
    7.5000    0.0000  -37.500012391.1318    7.3101
   -7.5000    7.5000  -37.500011569.8281    7.2575
    0.0000    7.5000  -37.500012060.4297    7.2778
    7.5000    7.5000  -37.500011485.4502    7.2720
   -7.5000   15.0000  -37.500010745.7207    7.2535
    0.0000   15.0000  -37.500011199.1992    7.2723
    7.5000   15.0000  -37.500010663.7812    7.2665
   -7.5000   22.5000  -37.5000 9913.7822    7.2973
    0.0000   22.5000  -37.500010338.1152    7.3153
    7.5000   22.5000  -37.5000 9828.6436    7.3097
   -7.5000   30.0000  -37.5000 9033.7412    7.2442
    0.0000   30.0000  -37.5000 9403.9941    7.2625
    7.5000   30.0000  -37.5000 8942.2529    7.2572
   -7.5000   37.5000  -37.5000 8403.3486    7.2586
    0.0000   37.5000  -37.5000 8739.6152    7.2784
    7.5000   37.5000  -37.5000 8302.7246    7.2731
   -7.5000   45.0000  -37.5000 7624.0405    7.3974
    0.0000   45.0000  -37.5000 7937.4595    7.4200
    7.5000   45.0000  -37.5000 7526.6953    7.4142
   -7.5000  -45.0000  -30.000010391.9600    7.5329
    0.0000  -45.0000  -30.000010844.2412    7.5528
    7.5000  -45.0000  -30.000010348.8789    7.5458
   -7.5000  -37.5000  -30.000010823.3770    7.4679
    0.0000  -37.5000  -30.000011303.3193    7.4873
    7.5000  -37.5000  -30.000010780.2002    7.4802
   -7.5000  -30.0000  -30.000011623.6709    7.4641
    0.0000  -30.0000  -30.000012127.9141    7.4826
    7.5000  -30.0000  -30.000011583.1025    7.4755
   -7.5000  -22.5000  -30.000012374.7568    7.5100
    0.0000  -22.5000  -30.000012911.4434    7.5282
    7.5000  -22.5000  -30.000012327.3740    7.5214
   -7.5000  -15.0000  -30.000013039.8457    7.5540
    0.0000  -15.0000  -30.000013602.0420    7.5726
    7.5000  -15.0000  -30.000012969.8125    7.5661
   -7.5000   -7.5000  -30.000013547.4951    7.5453
    0.0000   -7.5000  -30.000014132.1221    7.5647
    7.5000   -7.5000  -30.000013445.3115    7.5581
   -7.5000    0.0000  -30.000013494.0205    7.5048
    0.0000    0.0000  -30.000014065.1846    7.5246
    7.5000    0.0000  -30.000013405.0801    7.5177
   -7.5000    7.5000  -30.000012492.8926    7.4674
    0.0000    7.5000  -30.000013009.8867    7.4868
    7.5000    7.5000  -30.000012414.9385    7.4797
   -7.5000   15.0000  -30.000011587.4150    7.4641
    0.0000   15.0000  -30.000012057.9678    7.4826
    7.5000   15.0000  -30.000011510.9277    7.4755
   -7.5000   22.5000  -30.000010668.2578    7.5082
    0.0000   22.5000  -30.000011099.1445    7.5264
    7.5000   22.5000  -30.000010581.0762    7.5196
   -7.5000   30.0000  -30.0000 9690.7188    7.4541
    0.0000   30.0000  -30.000010078.4072    7.4724
    7.5000   30.0000  -30.0000 9592.6709    7.4660
   -7.5000   37.5000  -30.0000 8981.3926    7.4681
    0.0000   37.5000  -30.0000 9337.0918    7.4874
    7.5000   37.5000  -30.0000 8882.9395    7.4808
   -7.5000   45.0000  -30.0000 8125.8545    7.6165
    0.0000   45.0000  -30.0000 8468.3584    7.6381
    7.5000   45.0000  -30.0000 8036.4292    7.6309
   -7.5000  -45.0000  -22.500011326.8369    7.7426
    0.0000  -45.0000  -22.500011806.7178    7.7611
    7.5000  -45.0000  -22.500011276.5645    7.7533
   -7.5000  -37.5000  -22.500011805.7900    7.6749
    0.0000  -37.5000  -22.500012313.4141    7.6929
    7.5000  -37.5000  -22.500011744.8057    7.6851
   -7.5000  -30.0000  -22.500012661.0195    7.6712
    0.0000  -30.0000  -22.500013224.2432    7.6885
    7.5000  -30.0000  -22.500012604.1660    7.6808
   -7.5000  -22.5000  -22.500013461.1543    7.7190
    0.0000  -22.5000  -22.500014033.5322    7.7360
    7.5000  -22.5000  -22.500013403.1602    7.7287
   -7.5000  -15.0000  -22.500014141.7588    7.7646
    0.0000  -15.0000  -22.500014738.3887    7.7820
    7.5000  -15.0000  -22.500014071.8350    7.7747
   -7.5000   -7.5000  -22.500014638.0527    7.7554
    0.0000   -7.5000  -22.500015241.9912    7.7735
    7.5000   -7.5000  -22.500014541.8125    7.7659
   -7.5000    0.0000  -22.500014557.6689    7.7132
    0.0000    0.0000  -22.500015155.7930    7.7316
    7.5000    0.0000  -22.500014471.3438    7.7238
   -7.5000    7.5000  -22.500013457.3916    7.6744
    0.0000    7.5000  -22.500014000.2480    7.6924
    7.5000    7.5000  -22.500013391.7568    7.6846
   -7.5000   15.0000  -22.500012451.6074    7.6712
    0.0000   15.0000  -22.500012943.0254    7.6885
    7.5000   15.0000  -22.500012390.3809    7.6808
   -7.5000   22.5000  -22.500011442.1504    7.7166
    0.0000   22.5000  -22.500011889.5518    7.7337
    7.5000   22.5000  -22.500011356.9795    7.7263
   -7.5000   30.0000  -22.500010355.7607    7.6630
    0.0000   30.0000  -22.500010767.0059    7.6802
    7.5000   30.0000  -22.500010259.5684    7.6730
   -7.5000   37.5000  -22.5000 9572.0752    7.6773
    0.0000   37.5000  -22.5000 9944.4004    7.6953
    7.5000   37.5000  -22.5000 9468.7822    7.6878
   -7.5000   45.0000  -22.5000 8644.7305    7.8350
    0.0000   45.0000  -22.5000 9005.2227    7.8551
    7.5000   45.0000  -22.5000 8564.7549    7.8469
   -7.5000  -45.0000  -15.000012304.4307    7.8992
    0.0000  -45.0000  -15.000012827.8975    7.9174
    7.5000  -45.0000  -15.000012245.1729    7.9099
   -7.5000  -37.5000  -15.000012827.2295    7.8284
    0.0000  -37.5000  -15.000013377.0801    7.8460
    7.5000  -37.5000  -15.000012750.9561    7.8386
   -7.5000  -30.0000  -15.000013763.9639    7.8238
    0.0000  -30.0000  -15.000014364.5400    7.8404
    7.5000  -30.0000  -15.000013676.6367    7.8332
   -7.5000  -22.5000  -15.000014600.1221    7.8733
    0.0000  -22.5000  -15.000015213.5791    7.8893
    7.5000  -22.5000  -15.000014522.7373    7.8823
   -7.5000  -15.0000  -15.000015290.3672    7.9211
    0.0000  -15.0000  -15.000015926.9170    7.9374
    7.5000  -15.0000  -15.000015211.2480    7.9305
   -7.5000   -7.5000  -15.000015759.5752    7.9123
    0.0000   -7.5000  -15.000016395.6836    7.9297
    7.5000   -7.5000  -15.000015651.4209    7.9225
   -7.5000    0.0000  -15.000015663.5361    7.8686
    0.0000    0.0000  -15.000016284.7227    7.8867
    7.5000    0.0000  -15.000015580.2598    7.8793
   -7.5000    7.5000  -15.000014446.9023    7.8278
    0.0000    7.5000  -15.000015004.2441    7.8454
    7.5000    7.5000  -15.000014393.5879    7.8380
   -7.5000   15.0000  -15.000013328.5078    7.8238
    0.0000   15.0000  -15.000013829.4600    7.8404
    7.5000   15.0000  -15.000013271.0146    7.8332
   -7.5000   22.5000  -15.000012209.1816    7.8705
    0.0000   22.5000  -15.000012666.3447    7.8865
    7.5000   22.5000  -15.000012135.7275    7.8795
   -7.5000   30.0000  -15.000011032.3047    7.8186
    0.0000   30.0000  -15.000011443.3037    7.8347
    7.5000   30.0000  -15.000010935.1426    7.8279
   -7.5000   37.5000  -15.000010181.4648    7.8338
    0.0000   37.5000  -15.000010553.3936    7.8511
    7.5000   37.5000  -15.000010073.2188    7.8439
   -7.5000   45.0000  -15.0000 9184.6514    7.9987
    0.0000   45.0000  -15.0000 9535.5732    8.0183
    7.5000   45.0000  -15.0000 9094.7090    8.0104
   -7.5000  -45.0000   -7.500013354.1611    7.9983
    0.0000  -45.0000   -7.500013943.0967    8.0184
    7.5000  -45.0000   -7.500013284.1260    8.0121
   -7.5000  -37.5000   -7.500013897.4795    7.9258
    0.0000  -37.5000   -7.500014527.4111    7.9451
    7.5000  -37.5000   -7.500013798.7012    7.9389
   -7.5000  -30.0000   -7.500014911.6543    7.9201
    0.0000  -30.0000   -7.500015589.9727    7.9377
    7.5000  -30.0000   -7.500014800.8320    7.9316
   -7.5000  -22.5000   -7.500015812.3145    7.9701
    0.0000  -22.5000   -7.500016508.9844    7.9866
    7.5000  -22.5000   -7.500015709.3398    7.9807
   -7.5000  -15.0000   -7.500016535.7090    8.0195
    0.0000  -15.0000   -7.500017268.3926    8.0364
    7.5000  -15.0000   -7.500016420.0078    8.0306
   -7.5000   -7.5000   -7.500016965.4805    8.0116
    0.0000   -7.5000   -7.500017674.1660    8.0302
    7.5000   -7.5000   -7.500016830.2383    8.0242
   -7.5000    0.0000   -7.500016833.5508    7.9674
    0.0000    0.0000   -7.500017532.1914    7.9874
    7.5000    0.0000   -7.500016741.8828    7.9812
   -7.5000    7.5000   -7.500015510.2852    7.9252
    0.0000    7.5000   -7.500016111.0967    7.9445
    7.5000    7.5000   -7.500015451.6377    7.9383
   -7.5000   15.0000   -7.500014263.3643    7.9201
    0.0000   15.0000   -7.500014780.3906    7.9377
    7.5000   15.0000   -7.500014204.9102    7.9316
   -7.5000   22.5000   -7.500013040.3848    7.9664
    0.0000   22.5000   -7.500013485.4688    7.9829
    7.5000   22.5000   -7.500012950.9746    7.9770
   -7.5000   30.0000   -7.500011747.1680    7.9155
    0.0000   30.0000   -7.500012146.9951    7.9322
    7.5000   30.0000   -7.500011654.7412    7.9265
   -7.5000   37.5000   -7.500010828.1289    7.9319
    0.0000   37.5000   -7.500011213.3682    7.9504
    7.5000   37.5000   -7.500010741.9219    7.9445
   -7.5000   45.0000   -7.5000 9754.9570    8.1005
    0.0000   45.0000   -7.500010107.3477    8.1221
    7.5000   45.0000   -7.5000 9678.9883    8.1155
   -7.5000  -45.0000    0.000014391.3955    8.0132
    0.0000  -45.0000    0.000015052.5381    8.0354
    7.5000  -45.0000    0.000014289.1582    8.0300
   -7.5000  -37.5000    0.000014949.0654    7.9406
    0.0000  -37.5000    0.000015654.1934    7.9620
    7.5000  -37.5000    0.000014831.6162    7.9565
   -7.5000  -30.0000    0.000016035.1318    7.9347
    0.0000  -30.0000    0.000016784.0254    7.9541
    7.5000  -30.0000    0.000015904.5771    7.9485
   -7.5000  -22.5000    0.000016988.8320    7.9844
    0.0000  -22.5000    0.000017795.5723    8.0026
    7.5000  -22.5000    0.000016856.8809    7.9972
   -7.5000  -15.0000    0.000017746.1309    8.0339
    0.0000  -15.0000    0.000018579.9785    8.0526
    7.5000  -15.0000    0.000017585.0391    8.0474
   -7.5000   -7.5000    0.000018131.1484    8.0261
    0.0000   -7.5000    0.000018918.1133    8.0468
    7.5000   -7.5000    0.000017953.5078    8.0416
   -7.5000    0.0000    0.000017956.3652    7.9822
    0.0000    0.0000    0.000018726.4688    8.0044
    7.5000    0.0000    0.000017836.6582    7.9990
   -7.5000    7.5000    0.000016531.9336    7.9400
    0.0000    7.5000    0.000017195.9082    7.9614
    7.5000    7.5000    0.000016438.1660    7.9559
   -7.5000   15.0000    0.000015186.1729    7.9347
    0.0000   15.0000    0.000015775.4697    7.9541
    7.5000   15.0000    0.000015088.7637    7.9485
   -7.5000   22.5000    0.000013853.5283    7.9807
    0.0000   22.5000    0.000014360.2227    7.9989
    7.5000   22.5000    0.000013753.1455    7.9935
   -7.5000   30.0000    0.000012447.0967    7.9299
    0.0000   30.0000    0.000012881.9443    7.9484
    7.5000   30.0000    0.000012353.6533    7.9432
   -7.5000   37.5000    0.000011461.5469    7.9465
    0.0000   37.5000    0.000011884.6904    7.9671
    7.5000   37.5000    0.000011373.6650    7.9619
   -7.5000   45.0000    0.000010320.3564    8.1163
    0.0000   45.0000    0.000010701.0195    8.1402
    7.5000   45.0000    0.000010231.9990    8.1345
   -7.5000  -45.0000    7.500014281.5303    8.0024
    0.0000  -45.0000    7.500014984.0352    8.0250
    7.5000  -45.0000    7.500014164.6689    8.0189
   -7.5000  -37.5000    7.500014843.7588    7.9311
    0.0000  -37.5000    7.500015590.1865    7.9529
    7.5000  -37.5000    7.500014712.7598    7.9465
   -7.5000  -30.0000    7.500015940.8203    7.9260
    0.0000  -30.0000    7.500016742.2129    7.9462
    7.5000  -30.0000    7.500015800.4121    7.9399
   -7.5000  -22.5000    7.500016948.6504    7.9752
    0.0000  -22.5000    7.500017885.9102    7.9946
    7.5000  -22.5000    7.500016767.3926    7.9885
   -7.5000  -15.0000    7.500017634.3652    8.0234
    0.0000  -15.0000    7.500018560.0918    8.0434
    7.5000  -15.0000    7.500017427.7715    8.0375
   -7.5000   -7.5000    7.500017899.5332    8.0150
    0.0000   -7.5000    7.500018742.2988    8.0364
    7.5000   -7.5000    7.500017693.3594    8.0306
   -7.5000    0.0000    7.500017726.0098    7.9715
    0.0000    0.0000    7.500018541.6426    7.9939
    7.5000    0.0000    7.500017543.3086    7.9879
   -7.5000    7.5000    7.500016320.4873    7.9305
    0.0000    7.5000    7.500017051.9980    7.9523
    7.5000    7.5000    7.500016170.4023    7.9459
   -7.5000   15.0000    7.500014966.2695    7.9260
    0.0000   15.0000    7.500015619.2080    7.9462
    7.5000   15.0000    7.500014832.1006    7.9399
   -7.5000   22.5000    7.500013639.3486    7.9716
    0.0000   22.5000    7.500014193.2754    7.9909
    7.5000   22.5000    7.500013502.7871    7.9848
   -7.5000   30.0000    7.500012238.1270    7.9196
    0.0000   30.0000    7.500012710.9951    7.9393
    7.5000   30.0000    7.500012124.6934    7.9335
   -7.5000   37.5000    7.500011263.4414    7.9354
    0.0000   37.5000    7.500011681.7510    7.9568
    7.5000   37.5000    7.500011155.7930    7.9510
   -7.5000   45.0000    7.500010121.1074    8.1056
    0.0000   45.0000    7.500010489.1807    8.1300
    7.5000   45.0000    7.500010020.1152    8.1236
   -7.5000  -45.0000   15.000013984.8984    7.9950
    0.0000  -45.0000   15.000014659.6299    8.0160
    7.5000  -45.0000   15.000013883.5967    8.0086
   -7.5000  -37.5000   15.000014549.6387    7.9247
    0.0000  -37.5000   15.000015258.6123    7.9451
    7.5000  -37.5000   15.000014431.1387    7.9375
   -7.5000  -30.0000   15.000015700.2520    7.9205
    0.0000  -30.0000   15.000016606.6758    7.9400
    7.5000  -30.0000   15.000015509.8086    7.9325
   -7.5000  -22.5000   15.000016820.3594    7.9695
    0.0000  -22.5000   15.000017979.3340    7.9887
    7.5000  -22.5000   15.000016508.4316    7.9815
   -7.5000  -15.0000   15.000017420.4785    8.0165
    0.0000  -15.0000   15.000018476.6191    8.0362
    7.5000  -15.0000   15.000017120.4863    8.0292
   -7.5000   -7.5000   15.000017540.6465    8.0072
    0.0000   -7.5000   15.000018442.5098    8.0277
    7.5000   -7.5000   15.000017259.4883    8.0207
   -7.5000    0.0000   15.000017324.4785    7.9640
    0.0000    0.0000   15.000018161.5156    7.9850
    7.5000    0.0000   15.000017083.4473    7.9776
   -7.5000    7.5000   15.000015920.1016    7.9241
    0.0000    7.5000   15.000016674.4785    7.9445
    7.5000    7.5000   15.000015745.4512    7.9370
   -7.5000   15.0000   15.000014597.7021    7.9205
    0.0000   15.0000   15.000015250.8076    7.9400
    7.5000   15.0000   15.000014444.3125    7.9325
   -7.5000   22.5000   15.000013291.0957    7.9659
    0.0000   22.5000   15.000013831.8037    7.9850
    7.5000   22.5000   15.000013142.4316    7.9778
   -7.5000   30.0000   15.000011902.0762    7.9128
    0.0000   30.0000   15.000012374.6348    7.9322
    7.5000   30.0000   15.000011770.8311    7.9253
   -7.5000   37.5000   15.000010918.7441    7.9278
    0.0000   37.5000   15.000011345.0254    7.9482
    7.5000   37.5000   15.000010801.3184    7.9412
   -7.5000   45.0000   15.0000 9767.1797    8.0981
    0.0000   45.0000   15.000010161.3564    8.1210
    7.5000   45.0000   15.0000 9676.5615    8.1133
   -7.5000  -45.0000   22.500013503.6572    8.0343
    0.0000  -45.0000   22.500014159.3691    8.0535
    7.5000  -45.0000   22.500013404.1084    8.0454
   -7.5000  -37.5000   22.500014102.8096    7.9641
    0.0000  -37.5000   22.500014827.4121    7.9828
    7.5000  -37.5000   22.500013956.6387    7.9747
   -7.5000  -30.0000   22.500015256.1855    7.9602
    0.0000  -30.0000   22.500016151.4219    7.9782
    7.5000  -30.0000   22.500015026.4336    7.9702
   -7.5000  -22.5000   22.500016260.4502    8.0098
    0.0000  -22.5000   22.500017318.0703    8.0275
    7.5000  -22.5000   22.500015961.4033    8.0199
   -7.5000  -15.0000   22.500016785.8945    8.0572
    0.0000  -15.0000   22.500017765.8105    8.0752
    7.5000  -15.0000   22.500016524.1211    8.0677
   -7.5000   -7.5000   22.500016908.8203    8.0477
    0.0000   -7.5000   22.500017782.1484    8.0664
    7.5000   -7.5000   22.500016665.6680    8.0586
   -7.5000    0.0000   22.500016666.4648    8.0039
    0.0000    0.0000   22.500017481.1426    8.0230
    7.5000    0.0000   22.500016467.4043    8.0149
   -7.5000    7.5000   22.500015302.5947    7.9636
    0.0000    7.5000   22.500016036.0762    7.9822
    7.5000    7.5000   22.500015148.6230    7.9742
   -7.5000   15.0000   22.500014014.6797    7.9602
    0.0000   15.0000   22.500014656.5469    7.9782
    7.5000   15.0000   22.500013869.4531    7.9702
   -7.5000   22.5000   22.500012733.6133    8.0061
    0.0000   22.5000   22.500013277.3818    8.0238
    7.5000   22.5000   22.500012591.4473    8.0162
   -7.5000   30.0000   22.500011403.2246    7.9529
    0.0000   30.0000   22.500011861.1006    7.9707
    7.5000   30.0000   22.500011271.9912    7.9633
   -7.5000   37.5000   22.500010453.9121    7.9678
    0.0000   37.5000   22.500010848.9453    7.9864
    7.5000   37.5000   22.500010345.5273    7.9786
   -7.5000   45.0000   22.5000 9345.6729    8.1371
    0.0000   45.0000   22.5000 9700.1045    8.1580
    7.5000   45.0000   22.5000 9253.8457    8.1495
   -7.5000  -45.0000   30.000012842.2891    8.0787
    0.0000  -45.0000   30.000013404.6572    8.0972
    7.5000  -45.0000   30.000012750.0361    8.0896
   -7.5000  -37.5000   30.000013396.5449    8.0079
    0.0000  -37.5000   30.000013995.7354    8.0259
    7.5000  -37.5000   30.000013277.7676    8.0183
   -7.5000  -30.0000   30.000014436.3613    8.0032
    0.0000  -30.0000   30.000015134.8975    8.0201
    7.5000  -30.0000   30.000014283.2178    8.0128
   -7.5000  -22.5000   30.000015279.0947    8.0535
    0.0000  -22.5000   30.000016012.0605    8.0698
    7.5000  -22.5000   30.000015116.7188    8.0627
   -7.5000  -15.0000   30.000015797.4717    8.1023
    0.0000  -15.0000   30.000016519.8828    8.1189
    7.5000  -15.0000   30.000015638.3594    8.1118
   -7.5000   -7.5000   30.000015987.4971    8.0934
    0.0000   -7.5000   30.000016703.8574    8.1112
    7.5000   -7.5000   30.000015809.6045    8.1038
   -7.5000    0.0000   30.000015801.8623    8.0490
    0.0000    0.0000   30.000016509.5801    8.0675
    7.5000    0.0000   30.000015640.4941    8.0598
   -7.5000    7.5000   30.000014542.1602    8.0073
    0.0000    7.5000   30.000015185.3320    8.0254
    7.5000    7.5000   30.000014393.6445    8.0178
   -7.5000   15.0000   30.000013317.1660    8.0032
    0.0000   15.0000   30.000013878.0596    8.0201
    7.5000   15.0000   30.000013176.4561    8.0128
   -7.5000   22.5000   30.000012086.2275    8.0498
    0.0000   22.5000   30.000012591.9189    8.0661
    7.5000   22.5000   30.000011946.9561    8.0590
   -7.5000   30.0000   30.000010805.3975    7.9974
    0.0000   30.0000   30.000011247.8672    8.0139
    7.5000   30.0000   30.000010673.1230    8.0069
   -7.5000   37.5000   30.0000 9866.1758    8.0130
    0.0000   37.5000   30.000010255.7998    8.0306
    7.5000   37.5000   30.0000 9748.8096    8.0233
   -7.5000   45.0000   30.0000 8807.1221    8.1813
    0.0000   45.0000   30.0000 9153.7793    8.2014
    7.5000   45.0000   30.0000 8707.1396    8.1933
   -7.5000  -45.0000   37.500012462.9297    8.1270
    0.0000  -45.0000   37.500012969.3848    8.1474
    7.5000  -45.0000   37.500012401.6182    8.1410
   -7.5000  -37.5000   37.500012973.4229    8.0559
    0.0000  -37.5000   37.500013515.2988    8.0755
    7.5000  -37.5000   37.500012896.6621    8.0691
   -7.5000  -30.0000   37.500013957.6270    8.0500
    0.0000  -30.0000   37.500014563.0254    8.0678
    7.5000  -30.0000   37.500013853.5361    8.0616
   -7.5000  -22.5000   37.500014782.3555    8.1004
    0.0000  -22.5000   37.500015409.2021    8.1172
    7.5000  -22.5000   37.500014663.5205    8.1112
   -7.5000  -15.0000   37.500015334.9326    8.1505
    0.0000  -15.0000   37.500015981.3330    8.1677
    7.5000  -15.0000   37.500015202.8203    8.1618
   -7.5000   -7.5000   37.500015533.6055    8.1427
    0.0000   -7.5000   37.500016176.3662    8.1617
    7.5000   -7.5000   37.500015373.9639    8.1556
   -7.5000    0.0000   37.500015371.2852    8.0981
    0.0000    0.0000   37.500016020.8076    8.1184
    7.5000    0.0000   37.500015209.0771    8.1121
   -7.5000    7.5000   37.500014152.7197    8.0553
    0.0000    7.5000   37.500014753.8867    8.0749
    7.5000    7.5000   37.500013995.1973    8.0686
   -7.5000   15.0000   37.500012944.9561    8.0500
    0.0000   15.0000   37.500013472.2178    8.0678
    7.5000   15.0000   37.500012800.6982    8.0616
   -7.5000   22.5000   37.500011747.2031    8.0967
    0.0000   22.5000   37.500012226.4150    8.1134
    7.5000   22.5000   37.500011619.2480    8.1074
   -7.5000   30.0000   37.500010508.2637    8.0451
    0.0000   30.0000   37.500010922.4375    8.0620
    7.5000   30.0000   37.500010387.5303    8.0561
   -7.5000   37.5000   37.5000 9583.4043    8.0617
    0.0000   37.5000   37.5000 9952.5332    8.0806
    7.5000   37.5000   37.5000 9478.4883    8.0745
   -7.5000   45.0000   37.5000 8542.2021    8.2305
    0.0000   45.0000   37.5000 8867.9990    8.2524
    7.5000   45.0000   37.5000 8462.4395    8.2457
   -7.5000  -45.0000   45.000011503.3594    8.1549
    0.0000  -45.0000   45.000011962.5283    8.1777
    7.5000  -45.0000   45.000011458.7227    8.1721
   -7.5000  -37.5000   45.000011959.5508    8.0842
    0.0000  -37.5000   45.000012435.1514    8.1062
    7.5000  -37.5000   45.000011903.5859    8.1005
   -7.5000  -30.0000   45.000012854.7705    8.0780
    0.0000  -30.0000   45.000013367.9297    8.0978
    7.5000  -30.0000   45.000012778.4189    8.0921
   -7.5000  -22.5000   45.000013635.2832    8.1284
    0.0000  -22.5000   45.000014178.9053    8.1469
    7.5000  -22.5000   45.000013539.3193    8.1414
   -7.5000  -15.0000   45.000014170.2217    8.1788
    0.0000  -15.0000   45.000014749.0918    8.1979
    7.5000  -15.0000   45.000014060.5146    8.1926
   -7.5000   -7.5000   45.000014338.4463    8.1713
    0.0000   -7.5000   45.000014912.5303    8.1925
    7.5000   -7.5000   45.000014201.6445    8.1871
   -7.5000    0.0000   45.000014206.2080    8.1267
    0.0000    0.0000   45.000014775.1133    8.1495
    7.5000    0.0000   45.000014064.4189    8.1439
   -7.5000    7.5000   45.000013094.3389    8.0837
    0.0000    7.5000   45.000013615.8164    8.1056
    7.5000    7.5000   45.000012950.9883    8.0999
   -7.5000   15.0000   45.000011969.5752    8.0780
    0.0000   15.0000   45.000012455.1650    8.0978
    7.5000   15.0000   45.000011849.2354    8.0921
   -7.5000   22.5000   45.000010855.4980    8.1246
    0.0000   22.5000   45.000011293.2549    8.1432
    7.5000   22.5000   45.000010761.2217    8.1376
   -7.5000   30.0000   45.0000 9705.4150    8.0723
    0.0000   30.0000   45.000010080.3047    8.0911
    7.5000   30.0000   45.0000 9609.7070    8.0858
   -7.5000   37.5000   45.0000 8845.6621    8.0894
    0.0000   37.5000   45.0000 9186.3623    8.1104
    7.5000   37.5000   45.0000 8761.5137    8.1051
   -7.5000   45.0000   45.0000 7886.8667    8.2647
    0.0000   45.0000   45.0000 8176.7295    8.2893
    7.5000   45.0000   45.0000 7817.1426    8.2834

---------------------------------------------------------------------
imgreg_4dfp /home/neurosign/Softwares/FreeSurf/fs741/freesurfer/average/711-2C_as_mni_average_305 /home/neurosign/Softwares/FreeSurf/fs741/freesurfer/average/711-2B_as_mni_average_305_mask talsrcimg_g11 none talsrcimg_to_711-2C_as_mni_average_305_t4 4355
---------------------------------------------------------------------

freesurfer imgreg_4dfp.c
/home/neurosign/Softwares/FreeSurf/fs741/freesurfer/average/711-2C_as_mni_average_305.4dfp.img
       256       256       256         1
  1.000000  1.000000  1.000000
orientation T byte_order littleendian
Reading image: /home/neurosign/Softwares/FreeSurf/fs741/freesurfer/average/711-2C_as_mni_average_305.4dfp.img
dimensions:      256       256       256
mmppix:       1.0000   -1.0000   -1.0000
center:     128.0000 -129.0000 -129.0000
/home/neurosign/Softwares/FreeSurf/fs741/freesurfer/average/711-2B_as_mni_average_305_mask.4dfp.img
       256       256       256         1
  1.000000  1.000000  1.000000
orientation T byte_order littleendian
Reading mask: /home/neurosign/Softwares/FreeSurf/fs741/freesurfer/average/711-2B_as_mni_average_305_mask.4dfp.img (2306576 pixels)
talsrcimg_g11.4dfp.img
       256       256       256         1
  1.000000  1.000000  1.000000
orientation T byte_order littleendian
Reading image: talsrcimg_g11.4dfp.img
dimensions:      256       256       256
mmppix:       1.0000   -1.0000   -1.0000
center:     128.0000 -129.0000 -129.0000
rotation matrix determinant  1.000000
image alignment mode   4355 decimal     1103 hex
   -7.5000  -52.5000  -45.0000 2276.3977    9.8025
    0.0000  -52.5000  -45.0000 2283.7158    9.7974
    7.5000  -52.5000  -45.0000 2270.8579    9.8757
   -7.5000  -45.0000  -45.0000 2312.4556    9.3406
    0.0000  -45.0000  -45.0000 2321.1816    9.3254
    7.5000  -45.0000  -45.0000 2306.0759    9.4061
   -7.5000  -37.5000  -45.0000 2331.5132    9.0806
    0.0000  -37.5000  -45.0000 2340.3948    9.0679
    7.5000  -37.5000  -45.0000 2326.4412    9.1515
   -7.5000  -30.0000  -45.0000 2328.5718    9.0175
    0.0000  -30.0000  -45.0000 2337.6960    8.9968
    7.5000  -30.0000  -45.0000 2326.1155    9.0679
   -7.5000  -22.5000  -45.0000 2323.4656    9.0459
    0.0000  -22.5000  -45.0000 2333.3181    9.0212
    7.5000  -22.5000  -45.0000 2319.3767    9.1011
   -7.5000  -15.0000  -45.0000 2303.1956    9.2163
    0.0000  -15.0000  -45.0000 2312.2971    9.1849
    7.5000  -15.0000  -45.0000 2298.1377    9.2634
   -7.5000   -7.5000  -45.0000 2273.9121    9.4871
    0.0000   -7.5000  -45.0000 2281.8416    9.4643
    7.5000   -7.5000  -45.0000 2269.0298    9.5334
   -7.5000    0.0000  -45.0000 2239.8872    9.8667
    0.0000    0.0000  -45.0000 2248.0845    9.8385
    7.5000    0.0000  -45.0000 2233.6606    9.9266
   -7.5000    7.5000  -45.0000 2191.9414   10.3841
    0.0000    7.5000  -45.0000 2204.2295   10.3504
    7.5000    7.5000  -45.0000 2187.7258   10.4415
   -7.5000   15.0000  -45.0000 2133.7314   11.0600
    0.0000   15.0000  -45.0000 2147.7800   11.0286
    7.5000   15.0000  -45.0000 2129.5068   11.1369
   -7.5000   22.5000  -45.0000 2056.7744   12.0002
    0.0000   22.5000  -45.0000 2072.0979   11.9431
    7.5000   22.5000  -45.0000 2050.9578   12.0661
   -7.5000   30.0000  -45.0000 1970.6111   13.2669
    0.0000   30.0000  -45.0000 1981.7302   13.2379
    7.5000   30.0000  -45.0000 1964.2664   13.3713
   -7.5000   37.5000  -45.0000 1877.4067   15.0210
    0.0000   37.5000  -45.0000 1888.2899   14.9649
    7.5000   37.5000  -45.0000 1874.8530   15.1219
   -7.5000  -52.5000  -37.5000 2383.8940    8.9862
    0.0000  -52.5000  -37.5000 2393.2026    8.9869
    7.5000  -52.5000  -37.5000 2376.1531    9.0534
   -7.5000  -45.0000  -37.5000 2422.4673    8.5627
    0.0000  -45.0000  -37.5000 2430.9692    8.5611
    7.5000  -45.0000  -37.5000 2412.2583    8.6299
   -7.5000  -37.5000  -37.5000 2436.7529    8.3315
    0.0000  -37.5000  -37.5000 2447.7305    8.3138
    7.5000  -37.5000  -37.5000 2429.2122    8.3894
   -7.5000  -30.0000  -37.5000 2435.1724    8.2334
    0.0000  -30.0000  -37.5000 2446.4775    8.2030
    7.5000  -30.0000  -37.5000 2428.4788    8.2733
   -7.5000  -22.5000  -37.5000 2424.2930    8.2312
    0.0000  -22.5000  -37.5000 2434.4646    8.2043
    7.5000  -22.5000  -37.5000 2417.1035    8.2785
   -7.5000  -15.0000  -37.5000 2409.1875    8.3557
    0.0000  -15.0000  -37.5000 2418.3953    8.3142
    7.5000  -15.0000  -37.5000 2401.0950    8.4013
   -7.5000   -7.5000  -37.5000 2384.2983    8.6002
    0.0000   -7.5000  -37.5000 2397.9265    8.5680
    7.5000   -7.5000  -37.5000 2381.2466    8.6504
   -7.5000    0.0000  -37.5000 2351.7231    8.9535
    0.0000    0.0000  -37.5000 2364.3132    8.9130
    7.5000    0.0000  -37.5000 2347.9648    9.0120
   -7.5000    7.5000  -37.5000 2300.9653    9.4376
    0.0000    7.5000  -37.5000 2314.8560    9.3975
    7.5000    7.5000  -37.5000 2296.9121    9.4975
   -7.5000   15.0000  -37.5000 2238.2334   10.0754
    0.0000   15.0000  -37.5000 2252.3245   10.0308
    7.5000   15.0000  -37.5000 2233.7964   10.1321
   -7.5000   22.5000  -37.5000 2158.6179   10.9285
    0.0000   22.5000  -37.5000 2173.7625   10.8874
    7.5000   22.5000  -37.5000 2151.4834   10.9942
   -7.5000   30.0000  -37.5000 2064.5579   12.0874
    0.0000   30.0000  -37.5000 2075.1223   12.0610
    7.5000   30.0000  -37.5000 2057.9795   12.1701
   -7.5000   37.5000  -37.5000 1960.3467   13.6569
    0.0000   37.5000  -37.5000 1969.1647   13.6104
    7.5000   37.5000  -37.5000 1955.3463   13.7317
   -7.5000  -52.5000  -30.0000 2526.1343    8.5578
    0.0000  -52.5000  -30.0000 2540.8843    8.5395
    7.5000  -52.5000  -30.0000 2520.4309    8.6087
   -7.5000  -45.0000  -30.0000 2569.9084    8.1341
    0.0000  -45.0000  -30.0000 2582.4202    8.1128
    7.5000  -45.0000  -30.0000 2561.4470    8.1762
   -7.5000  -37.5000  -30.0000 2590.6777    7.8834
    0.0000  -37.5000  -30.0000 2603.7339    7.8624
    7.5000  -37.5000  -30.0000 2583.0200    7.9287
   -7.5000  -30.0000  -30.0000 2584.4204    7.7938
    0.0000  -30.0000  -30.0000 2594.9741    7.7598
    7.5000  -30.0000  -30.0000 2579.7693    7.8321
   -7.5000  -22.5000  -30.0000 2574.9082    7.7831
    0.0000  -22.5000  -30.0000 2587.8296    7.7472
    7.5000  -22.5000  -30.0000 2570.5439    7.8251
   -7.5000  -15.0000  -30.0000 2562.5371    7.8708
    0.0000  -15.0000  -30.0000 2573.1782    7.8261
    7.5000  -15.0000  -30.0000 2557.5769    7.9190
   -7.5000   -7.5000  -30.0000 2543.1421    8.0989
    0.0000   -7.5000  -30.0000 2558.5623    8.0413
    7.5000   -7.5000  -30.0000 2538.2207    8.1437
   -7.5000    0.0000  -30.0000 2505.6360    8.4349
    0.0000    0.0000  -30.0000 2519.0171    8.3825
    7.5000    0.0000  -30.0000 2499.0637    8.4884
   -7.5000    7.5000  -30.0000 2453.9707    8.9101
    0.0000    7.5000  -30.0000 2470.4243    8.8580
    7.5000    7.5000  -30.0000 2447.8972    8.9684
   -7.5000   15.0000  -30.0000 2386.1760    9.5407
    0.0000   15.0000  -30.0000 2399.8901    9.4885
    7.5000   15.0000  -30.0000 2379.6819    9.6019
   -7.5000   22.5000  -30.0000 2297.3811   10.3759
    0.0000   22.5000  -30.0000 2313.3662   10.3314
    7.5000   22.5000  -30.0000 2288.0701   10.4412
   -7.5000   30.0000  -30.0000 2194.5586   11.4792
    0.0000   30.0000  -30.0000 2207.9087   11.4491
    7.5000   30.0000  -30.0000 2186.5032   11.5494
   -7.5000   37.5000  -30.0000 2074.5530   12.9364
    0.0000   37.5000  -30.0000 2083.4089   12.8858
    7.5000   37.5000  -30.0000 2069.0334   13.0015
   -7.5000  -52.5000  -22.5000 2636.5630    8.0824
    0.0000  -52.5000  -22.5000 2648.7686    8.0484
    7.5000  -52.5000  -22.5000 2631.2332    8.1260
   -7.5000  -45.0000  -22.5000 2681.6709    7.6689
    0.0000  -45.0000  -22.5000 2693.4990    7.6288
    7.5000  -45.0000  -22.5000 2674.3005    7.7068
   -7.5000  -37.5000  -22.5000 2711.9084    7.4114
    0.0000  -37.5000  -22.5000 2723.4624    7.3757
    7.5000  -37.5000  -22.5000 2703.3481    7.4545
   -7.5000  -30.0000  -22.5000 2710.8289    7.3090
    0.0000  -30.0000  -22.5000 2723.2896    7.2725
    7.5000  -30.0000  -22.5000 2706.5286    7.3495
   -7.5000  -22.5000  -22.5000 2705.4756    7.2944
    0.0000  -22.5000  -22.5000 2720.4106    7.2501
    7.5000  -22.5000  -22.5000 2700.3389    7.3367
   -7.5000  -15.0000  -22.5000 2694.9905    7.3705
    0.0000  -15.0000  -22.5000 2708.1584    7.3278
    7.5000  -15.0000  -22.5000 2689.1250    7.4184
   -7.5000   -7.5000  -22.5000 2676.8259    7.5916
    0.0000   -7.5000  -22.5000 2691.4268    7.5374
    7.5000   -7.5000  -22.5000 2669.5986    7.6377
   -7.5000    0.0000  -22.5000 2636.3503    7.9164
    0.0000    0.0000  -22.5000 2651.3274    7.8606
    7.5000    0.0000  -22.5000 2630.1570    7.9684
   -7.5000    7.5000  -22.5000 2581.2837    8.3879
    0.0000    7.5000  -22.5000 2598.9834    8.3276
    7.5000    7.5000  -22.5000 2574.5820    8.4388
   -7.5000   15.0000  -22.5000 2505.3523    9.0131
    0.0000   15.0000  -22.5000 2520.5662    8.9448
    7.5000   15.0000  -22.5000 2497.6567    9.0657
   -7.5000   22.5000  -22.5000 2408.2720    9.8321
    0.0000   22.5000  -22.5000 2421.8579    9.7749
    7.5000   22.5000  -22.5000 2397.4666    9.8866
   -7.5000   30.0000  -22.5000 2295.4805   10.8887
    0.0000   30.0000  -22.5000 2311.6057   10.8271
    7.5000   30.0000  -22.5000 2287.1284   10.9387
   -7.5000   37.5000  -22.5000 2165.3113   12.2527
    0.0000   37.5000  -22.5000 2176.3464   12.2051
    7.5000   37.5000  -22.5000 2156.1560   12.2957
   -7.5000  -52.5000  -15.0000 2709.1855    7.6288
    0.0000  -52.5000  -15.0000 2722.7065    7.5915
    7.5000  -52.5000  -15.0000 2703.7441    7.6690
   -7.5000  -45.0000  -15.0000 2760.0398    7.2204
    0.0000  -45.0000  -15.0000 2771.4680    7.1774
    7.5000  -45.0000  -15.0000 2753.2551    7.2640
   -7.5000  -37.5000  -15.0000 2798.5852    6.9697
    0.0000  -37.5000  -15.0000 2810.1370    6.9302
    7.5000  -37.5000  -15.0000 2790.5293    7.0119
   -7.5000  -30.0000  -15.0000 2807.9338    6.8477
    0.0000  -30.0000  -15.0000 2821.1697    6.8069
    7.5000  -30.0000  -15.0000 2801.1479    6.8857
   -7.5000  -22.5000  -15.0000 2806.2373    6.8249
    0.0000  -22.5000  -15.0000 2821.9878    6.7761
    7.5000  -22.5000  -15.0000 2801.1438    6.8683
   -7.5000  -15.0000  -15.0000 2800.9626    6.9127
    0.0000  -15.0000  -15.0000 2817.2466    6.8556
    7.5000  -15.0000  -15.0000 2794.4026    6.9581
   -7.5000   -7.5000  -15.0000 2784.8848    7.1239
    0.0000   -7.5000  -15.0000 2802.2644    7.0634
    7.5000   -7.5000  -15.0000 2776.5723    7.1655
   -7.5000    0.0000  -15.0000 2743.0796    7.4496
    0.0000    0.0000  -15.0000 2761.2351    7.3866
    7.5000    0.0000  -15.0000 2734.9761    7.4920
   -7.5000    7.5000  -15.0000 2681.8809    7.9157
    0.0000    7.5000  -15.0000 2698.7290    7.8487
    7.5000    7.5000  -15.0000 2672.7754    7.9577
   -7.5000   15.0000  -15.0000 2594.1147    8.5406
    0.0000   15.0000  -15.0000 2611.3005    8.4675
    7.5000   15.0000  -15.0000 2586.0286    8.5828
   -7.5000   22.5000  -15.0000 2489.5520    9.3347
    0.0000   22.5000  -15.0000 2503.9280    9.2661
    7.5000   22.5000  -15.0000 2481.7532    9.3741
   -7.5000   30.0000  -15.0000 2368.1052   10.3548
    0.0000   30.0000  -15.0000 2382.4131   10.2753
    7.5000   30.0000  -15.0000 2359.0562   10.3870
   -7.5000   37.5000  -15.0000 2230.7500   11.6530
    0.0000   37.5000  -15.0000 2242.0537   11.5953
    7.5000   37.5000  -15.0000 2218.5891   11.6956
   -7.5000  -52.5000   -7.5000 2764.0256    7.2133
    0.0000  -52.5000   -7.5000 2776.4094    7.1845
    7.5000  -52.5000   -7.5000 2760.6438    7.2525
   -7.5000  -45.0000   -7.5000 2818.0413    6.8124
    0.0000  -45.0000   -7.5000 2831.3967    6.7806
    7.5000  -45.0000   -7.5000 2813.2695    6.8517
   -7.5000  -37.5000   -7.5000 2861.0715    6.5422
    0.0000  -37.5000   -7.5000 2876.3647    6.5014
    7.5000  -37.5000   -7.5000 2852.9402    6.5891
   -7.5000  -30.0000   -7.5000 2881.6055    6.4147
    0.0000  -30.0000   -7.5000 2897.1555    6.3675
    7.5000  -30.0000   -7.5000 2872.6370    6.4552
   -7.5000  -22.5000   -7.5000 2890.0447    6.3939
    0.0000  -22.5000   -7.5000 2907.0596    6.3302
    7.5000  -22.5000   -7.5000 2884.7686    6.4379
   -7.5000  -15.0000   -7.5000 2892.7522    6.4780
    0.0000  -15.0000   -7.5000 2913.7190    6.4129
    7.5000  -15.0000   -7.5000 2882.6726    6.5219
   -7.5000   -7.5000   -7.5000 2875.0627    6.6774
    0.0000   -7.5000   -7.5000 2894.8994    6.6188
    7.5000   -7.5000   -7.5000 2863.3806    6.7317
   -7.5000    0.0000   -7.5000 2828.6506    7.0161
    0.0000    0.0000   -7.5000 2849.8398    6.9573
    7.5000    0.0000   -7.5000 2819.6924    7.0589
   -7.5000    7.5000   -7.5000 2761.9792    7.4855
    0.0000    7.5000   -7.5000 2779.6670    7.4253
    7.5000    7.5000   -7.5000 2752.4641    7.5280
   -7.5000   15.0000   -7.5000 2665.5889    8.1019
    0.0000   15.0000   -7.5000 2681.3789    8.0381
    7.5000   15.0000   -7.5000 2656.7200    8.1489
   -7.5000   22.5000   -7.5000 2552.1670    8.8787
    0.0000   22.5000   -7.5000 2565.7290    8.8086
    7.5000   22.5000   -7.5000 2540.9832    8.9257
   -7.5000   30.0000   -7.5000 2420.3853    9.8579
    0.0000   30.0000   -7.5000 2430.1033    9.7766
    7.5000   30.0000   -7.5000 2409.5447    9.9033
   -7.5000   37.5000   -7.5000 2276.5706   11.0934
    0.0000   37.5000   -7.5000 2288.6809   11.0267
    7.5000   37.5000   -7.5000 2267.2842   11.1501
   -7.5000  -52.5000    0.0000 2805.0908    6.8824
    0.0000  -52.5000    0.0000 2820.9661    6.8559
    7.5000  -52.5000    0.0000 2802.1191    6.9207
   -7.5000  -45.0000    0.0000 2868.1279    6.4805
    0.0000  -45.0000    0.0000 2881.5049    6.4531
    7.5000  -45.0000    0.0000 2863.1992    6.5184
   -7.5000  -37.5000    0.0000 2916.6526    6.2022
    0.0000  -37.5000    0.0000 2929.6626    6.1722
    7.5000  -37.5000    0.0000 2908.1035    6.2433
   -7.5000  -30.0000    0.0000 2946.3584    6.0643
    0.0000  -30.0000    0.0000 2963.5044    6.0170
    7.5000  -30.0000    0.0000 2936.6052    6.1107
   -7.5000  -22.5000    0.0000 2961.3118    6.0401
    0.0000  -22.5000    0.0000 2978.6926    5.9697
    7.5000  -22.5000    0.0000 2953.4634    6.0900
   -7.5000  -15.0000    0.0000 2968.3223    6.1145
    0.0000  -15.0000    0.0000 2993.2471    6.0412
    7.5000  -15.0000    0.0000 2955.6428    6.1669
   -7.5000   -7.5000    0.0000 2945.3789    6.3207
    0.0000   -7.5000    0.0000 2966.5271    6.2522
    7.5000   -7.5000    0.0000 2930.5425    6.3807
   -7.5000    0.0000    0.0000 2893.9849    6.6757
    0.0000    0.0000    0.0000 2916.5962    6.6136
    7.5000    0.0000    0.0000 2884.5798    6.7305
   -7.5000    7.5000    0.0000 2821.0046    7.1595
    0.0000    7.5000    0.0000 2840.3782    7.0997
    7.5000    7.5000    0.0000 2812.3271    7.2145
   -7.5000   15.0000    0.0000 2719.7578    7.7710
    0.0000   15.0000    0.0000 2737.8738    7.7028
    7.5000   15.0000    0.0000 2709.1611    7.8186
   -7.5000   22.5000    0.0000 2598.9875    8.5326
    0.0000   22.5000    0.0000 2615.3225    8.4506
    7.5000   22.5000    0.0000 2587.6575    8.5874
   -7.5000   30.0000    0.0000 2457.1326    9.4712
    0.0000   30.0000    0.0000 2470.5940    9.3955
    7.5000   30.0000    0.0000 2447.1243    9.5339
   -7.5000   37.5000    0.0000 2311.1885   10.6504
    0.0000   37.5000    0.0000 2326.6946   10.5818
    7.5000   37.5000    0.0000 2302.5408   10.7178
   -7.5000  -52.5000    7.5000 2828.5391    6.6366
    0.0000  -52.5000    7.5000 2845.1045    6.6046
    7.5000  -52.5000    7.5000 2826.5798    6.6756
   -7.5000  -45.0000    7.5000 2899.6511    6.2271
    0.0000  -45.0000    7.5000 2915.2317    6.1996
    7.5000  -45.0000    7.5000 2895.5278    6.2626
   -7.5000  -37.5000    7.5000 2960.7622    5.9463
    0.0000  -37.5000    7.5000 2977.9382    5.9197
    7.5000  -37.5000    7.5000 2953.7502    5.9827
   -7.5000  -30.0000    7.5000 2997.1338    5.8062
    0.0000  -30.0000    7.5000 3016.9624    5.7706
    7.5000  -30.0000    7.5000 2988.1780    5.8477
   -7.5000  -22.5000    7.5000 3017.5991    5.7907
    0.0000  -22.5000    7.5000 3039.9146    5.7486
    7.5000  -22.5000    7.5000 3008.7917    5.8350
   -7.5000  -15.0000    7.5000 3024.5728    5.8622
    0.0000  -15.0000    7.5000 3054.2019    5.8051
    7.5000  -15.0000    7.5000 3008.4773    5.9164
   -7.5000   -7.5000    7.5000 2993.2903    6.0621
    0.0000   -7.5000    7.5000 3018.1531    6.0022
    7.5000   -7.5000    7.5000 2977.6526    6.1328
   -7.5000    0.0000    7.5000 2937.4280    6.4372
    0.0000    0.0000    7.5000 2962.6016    6.3781
    7.5000    0.0000    7.5000 2926.4895    6.4913
   -7.5000    7.5000    7.5000 2859.4580    6.9386
    0.0000    7.5000    7.5000 2884.6401    6.8768
    7.5000    7.5000    7.5000 2851.5977    6.9763
   -7.5000   15.0000    7.5000 2751.8809    7.5593
    0.0000   15.0000    7.5000 2774.9370    7.4912
    7.5000   15.0000    7.5000 2742.8391    7.5949
   -7.5000   22.5000    7.5000 2624.5249    8.3088
    0.0000   22.5000    7.5000 2642.0151    8.2382
    7.5000   22.5000    7.5000 2615.9448    8.3461
   -7.5000   30.0000    7.5000 2479.4172    9.2338
    0.0000   30.0000    7.5000 2493.9504    9.1611
    7.5000   30.0000    7.5000 2471.8611    9.2746
   -7.5000   37.5000    7.5000 2331.0525   10.3947
    0.0000   37.5000    7.5000 2343.7717   10.3192
    7.5000   37.5000    7.5000 2324.3198   10.4419
   -7.5000  -52.5000   15.0000 2839.5891    6.4960
    0.0000  -52.5000   15.0000 2850.1274    6.4536
    7.5000  -52.5000   15.0000 2839.9280    6.5363
   -7.5000  -45.0000   15.0000 2916.5657    6.0814
    0.0000  -45.0000   15.0000 2930.0925    6.0529
    7.5000  -45.0000   15.0000 2914.8345    6.1194
   -7.5000  -37.5000   15.0000 2984.8992    5.8059
    0.0000  -37.5000   15.0000 3003.0408    5.7862
    7.5000  -37.5000   15.0000 2979.8843    5.8456
   -7.5000  -30.0000   15.0000 3032.7026    5.6789
    0.0000  -30.0000   15.0000 3058.6406    5.6626
    7.5000  -30.0000   15.0000 3020.7871    5.7235
   -7.5000  -22.5000   15.0000 3058.7605    5.6859
    0.0000  -22.5000   15.0000 3094.8374    5.6935
    7.5000  -22.5000   15.0000 3044.8977    5.7087
   -7.5000  -15.0000   15.0000 3051.1174    5.7588
    0.0000  -15.0000   15.0000 3087.3018    5.7638
    7.5000  -15.0000   15.0000 3039.0281    5.7847
   -7.5000   -7.5000   15.0000 3015.6289    5.9338
    0.0000   -7.5000   15.0000 3042.7246    5.8954
    7.5000   -7.5000   15.0000 3001.9617    5.9905
   -7.5000    0.0000   15.0000 2957.9126    6.3062
    0.0000    0.0000   15.0000 2983.4041    6.2464
    7.5000    0.0000   15.0000 2945.7834    6.3516
   -7.5000    7.5000   15.0000 2870.8259    6.8230
    0.0000    7.5000   15.0000 2897.4160    6.7599
    7.5000    7.5000   15.0000 2864.3025    6.8634
   -7.5000   15.0000   15.0000 2761.8960    7.4557
    0.0000   15.0000   15.0000 2784.3428    7.3880
    7.5000   15.0000   15.0000 2755.1755    7.4935
   -7.5000   22.5000   15.0000 2629.6541    8.2095
    0.0000   22.5000   15.0000 2645.5032    8.1379
    7.5000   22.5000   15.0000 2624.3633    8.2484
   -7.5000   30.0000   15.0000 2484.8916    9.1231
    0.0000   30.0000   15.0000 2499.0889    9.0486
    7.5000   30.0000   15.0000 2476.8948    9.1618
   -7.5000   37.5000   15.0000 2336.5942   10.2466
    0.0000   37.5000   15.0000 2349.3789   10.1758
    7.5000   37.5000   15.0000 2330.0886   10.2911
   -7.5000  -52.5000   22.5000 2845.6692    6.4505
    0.0000  -52.5000   22.5000 2852.3340    6.4109
    7.5000  -52.5000   22.5000 2845.9468    6.4945
   -7.5000  -45.0000   22.5000 2925.9253    6.0537
    0.0000  -45.0000   22.5000 2936.4561    6.0344
    7.5000  -45.0000   22.5000 2922.6912    6.0940
   -7.5000  -37.5000   22.5000 2993.5176    5.8027
    0.0000  -37.5000   22.5000 3009.7537    5.7972
    7.5000  -37.5000   22.5000 2985.4297    5.8431
   -7.5000  -30.0000   22.5000 3045.5261    5.6959
    0.0000  -30.0000   22.5000 3075.4314    5.6985
    7.5000  -30.0000   22.5000 3026.7698    5.7397
   -7.5000  -22.5000   22.5000 3067.5032    5.6958
    0.0000  -22.5000   22.5000 3108.9504    5.7106
    7.5000  -22.5000   22.5000 3048.0054    5.7235
   -7.5000  -15.0000   22.5000 3045.6680    5.7696
    0.0000  -15.0000   22.5000 3077.2888    5.7526
    7.5000  -15.0000   22.5000 3032.7715    5.8066
   -7.5000   -7.5000   22.5000 3006.9248    5.9902
    0.0000   -7.5000   22.5000 3029.7300    5.9460
    7.5000   -7.5000   22.5000 2996.9246    6.0281
   -7.5000    0.0000   22.5000 2949.8875    6.3399
    0.0000    0.0000   22.5000 2970.9700    6.2923
    7.5000    0.0000   22.5000 2939.4521    6.3778
   -7.5000    7.5000   22.5000 2862.4941    6.8272
    0.0000    7.5000   22.5000 2884.1921    6.7720
    7.5000    7.5000   22.5000 2856.5959    6.8646
   -7.5000   15.0000   22.5000 2752.1685    7.4413
    0.0000   15.0000   22.5000 2770.3330    7.3840
    7.5000   15.0000   22.5000 2748.4719    7.4812
   -7.5000   22.5000   22.5000 2620.0903    8.1941
    0.0000   22.5000   22.5000 2634.6003    8.1264
    7.5000   22.5000   22.5000 2617.3086    8.2278
   -7.5000   30.0000   22.5000 2477.0564    9.1033
    0.0000   30.0000   22.5000 2490.1738    9.0235
    7.5000   30.0000   22.5000 2472.4983    9.1443
   -7.5000   37.5000   22.5000 2325.7224   10.2224
    0.0000   37.5000   22.5000 2336.2744   10.1355
    7.5000   37.5000   22.5000 2323.9626   10.2751
   -7.5000  -52.5000   30.0000 2844.1606    6.5394
    0.0000  -52.5000   30.0000 2849.1157    6.4890
    7.5000  -52.5000   30.0000 2840.9380    6.5842
   -7.5000  -45.0000   30.0000 2920.7996    6.1504
    0.0000  -45.0000   30.0000 2927.8879    6.1090
    7.5000  -45.0000   30.0000 2917.6543    6.1918
   -7.5000  -37.5000   30.0000 2983.0415    5.9055
    0.0000  -37.5000   30.0000 2995.3237    5.8693
    7.5000  -37.5000   30.0000 2977.3757    5.9424
   -7.5000  -30.0000   30.0000 3026.9619    5.7982
    0.0000  -30.0000   30.0000 3050.8052    5.7821
    7.5000  -30.0000   30.0000 3014.7556    5.8394
   -7.5000  -22.5000   30.0000 3036.8245    5.7889
    0.0000  -22.5000   30.0000 3066.7217    5.7636
    7.5000  -22.5000   30.0000 3024.5283    5.8321
   -7.5000  -15.0000   30.0000 3016.8362    5.8916
    0.0000  -15.0000   30.0000 3041.9045    5.8434
    7.5000  -15.0000   30.0000 3003.9846    5.9349
   -7.5000   -7.5000   30.0000 2978.2966    6.1301
    0.0000   -7.5000   30.0000 2998.5178    6.0849
    7.5000   -7.5000   30.0000 2969.0271    6.1719
   -7.5000    0.0000   30.0000 2910.6199    6.4954
    0.0000    0.0000   30.0000 2932.2454    6.4434
    7.5000    0.0000   30.0000 2907.6716    6.5266
   -7.5000    7.5000   30.0000 2826.6033    6.9679
    0.0000    7.5000   30.0000 2845.6355    6.9085
    7.5000    7.5000   30.0000 2824.8047    6.9944
   -7.5000   15.0000   30.0000 2719.6553    7.5510
    0.0000   15.0000   30.0000 2733.4346    7.4945
    7.5000   15.0000   30.0000 2718.0930    7.5844
   -7.5000   22.5000   30.0000 2593.6384    8.2897
    0.0000   22.5000   30.0000 2605.5088    8.2235
    7.5000   22.5000   30.0000 2589.5647    8.3179
   -7.5000   30.0000   30.0000 2451.8254    9.1973
    0.0000   30.0000   30.0000 2465.0408    9.1218
    7.5000   30.0000   30.0000 2451.8499    9.2333
   -7.5000   37.5000   30.0000 2297.6064   10.3093
    0.0000   37.5000   30.0000 2308.9158   10.2292
    7.5000   37.5000   30.0000 2297.6709   10.3495
   -7.5000  -52.5000   37.5000 2831.4822    6.7079
    0.0000  -52.5000   37.5000 2835.9773    6.6299
    7.5000  -52.5000   37.5000 2828.2634    6.7512
   -7.5000  -45.0000   37.5000 2905.2131    6.3187
    0.0000  -45.0000   37.5000 2912.5605    6.2556
    7.5000  -45.0000   37.5000 2900.8865    6.3613
   -7.5000  -37.5000   37.5000 2962.9587    6.0845
    0.0000  -37.5000   37.5000 2973.2246    6.0391
    7.5000  -37.5000   37.5000 2955.3350    6.1304
   -7.5000  -30.0000   37.5000 2992.0400    5.9947
    0.0000  -30.0000   37.5000 3012.0835    5.9586
    7.5000  -30.0000   37.5000 2982.5347    6.0379
   -7.5000  -22.5000   37.5000 2989.3613    6.0129
    0.0000  -22.5000   37.5000 3016.1223    5.9612
    7.5000  -22.5000   37.5000 2980.1453    6.0560
   -7.5000  -15.0000   37.5000 2966.1423    6.1267
    0.0000  -15.0000   37.5000 2986.8442    6.0865
    7.5000  -15.0000   37.5000 2956.1724    6.1672
   -7.5000   -7.5000   37.5000 2925.0010    6.3702
    0.0000   -7.5000   37.5000 2941.8562    6.3352
    7.5000   -7.5000   37.5000 2918.2578    6.4113
   -7.5000    0.0000   37.5000 2856.2310    6.7258
    0.0000    0.0000   37.5000 2876.0076    6.6884
    7.5000    0.0000   37.5000 2853.2788    6.7594
   -7.5000    7.5000   37.5000 2774.4448    7.1741
    0.0000    7.5000   37.5000 2791.5032    7.1285
    7.5000    7.5000   37.5000 2773.1550    7.2041
   -7.5000   15.0000   37.5000 2669.7888    7.7489
    0.0000   15.0000   37.5000 2682.6960    7.6928
    7.5000   15.0000   37.5000 2667.5312    7.7791
   -7.5000   22.5000   37.5000 2548.3384    8.4897
    0.0000   22.5000   37.5000 2561.3960    8.4208
    7.5000   22.5000   37.5000 2544.4434    8.5162
   -7.5000   30.0000   37.5000 2410.8215    9.4053
    0.0000   30.0000   37.5000 2424.7615    9.3157
    7.5000   30.0000   37.5000 2411.0718    9.4366
   -7.5000   37.5000   37.5000 2259.4775   10.5399
    0.0000   37.5000   37.5000 2272.4956   10.4463
    7.5000   37.5000   37.5000 2259.7593   10.5701
   -7.5000  -52.5000   45.0000 2807.5427    6.9609
    0.0000  -52.5000   45.0000 2817.3921    6.8639
    7.5000  -52.5000   45.0000 2803.2329    7.0093
   -7.5000  -45.0000   45.0000 2875.8018    6.5722
    0.0000  -45.0000   45.0000 2888.9824    6.5007
    7.5000  -45.0000   45.0000 2871.7122    6.6161
   -7.5000  -37.5000   45.0000 2927.5188    6.3508
    0.0000  -37.5000   45.0000 2941.3716    6.2931
    7.5000  -37.5000   45.0000 2921.2517    6.3964
   -7.5000  -30.0000   45.0000 2945.3262    6.2759
    0.0000  -30.0000   45.0000 2963.5200    6.2142
    7.5000  -30.0000   45.0000 2938.6572    6.3174
   -7.5000  -22.5000   45.0000 2932.3521    6.3179
    0.0000  -22.5000   45.0000 2955.2129    6.2532
    7.5000  -22.5000   45.0000 2923.8962    6.3607
   -7.5000  -15.0000   45.0000 2903.1614    6.4529
    0.0000  -15.0000   45.0000 2923.1680    6.4062
    7.5000  -15.0000   45.0000 2895.4355    6.4894
   -7.5000   -7.5000   45.0000 2855.0037    6.7041
    0.0000   -7.5000   45.0000 2872.9619    6.6594
    7.5000   -7.5000   45.0000 2850.3137    6.7355
   -7.5000    0.0000   45.0000 2789.8489    7.0446
    0.0000    0.0000   45.0000 2807.1606    7.0049
    7.5000    0.0000   45.0000 2787.0496    7.0692
   -7.5000    7.5000   45.0000 2709.0623    7.4875
    0.0000    7.5000   45.0000 2723.9434    7.4414
    7.5000    7.5000   45.0000 2705.1763    7.5113
   -7.5000   15.0000   45.0000 2607.6553    8.0509
    0.0000   15.0000   45.0000 2622.1196    7.9910
    7.5000   15.0000   45.0000 2605.3171    8.0720
   -7.5000   22.5000   45.0000 2488.4233    8.7903
    0.0000   22.5000   45.0000 2502.3525    8.7263
    7.5000   22.5000   45.0000 2490.4038    8.8202
   -7.5000   30.0000   45.0000 2354.0454    9.7148
    0.0000   30.0000   45.0000 2367.2561    9.6412
    7.5000   30.0000   45.0000 2355.2727    9.7413
   -7.5000   37.5000   45.0000 2208.5469   10.8439
    0.0000   37.5000   45.0000 2223.0815   10.7671
    7.5000   37.5000   45.0000 2207.3667   10.8934

---------------------------------------------------------------------
imgreg_4dfp /home/neurosign/Softwares/FreeSurf/fs741/freesurfer/average/711-2C_as_mni_average_305 /home/neurosign/Softwares/FreeSurf/fs741/freesurfer/average/711-2B_as_mni_average_305_mask talsrcimg_g11 none talsrcimg_to_711-2C_as_mni_average_305_t4 1283
---------------------------------------------------------------------

freesurfer imgreg_4dfp.c
/home/neurosign/Softwares/FreeSurf/fs741/freesurfer/average/711-2C_as_mni_average_305.4dfp.img
       256       256       256         1
  1.000000  1.000000  1.000000
orientation T byte_order littleendian
Reading image: /home/neurosign/Softwares/FreeSurf/fs741/freesurfer/average/711-2C_as_mni_average_305.4dfp.img
dimensions:      256       256       256
mmppix:       1.0000   -1.0000   -1.0000
center:     128.0000 -129.0000 -129.0000
/home/neurosign/Softwares/FreeSurf/fs741/freesurfer/average/711-2B_as_mni_average_305_mask.4dfp.img
       256       256       256         1
  1.000000  1.000000  1.000000
orientation T byte_order littleendian
Reading mask: /home/neurosign/Softwares/FreeSurf/fs741/freesurfer/average/711-2B_as_mni_average_305_mask.4dfp.img (2306576 pixels)
talsrcimg_g11.4dfp.img
       256       256       256         1
  1.000000  1.000000  1.000000
orientation T byte_order littleendian
Reading image: talsrcimg_g11.4dfp.img
dimensions:      256       256       256
mmppix:       1.0000   -1.0000   -1.0000
center:     128.0000 -129.0000 -129.0000
rotation matrix determinant  1.000000
fimgreg.f
image alignment mode   1283 decimal      503 hex
parameters
    0.0000  -22.5000   22.5000    0.0000    0.0000    0.0000
eta,q 0.97529  5.69376
niter,ni,del,rscale     5    3   12.0000    1.2000
parameter  3  0.533102 ->  0.500000 qaram    1.1500
parameters
   -0.8331  -22.2993   19.0500   -0.2706    0.2639   -0.3452
eta,q 0.97602  5.70789
  0.0354  0.0340  0.0261  0.0281  0.0325  0.0293
  0.0296  0.0303  0.0242  0.0263  0.0286  0.0265
  0.0263  0.0273  0.0244  0.0247  0.0256  0.0245
  0.0266  0.0261  0.0261  0.0241  0.0241  0.0240
  0.0296  0.0272  0.0290  0.0249  0.0247  0.0252
  0.0348  0.0298  0.0326  0.0268  0.0276  0.0275
  0.0409  0.0329  0.0367  0.0289  0.0314  0.0305
niter,ni,del,rscale     5    3   12.0000    1.2000
parameters
   -1.0776  -21.8496   19.6985   -0.5966    0.4709   -0.4172
eta,q 0.97599  5.70859
  0.0365  0.0327  0.0360  0.0279  0.0322  0.0298
  0.0298  0.0282  0.0300  0.0261  0.0282  0.0269
  0.0251  0.0251  0.0255  0.0246  0.0254  0.0247
  0.0240  0.0239  0.0240  0.0240  0.0240  0.0240
  0.0262  0.0248  0.0250  0.0249  0.0249  0.0250
  0.0315  0.0270  0.0278  0.0267  0.0276  0.0272
  0.0384  0.0301  0.0319  0.0288  0.0312  0.0300
niter,ni,del,rscale     4    3   12.0000    1.2000
parameters
   -1.1661  -21.7604   19.6644   -0.7269    0.5348   -0.4319
eta,q 0.97600  5.70898
  0.0368  0.0317  0.0340  0.0281  0.0319  0.0299
  0.0302  0.0274  0.0284  0.0262  0.0280  0.0270
  0.0253  0.0247  0.0246  0.0247  0.0252  0.0247
  0.0240  0.0240  0.0240  0.0240  0.0240  0.0240
  0.0258  0.0251  0.0257  0.0247  0.0250  0.0249
  0.0308  0.0274  0.0291  0.0265  0.0279  0.0270
  0.0374  0.0309  0.0335  0.0285  0.0315  0.0298
niter,ni,del,rscale     3    3   12.0000    1.2000
parameters
   -1.1934  -21.6919   19.6143   -0.8219    0.5491   -0.4361
eta,q 0.97600  5.70955
  0.0370  0.0316  0.0340  0.0281  0.0318  0.0299
  0.0304  0.0274  0.0284  0.0263  0.0279  0.0270
  0.0255  0.0247  0.0246  0.0247  0.0251  0.0247
  0.0240  0.0240  0.0240  0.0240  0.0240  0.0240
  0.0257  0.0251  0.0257  0.0246  0.0251  0.0249
  0.0305  0.0274  0.0292  0.0264  0.0280  0.0270
  0.0372  0.0309  0.0336  0.0285  0.0316  0.0298
niter,ni,del,rscale     2    3   12.0000    1.2000
parameters
   -1.2002  -21.6367   19.5732   -0.8987    0.5495   -0.4385
eta,q 0.97601  5.71005
  0.0370  0.0315  0.0341  0.0282  0.0318  0.0299
  0.0304  0.0273  0.0285  0.0263  0.0278  0.0270
  0.0255  0.0247  0.0247  0.0247  0.0251  0.0247
  0.0240  0.0240  0.0240  0.0240  0.0240  0.0240
  0.0257  0.0251  0.0257  0.0246  0.0251  0.0249
  0.0305  0.0274  0.0292  0.0264  0.0280  0.0270
  0.0371  0.0310  0.0337  0.0284  0.0316  0.0298
niter,ni,del,rscale     1    3   12.0000    1.2000
parameters
   -1.2007  -21.5910   19.5397   -0.9635    0.5469   -0.4401
eta,q 0.97601  5.71046
  0.0370  0.0315  0.0341  0.0282  0.0318  0.0299
  0.0305  0.0273  0.0285  0.0263  0.0278  0.0269
  0.0255  0.0247  0.0247  0.0247  0.0251  0.0247
  0.0240  0.0240  0.0240  0.0240  0.0240  0.0240
  0.0256  0.0250  0.0257  0.0246  0.0251  0.0249
  0.0304  0.0273  0.0291  0.0264  0.0281  0.0270
  0.0370  0.0310  0.0337  0.0284  0.0316  0.0298
registration optimization eta report
parameter search radius
    6.0000    6.0000    6.9000    6.0000    6.0000    6.0000
100000*second partial in parameter space
       36.       20.       21.       12.       21.       16.
  0.0370  0.0315  0.0341  0.0282  0.0318  0.0299
  0.0305  0.0273  0.0285  0.0263  0.0278  0.0269
  0.0255  0.0247  0.0247  0.0247  0.0251  0.0247
  0.0240  0.0240  0.0240  0.0240  0.0240  0.0240
  0.0256  0.0250  0.0257  0.0246  0.0251  0.0249
  0.0304  0.0273  0.0291  0.0264  0.0281  0.0270
  0.0370  0.0310  0.0337  0.0284  0.0316  0.0298
   -1.2007  -21.5910   19.5397   -0.9635    0.5469   -0.4401
eta,q 0.97601  5.71046

---------------------------------------------------------------------
imgreg_4dfp /home/neurosign/Softwares/FreeSurf/fs741/freesurfer/average/711-2C_as_mni_average_305 /home/neurosign/Softwares/FreeSurf/fs741/freesurfer/average/711-2B_as_mni_average_305_mask talsrcimg_g11 none talsrcimg_to_711-2C_as_mni_average_305_t4 3335
---------------------------------------------------------------------

freesurfer imgreg_4dfp.c
/home/neurosign/Softwares/FreeSurf/fs741/freesurfer/average/711-2C_as_mni_average_305.4dfp.img
       256       256       256         1
  1.000000  1.000000  1.000000
orientation T byte_order littleendian
Reading image: /home/neurosign/Softwares/FreeSurf/fs741/freesurfer/average/711-2C_as_mni_average_305.4dfp.img
dimensions:      256       256       256
mmppix:       1.0000   -1.0000   -1.0000
center:     128.0000 -129.0000 -129.0000
/home/neurosign/Softwares/FreeSurf/fs741/freesurfer/average/711-2B_as_mni_average_305_mask.4dfp.img
       256       256       256         1
  1.000000  1.000000  1.000000
orientation T byte_order littleendian
Reading mask: /home/neurosign/Softwares/FreeSurf/fs741/freesurfer/average/711-2B_as_mni_average_305_mask.4dfp.img (2306576 pixels)
talsrcimg_g11.4dfp.img
       256       256       256         1
  1.000000  1.000000  1.000000
orientation T byte_order littleendian
Reading image: talsrcimg_g11.4dfp.img
dimensions:      256       256       256
mmppix:       1.0000   -1.0000   -1.0000
center:     128.0000 -129.0000 -129.0000
fimgreg.f
image alignment mode   3335 decimal      D07 hex
parameters
   -1.2007  -21.5910   19.5397   -0.0075   -0.0172   -0.0187
    0.7840   -0.9414   -0.7680    1.6889    0.9545   -1.6815
eta,q 0.97694  5.70254
niter,ni,del,rscale     5    3    5.0000    1.2000
parameter  4 -0.795410 -> -0.500000 qaram    1.1500
parameter  5 -1.202009 -> -0.500000 qaram    1.1500
parameters
   -1.2323  -22.0775   19.7663    4.1325    4.1228    0.7025
    1.3161   -0.6379   -0.7837   -1.2964    0.6926   -1.9085
eta,q 0.98060  5.89590
  0.0251  0.0239  0.0246  0.0265  0.0262  0.0239  0.0226  0.0243  0.0214  0.0202  0.0210  0.0207
  0.0240  0.0232  0.0237  0.0253  0.0247  0.0225  0.0213  0.0222  0.0205  0.0196  0.0201  0.0200
  0.0233  0.0230  0.0232  0.0242  0.0232  0.0211  0.0203  0.0205  0.0200  0.0194  0.0196  0.0196
  0.0231  0.0231  0.0230  0.0230  0.0217  0.0200  0.0198  0.0198  0.0198  0.0198  0.0194  0.0194
  0.0233  0.0234  0.0231  0.0220  0.0205  0.0198  0.0200  0.0202  0.0200  0.0208  0.0197  0.0196
  0.0240  0.0241  0.0234  0.0217  0.0199  0.0209  0.0207  0.0216  0.0205  0.0223  0.0203  0.0201
  0.0252  0.0249  0.0241  0.0224  0.0199  0.0232  0.0220  0.0237  0.0214  0.0245  0.0212  0.0209
niter,ni,del,rscale     6    3    5.0000    1.2000
parameters
   -1.1609  -22.1617   19.5705    3.4277    6.8837    1.0475
    1.2401   -0.5248   -0.5982   -2.4010    0.4610   -2.9254
eta,q 0.98124  5.95144
  0.0228  0.0213  0.0208  0.0231  0.0245  0.0225  0.0215  0.0233  0.0208  0.0206  0.0205  0.0199
  0.0210  0.0202  0.0199  0.0215  0.0226  0.0212  0.0201  0.0211  0.0198  0.0195  0.0195  0.0192
  0.0198  0.0196  0.0195  0.0200  0.0207  0.0200  0.0192  0.0195  0.0191  0.0189  0.0189  0.0188
  0.0194  0.0194  0.0194  0.0194  0.0194  0.0190  0.0188  0.0188  0.0188  0.0188  0.0188  0.0188
  0.0197  0.0197  0.0197  0.0201  0.0190  0.0187  0.0192  0.0193  0.0190  0.0194  0.0190  0.0191
  0.0207  0.0204  0.0204  0.0222  0.0193  0.0200  0.0202  0.0209  0.0196  0.0205  0.0197  0.0198
  0.0224  0.0215  0.0213  0.0251  0.0207  0.0226  0.0217  0.0231  0.0206  0.0223  0.0207  0.0208
niter,ni,del,rscale     5    3    5.0000    1.2000
parameters
   -1.1375  -22.2369   19.3291    3.0780    7.2296    1.1934
    1.2040   -0.4594   -0.4854   -2.4875    0.3865   -3.2966
eta,q 0.98131  5.95550
  0.0221  0.0207  0.0202  0.0229  0.0229  0.0221  0.0215  0.0232  0.0207  0.0212  0.0205  0.0201
  0.0203  0.0196  0.0193  0.0213  0.0210  0.0210  0.0200  0.0210  0.0196  0.0199  0.0195  0.0193
  0.0191  0.0190  0.0188  0.0196  0.0194  0.0199  0.0190  0.0193  0.0189  0.0190  0.0189  0.0188
  0.0188  0.0188  0.0188  0.0187  0.0188  0.0187  0.0187  0.0187  0.0187  0.0187  0.0187  0.0187
  0.0191  0.0190  0.0191  0.0193  0.0189  0.0185  0.0190  0.0192  0.0189  0.0190  0.0189  0.0189
  0.0202  0.0198  0.0198  0.0213  0.0201  0.0200  0.0200  0.0208  0.0196  0.0199  0.0196  0.0195
  0.0220  0.0210  0.0209  0.0243  0.0226  0.0228  0.0215  0.0231  0.0206  0.0215  0.0205  0.0204
niter,ni,del,rscale     4    3    5.0000    1.2000
parameters
   -1.1214  -22.1941   19.2988    2.9712    7.3342    1.2460
    1.1650   -0.4293   -0.4425   -2.4033    0.3617   -3.4409
eta,q 0.98133  5.95731
  0.0220  0.0209  0.0205  0.0231  0.0227  0.0221  0.0215  0.0231  0.0207  0.0213  0.0205  0.0202
  0.0202  0.0197  0.0195  0.0214  0.0208  0.0210  0.0200  0.0210  0.0196  0.0200  0.0195  0.0194
  0.0191  0.0189  0.0189  0.0197  0.0193  0.0199  0.0190  0.0193  0.0189  0.0190  0.0189  0.0189
  0.0187  0.0187  0.0187  0.0187  0.0187  0.0187  0.0187  0.0187  0.0187  0.0187  0.0187  0.0187
  0.0191  0.0189  0.0189  0.0191  0.0190  0.0185  0.0190  0.0192  0.0189  0.0189  0.0189  0.0189
  0.0202  0.0196  0.0196  0.0210  0.0203  0.0201  0.0200  0.0208  0.0196  0.0198  0.0195  0.0194
  0.0219  0.0207  0.0206  0.0240  0.0228  0.0229  0.0215  0.0231  0.0206  0.0213  0.0205  0.0203
niter,ni,del,rscale     3    3    5.0000    1.2000
parameters
   -1.1172  -22.1670   19.2930    2.9322    7.3518    1.2690
    1.1528   -0.4242   -0.4323   -2.3515    0.3541   -3.5000
eta,q 0.98134  5.95773
  0.0220  0.0208  0.0206  0.0231  0.0226  0.0221  0.0215  0.0231  0.0206  0.0213  0.0205  0.0202
  0.0202  0.0196  0.0195  0.0214  0.0207  0.0210  0.0200  0.0209  0.0196  0.0200  0.0195  0.0194
  0.0190  0.0189  0.0189  0.0197  0.0192  0.0199  0.0190  0.0193  0.0189  0.0190  0.0189  0.0189
  0.0187  0.0187  0.0187  0.0187  0.0187  0.0187  0.0187  0.0187  0.0187  0.0187  0.0187  0.0187
  0.0191  0.0189  0.0189  0.0190  0.0190  0.0185  0.0190  0.0192  0.0189  0.0189  0.0189  0.0189
  0.0202  0.0196  0.0196  0.0209  0.0203  0.0201  0.0200  0.0209  0.0196  0.0198  0.0195  0.0194
  0.0219  0.0207  0.0205  0.0239  0.0229  0.0230  0.0215  0.0232  0.0206  0.0214  0.0205  0.0203
niter,ni,del,rscale     2    3    5.0000    1.2000
parameters
   -1.1160  -22.1540   19.2933    2.9195    7.3502    1.2792
    1.1500   -0.4217   -0.4293   -2.3259    0.3502   -3.5210
eta,q 0.98134  5.95780
  0.0220  0.0208  0.0206  0.0231  0.0226  0.0220  0.0215  0.0231  0.0206  0.0213  0.0205  0.0202
  0.0202  0.0196  0.0195  0.0215  0.0207  0.0210  0.0200  0.0209  0.0196  0.0200  0.0195  0.0194
  0.0190  0.0189  0.0189  0.0197  0.0192  0.0198  0.0190  0.0193  0.0189  0.0190  0.0189  0.0189
  0.0187  0.0187  0.0187  0.0187  0.0187  0.0187  0.0187  0.0187  0.0187  0.0187  0.0187  0.0187
  0.0191  0.0189  0.0189  0.0190  0.0190  0.0185  0.0190  0.0192  0.0189  0.0189  0.0189  0.0188
  0.0202  0.0196  0.0196  0.0208  0.0204  0.0201  0.0200  0.0209  0.0196  0.0198  0.0195  0.0194
  0.0219  0.0207  0.0205  0.0238  0.0229  0.0230  0.0215  0.0232  0.0206  0.0214  0.0205  0.0203
registration optimization eta report
parameter search radius
    2.4000    2.4000    2.4000    8.2800    8.2800    7.2000
    7.2000    7.2000    7.2000    7.2000    7.2000    7.2000
100000*second partial in parameter space
       57.       36.       33.        7.        6.        7.
        5.        9.        4.        5.        4.        3.
  0.0220  0.0208  0.0206  0.0231  0.0226  0.0220  0.0215  0.0231  0.0206  0.0213  0.0205  0.0202
  0.0202  0.0196  0.0195  0.0215  0.0207  0.0210  0.0200  0.0209  0.0196  0.0200  0.0195  0.0194
  0.0190  0.0189  0.0189  0.0197  0.0192  0.0198  0.0190  0.0193  0.0189  0.0190  0.0189  0.0189
  0.0187  0.0187  0.0187  0.0187  0.0187  0.0187  0.0187  0.0187  0.0187  0.0187  0.0187  0.0187
  0.0191  0.0189  0.0189  0.0190  0.0190  0.0185  0.0190  0.0192  0.0189  0.0189  0.0189  0.0188
  0.0202  0.0196  0.0196  0.0208  0.0204  0.0201  0.0200  0.0209  0.0196  0.0198  0.0195  0.0194
  0.0219  0.0207  0.0205  0.0238  0.0229  0.0230  0.0215  0.0232  0.0206  0.0214  0.0205  0.0203
   -1.1160  -22.1540   19.2933    2.9195    7.3502    1.2792
    1.1500   -0.4217   -0.4293   -2.3259    0.3502   -3.5210
eta,q 0.98134  5.95780

---------------------------------------------------------------------
imgreg_4dfp /home/neurosign/Softwares/FreeSurf/fs741/freesurfer/average/711-2C_as_mni_average_305 /home/neurosign/Softwares/FreeSurf/fs741/freesurfer/average/711-2B_as_mni_average_305_mask talsrcimg_g11 none talsrcimg_to_711-2C_as_mni_average_305_t4 2311
---------------------------------------------------------------------

freesurfer imgreg_4dfp.c
/home/neurosign/Softwares/FreeSurf/fs741/freesurfer/average/711-2C_as_mni_average_305.4dfp.img
       256       256       256         1
  1.000000  1.000000  1.000000
orientation T byte_order littleendian
Reading image: /home/neurosign/Softwares/FreeSurf/fs741/freesurfer/average/711-2C_as_mni_average_305.4dfp.img
dimensions:      256       256       256
mmppix:       1.0000   -1.0000   -1.0000
center:     128.0000 -129.0000 -129.0000
/home/neurosign/Softwares/FreeSurf/fs741/freesurfer/average/711-2B_as_mni_average_305_mask.4dfp.img
       256       256       256         1
  1.000000  1.000000  1.000000
orientation T byte_order littleendian
Reading mask: /home/neurosign/Softwares/FreeSurf/fs741/freesurfer/average/711-2B_as_mni_average_305_mask.4dfp.img (2306576 pixels)
talsrcimg_g11.4dfp.img
       256       256       256         1
  1.000000  1.000000  1.000000
orientation T byte_order littleendian
Reading image: talsrcimg_g11.4dfp.img
dimensions:      256       256       256
mmppix:       1.0000   -1.0000   -1.0000
center:     128.0000 -129.0000 -129.0000
fimgreg.f
image alignment mode   2311 decimal      907 hex
parameters
   -1.1160  -22.1540   19.2933    2.9195    7.3502    1.2792
    1.1500   -0.4217   -0.4293   -2.3259    0.3502   -3.5210
eta,q 0.98134  5.95780
niter,ni,del,rscale     5    3    5.0000    0.8000
parameters
   -1.1219  -22.1509   19.2613    3.5187    7.5394    1.9236
    1.0573   -0.3765   -0.4889   -2.5157    0.3238   -3.9387
eta,q 0.98158  5.98048
  0.0202  0.0196  0.0195  0.0210  0.0201  0.0208  0.0198  0.0209  0.0194  0.0197  0.0194  0.0191
  0.0193  0.0191  0.0190  0.0200  0.0193  0.0201  0.0190  0.0196  0.0188  0.0190  0.0188  0.0187
  0.0188  0.0188  0.0187  0.0191  0.0188  0.0193  0.0186  0.0188  0.0185  0.0185  0.0185  0.0185
  0.0187  0.0187  0.0187  0.0187  0.0186  0.0186  0.0184  0.0184  0.0184  0.0184  0.0184  0.0184
  0.0188  0.0188  0.0188  0.0187  0.0187  0.0184  0.0186  0.0187  0.0185  0.0186  0.0185  0.0186
  0.0194  0.0191  0.0191  0.0192  0.0191  0.0190  0.0191  0.0195  0.0189  0.0191  0.0189  0.0189
  0.0202  0.0196  0.0196  0.0202  0.0199  0.0203  0.0199  0.0208  0.0194  0.0199  0.0194  0.0194
niter,ni,del,rscale     4    3    5.0000    0.7000
parameters
   -1.1363  -22.1294   19.3698    3.4349    7.5668    2.2637
    1.0681   -0.3587   -0.5031   -2.4596    0.3172   -4.0707
eta,q 0.98164  5.98590
  0.0196  0.0192  0.0193  0.0200  0.0195  0.0204  0.0194  0.0203  0.0191  0.0194  0.0191  0.0189
  0.0189  0.0188  0.0188  0.0192  0.0189  0.0197  0.0188  0.0193  0.0187  0.0188  0.0187  0.0186
  0.0185  0.0185  0.0185  0.0186  0.0185  0.0190  0.0185  0.0186  0.0184  0.0185  0.0184  0.0184
  0.0184  0.0184  0.0184  0.0184  0.0184  0.0184  0.0184  0.0184  0.0184  0.0184  0.0184  0.0184
  0.0186  0.0185  0.0185  0.0186  0.0185  0.0184  0.0185  0.0186  0.0184  0.0185  0.0184  0.0184
  0.0190  0.0187  0.0187  0.0192  0.0189  0.0190  0.0188  0.0192  0.0187  0.0188  0.0187  0.0187
  0.0196  0.0191  0.0190  0.0202  0.0195  0.0202  0.0194  0.0203  0.0191  0.0194  0.0191  0.0190
niter,ni,del,rscale     3    3    5.0000    0.6000
parameters
   -1.1399  -22.1168   19.4452    3.3813    7.5215    2.4922
    1.0853   -0.3563   -0.5160   -2.4532    0.3138   -4.1201
eta,q 0.98167  5.98831
  0.0192  0.0189  0.0190  0.0196  0.0191  0.0200  0.0191  0.0198  0.0189  0.0191  0.0189  0.0188
  0.0188  0.0186  0.0187  0.0189  0.0187  0.0193  0.0187  0.0190  0.0186  0.0187  0.0186  0.0185
  0.0185  0.0184  0.0184  0.0185  0.0184  0.0187  0.0184  0.0185  0.0184  0.0184  0.0184  0.0184
  0.0184  0.0184  0.0184  0.0184  0.0184  0.0184  0.0183  0.0183  0.0183  0.0183  0.0183  0.0183
  0.0185  0.0184  0.0184  0.0185  0.0185  0.0184  0.0184  0.0185  0.0184  0.0184  0.0184  0.0184
  0.0188  0.0186  0.0186  0.0189  0.0187  0.0189  0.0187  0.0190  0.0186  0.0187  0.0186  0.0185
  0.0193  0.0189  0.0189  0.0197  0.0192  0.0198  0.0191  0.0198  0.0189  0.0191  0.0189  0.0188
niter,ni,del,rscale     2    3    5.0000    0.5000
parameters
   -1.1429  -22.1107   19.5016    3.3577    7.4707    2.6690
    1.0846   -0.3509   -0.5160   -2.4799    0.3036   -4.1193
eta,q 0.98168  5.99004
  0.0190  0.0187  0.0188  0.0192  0.0189  0.0196  0.0189  0.0194  0.0187  0.0189  0.0187  0.0186
  0.0186  0.0185  0.0185  0.0187  0.0185  0.0190  0.0186  0.0188  0.0185  0.0185  0.0185  0.0185
  0.0184  0.0184  0.0184  0.0184  0.0184  0.0186  0.0184  0.0184  0.0184  0.0184  0.0184  0.0184
  0.0183  0.0183  0.0183  0.0183  0.0183  0.0183  0.0183  0.0183  0.0183  0.0183  0.0183  0.0183
  0.0184  0.0184  0.0184  0.0184  0.0184  0.0184  0.0184  0.0184  0.0184  0.0184  0.0184  0.0184
  0.0186  0.0185  0.0185  0.0187  0.0186  0.0187  0.0186  0.0188  0.0185  0.0186  0.0185  0.0185
  0.0190  0.0187  0.0187  0.0192  0.0189  0.0194  0.0189  0.0194  0.0187  0.0189  0.0187  0.0186
niter,ni,del,rscale     1    3    5.0000    0.4000
parameters
   -1.1433  -22.1136   19.5472    3.3358    7.4255    2.7979
    1.0956   -0.3406   -0.5217   -2.5195    0.2902   -4.1217
eta,q 0.98169  5.99101
  0.0187  0.0186  0.0186  0.0189  0.0186  0.0192  0.0187  0.0190  0.0186  0.0186  0.0186  0.0185
  0.0185  0.0184  0.0184  0.0186  0.0185  0.0188  0.0185  0.0186  0.0184  0.0185  0.0184  0.0184
  0.0184  0.0183  0.0184  0.0184  0.0183  0.0185  0.0183  0.0184  0.0183  0.0183  0.0183  0.0183
  0.0183  0.0183  0.0183  0.0183  0.0183  0.0183  0.0183  0.0183  0.0183  0.0183  0.0183  0.0183
  0.0184  0.0183  0.0183  0.0184  0.0184  0.0183  0.0183  0.0184  0.0183  0.0183  0.0183  0.0183
  0.0185  0.0184  0.0184  0.0186  0.0185  0.0186  0.0185  0.0186  0.0184  0.0185  0.0184  0.0184
  0.0187  0.0186  0.0185  0.0189  0.0187  0.0191  0.0187  0.0190  0.0186  0.0187  0.0186  0.0185
registration optimization eta report
parameter search radius
    0.8000    0.8000    0.8000    2.4000    2.4000    2.4000
    2.4000    2.4000    2.4000    2.4000    2.4000    2.4000
100000*second partial in parameter space
       63.       38.       41.       10.        6.       14.
        6.       12.        4.        6.        4.        4.
  0.0187  0.0186  0.0186  0.0189  0.0186  0.0192  0.0187  0.0190  0.0186  0.0186  0.0186  0.0185
  0.0185  0.0184  0.0184  0.0186  0.0185  0.0188  0.0185  0.0186  0.0184  0.0185  0.0184  0.0184
  0.0184  0.0183  0.0184  0.0184  0.0183  0.0185  0.0183  0.0184  0.0183  0.0183  0.0183  0.0183
  0.0183  0.0183  0.0183  0.0183  0.0183  0.0183  0.0183  0.0183  0.0183  0.0183  0.0183  0.0183
  0.0184  0.0183  0.0183  0.0184  0.0184  0.0183  0.0183  0.0184  0.0183  0.0183  0.0183  0.0183
  0.0185  0.0184  0.0184  0.0186  0.0185  0.0186  0.0185  0.0186  0.0184  0.0185  0.0184  0.0184
  0.0187  0.0186  0.0185  0.0189  0.0187  0.0191  0.0187  0.0190  0.0186  0.0187  0.0186  0.0185
   -1.1433  -22.1136   19.5472    3.3358    7.4255    2.7979
    1.0956   -0.3406   -0.5217   -2.5195    0.2902   -4.1217
eta,q 0.98169  5.99101

---------------------------------------------------------------------
imgreg_4dfp /home/neurosign/Softwares/FreeSurf/fs741/freesurfer/average/711-2C_as_mni_average_305 /home/neurosign/Softwares/FreeSurf/fs741/freesurfer/average/711-2B_as_mni_average_305_mask talsrcimg_g11 none talsrcimg_to_711-2C_as_mni_average_305_t4 2311
---------------------------------------------------------------------

freesurfer imgreg_4dfp.c
/home/neurosign/Softwares/FreeSurf/fs741/freesurfer/average/711-2C_as_mni_average_305.4dfp.img
       256       256       256         1
  1.000000  1.000000  1.000000
orientation T byte_order littleendian
Reading image: /home/neurosign/Softwares/FreeSurf/fs741/freesurfer/average/711-2C_as_mni_average_305.4dfp.img
dimensions:      256       256       256
mmppix:       1.0000   -1.0000   -1.0000
center:     128.0000 -129.0000 -129.0000
/home/neurosign/Softwares/FreeSurf/fs741/freesurfer/average/711-2B_as_mni_average_305_mask.4dfp.img
       256       256       256         1
  1.000000  1.000000  1.000000
orientation T byte_order littleendian
Reading mask: /home/neurosign/Softwares/FreeSurf/fs741/freesurfer/average/711-2B_as_mni_average_305_mask.4dfp.img (2306576 pixels)
talsrcimg_g11.4dfp.img
       256       256       256         1
  1.000000  1.000000  1.000000
orientation T byte_order littleendian
Reading image: talsrcimg_g11.4dfp.img
dimensions:      256       256       256
mmppix:       1.0000   -1.0000   -1.0000
center:     128.0000 -129.0000 -129.0000
fimgreg.f
image alignment mode   2311 decimal      907 hex
parameters
   -1.1433  -22.1136   19.5472    3.3358    7.4255    2.7979
    1.0956   -0.3406   -0.5217   -2.5195    0.2902   -4.1217
eta,q 0.98169  5.99101
niter,ni,del,rscale     5    3    5.0000    0.8000
parameters
   -1.1329  -22.1203   19.5786    3.1801    7.4318    2.4128
    1.1180   -0.3585   -0.4931   -2.3606    0.3054   -3.9649
eta,q 0.98165  5.98322
  0.0199  0.0193  0.0194  0.0203  0.0198  0.0204  0.0197  0.0208  0.0193  0.0198  0.0193  0.0192
  0.0190  0.0187  0.0188  0.0193  0.0190  0.0196  0.0190  0.0195  0.0188  0.0190  0.0188  0.0188
  0.0185  0.0184  0.0184  0.0186  0.0185  0.0187  0.0185  0.0187  0.0185  0.0185  0.0185  0.0185
  0.0183  0.0183  0.0183  0.0183  0.0183  0.0183  0.0184  0.0184  0.0184  0.0184  0.0183  0.0183
  0.0185  0.0184  0.0184  0.0186  0.0185  0.0186  0.0185  0.0186  0.0185  0.0185  0.0185  0.0184
  0.0190  0.0187  0.0188  0.0194  0.0189  0.0198  0.0190  0.0195  0.0188  0.0189  0.0188  0.0187
  0.0199  0.0193  0.0193  0.0206  0.0198  0.0216  0.0197  0.0208  0.0193  0.0196  0.0193  0.0191
niter,ni,del,rscale     4    3    5.0000    0.7000
parameters
   -1.1304  -22.1212   19.5030    3.3068    7.4531    2.3977
    1.0966   -0.3600   -0.4929   -2.4230    0.2979   -4.0012
eta,q 0.98166  5.98479
  0.0196  0.0191  0.0190  0.0200  0.0194  0.0202  0.0194  0.0203  0.0191  0.0194  0.0191  0.0190
  0.0189  0.0187  0.0186  0.0192  0.0188  0.0195  0.0188  0.0192  0.0187  0.0188  0.0187  0.0186
  0.0185  0.0184  0.0184  0.0186  0.0185  0.0188  0.0185  0.0186  0.0184  0.0184  0.0184  0.0184
  0.0183  0.0183  0.0183  0.0183  0.0183  0.0183  0.0183  0.0183  0.0183  0.0183  0.0183  0.0183
  0.0185  0.0184  0.0185  0.0185  0.0184  0.0185  0.0185  0.0186  0.0184  0.0185  0.0184  0.0184
  0.0189  0.0187  0.0188  0.0190  0.0188  0.0192  0.0188  0.0192  0.0187  0.0188  0.0187  0.0186
  0.0195  0.0191  0.0192  0.0199  0.0194  0.0206  0.0194  0.0203  0.0191  0.0194  0.0191  0.0190
niter,ni,del,rscale     3    3    5.0000    0.6000
parameters
   -1.1366  -22.1215   19.4917    3.3534    7.4770    2.5229
    1.0896   -0.3509   -0.5022   -2.4691    0.3016   -4.0738
eta,q 0.98167  5.98774
  0.0192  0.0189  0.0189  0.0196  0.0192  0.0199  0.0191  0.0198  0.0189  0.0191  0.0189  0.0188
  0.0187  0.0186  0.0186  0.0190  0.0187  0.0193  0.0187  0.0190  0.0186  0.0187  0.0186  0.0185
  0.0184  0.0184  0.0184  0.0185  0.0184  0.0187  0.0184  0.0185  0.0184  0.0184  0.0184  0.0184
  0.0183  0.0183  0.0183  0.0183  0.0183  0.0183  0.0183  0.0183  0.0183  0.0183  0.0183  0.0183
  0.0184  0.0184  0.0184  0.0185  0.0184  0.0184  0.0184  0.0185  0.0184  0.0184  0.0184  0.0184
  0.0188  0.0186  0.0186  0.0189  0.0187  0.0189  0.0187  0.0190  0.0186  0.0187  0.0186  0.0185
  0.0192  0.0189  0.0189  0.0196  0.0191  0.0199  0.0191  0.0198  0.0189  0.0191  0.0189  0.0188
niter,ni,del,rscale     2    3    5.0000    0.5000
parameters
   -1.1419  -22.1213   19.5133    3.3575    7.4590    2.6721
    1.0890   -0.3474   -0.5124   -2.4960    0.3026   -4.1156
eta,q 0.98168  5.98983
  0.0189  0.0187  0.0187  0.0192  0.0189  0.0196  0.0189  0.0194  0.0187  0.0189  0.0187  0.0186
  0.0186  0.0185  0.0185  0.0187  0.0186  0.0190  0.0186  0.0188  0.0185  0.0185  0.0185  0.0185
  0.0184  0.0184  0.0184  0.0184  0.0184  0.0186  0.0184  0.0184  0.0184  0.0184  0.0184  0.0183
  0.0183  0.0183  0.0183  0.0183  0.0183  0.0183  0.0183  0.0183  0.0183  0.0183  0.0183  0.0183
  0.0184  0.0184  0.0184  0.0184  0.0184  0.0184  0.0184  0.0184  0.0184  0.0184  0.0184  0.0184
  0.0186  0.0185  0.0185  0.0187  0.0186  0.0187  0.0186  0.0188  0.0185  0.0186  0.0185  0.0185
  0.0190  0.0187  0.0187  0.0192  0.0189  0.0194  0.0189  0.0194  0.0187  0.0189  0.0187  0.0187
niter,ni,del,rscale     1    3    5.0000    0.4000
parameters
   -1.1425  -22.1167   19.5452    3.3388    7.4269    2.7988
    1.0881   -0.3419   -0.5160   -2.5242    0.2883   -4.1221
eta,q 0.98169  5.99105
  0.0187  0.0186  0.0186  0.0189  0.0186  0.0192  0.0187  0.0190  0.0186  0.0187  0.0186  0.0185
  0.0185  0.0184  0.0184  0.0186  0.0185  0.0188  0.0185  0.0186  0.0184  0.0185  0.0184  0.0184
  0.0184  0.0183  0.0183  0.0184  0.0183  0.0185  0.0183  0.0184  0.0183  0.0183  0.0183  0.0183
  0.0183  0.0183  0.0183  0.0183  0.0183  0.0183  0.0183  0.0183  0.0183  0.0183  0.0183  0.0183
  0.0184  0.0183  0.0183  0.0184  0.0184  0.0184  0.0183  0.0184  0.0183  0.0183  0.0183  0.0183
  0.0185  0.0184  0.0184  0.0186  0.0185  0.0186  0.0185  0.0186  0.0184  0.0185  0.0184  0.0184
  0.0187  0.0186  0.0186  0.0189  0.0187  0.0191  0.0187  0.0190  0.0186  0.0187  0.0186  0.0185
registration optimization eta report
parameter search radius
    0.8000    0.8000    0.8000    2.4000    2.4000    2.4000
    2.4000    2.4000    2.4000    2.4000    2.4000    2.4000
100000*second partial in parameter space
       63.       38.       41.       10.        6.       14.
        6.       12.        4.        6.        4.        4.
  0.0187  0.0186  0.0186  0.0189  0.0186  0.0192  0.0187  0.0190  0.0186  0.0187  0.0186  0.0185
  0.0185  0.0184  0.0184  0.0186  0.0185  0.0188  0.0185  0.0186  0.0184  0.0185  0.0184  0.0184
  0.0184  0.0183  0.0183  0.0184  0.0183  0.0185  0.0183  0.0184  0.0183  0.0183  0.0183  0.0183
  0.0183  0.0183  0.0183  0.0183  0.0183  0.0183  0.0183  0.0183  0.0183  0.0183  0.0183  0.0183
  0.0184  0.0183  0.0183  0.0184  0.0184  0.0184  0.0183  0.0184  0.0183  0.0183  0.0183  0.0183
  0.0185  0.0184  0.0184  0.0186  0.0185  0.0186  0.0185  0.0186  0.0184  0.0185  0.0184  0.0184
  0.0187  0.0186  0.0186  0.0189  0.0187  0.0191  0.0187  0.0190  0.0186  0.0187  0.0186  0.0185
   -1.1425  -22.1167   19.5452    3.3388    7.4269    2.7988
    1.0881   -0.3419   -0.5160   -2.5242    0.2883   -4.1221
eta,q 0.98169  5.99105

---------------------------------------------------------------------
compute_vox2vox talsrcimg talsrcimg_to_711-2C_as_mni_average_305_t4 /home/neurosign/Softwares/FreeSurf/fs741/freesurfer/average/711-2C_as_mni_average_305
---------------------------------------------------------------------

freesurfer compute_vox2vox.c
Reading: talsrcimg.4dfp.ifh
Reading: talsrcimg_to_711-2C_as_mni_average_305_t4
Reading: /home/neurosign/Softwares/FreeSurf/fs741/freesurfer/average/711-2C_as_mni_average_305.4dfp.ifh
Writing: talsrcimg_to_711-2C_as_mni_average_305_t4_vox2vox.txt

start time Mon May 11 00:12:52 EEST 2026
end		time Mon May 11 00:13:13 EEST 2026

mpr2mni305 success

avi2talxfm orig_nu.mgz /home/neurosign/Softwares/FreeSurf/fs741/freesurfer/average/mni305.cor.mgz talsrcimg_to_711-2C_as_mni_average_305_t4_vox2vox.txt transforms/talairach.auto.xfm
avi2talxfm done
mv -f /home/neurosign/FS_SUBS_DIR/fs741/NIHPD_75_135/mri/talsrcimg_to_711-2C_as_mni_average_305_t4_vox2vox.txt /home/neurosign/FS_SUBS_DIR/fs741/NIHPD_75_135/mri/transforms/talsrcimg_to_711-2C_as_mni_average_305_t4_vox2vox.txt
lta_convert --src orig_nu.mgz --trg /home/neurosign/Softwares/FreeSurf/fs741/freesurfer/average/mni305.cor.mgz --inxfm transforms/talairach.auto.xfm --outlta transforms/talairach.auto.xfm.lta --subject fsaverage
7.4.1

--src: orig_nu.mgz src image (geometry).
--trg: /home/neurosign/Softwares/FreeSurf/fs741/freesurfer/average/mni305.cor.mgz trg image (geometry).
--inmni: transforms/talairach.auto.xfm input MNI/XFM transform.
--outlta: transforms/talairach.auto.xfm.lta output LTA.
--s: fsaverage subject name
 LTA read, type : 1
 0.96763   0.00298  -0.00969   0.62223;
-0.00253   0.97368   0.03739  -2.03369;
 0.00459   0.02289   0.93170  -0.37811;
 0.00000   0.00000   0.00000   1.00000;
setting subject to fsaverage
Writing  LTA to file transforms/talairach.auto.xfm.lta...
lta_convert successful.
 
 
Started at Mon May 11 00:12:51 EEST 2026
Ended   at Mon May 11 00:13:13 EEST 2026
talairach_avi done
